2019-06-07T06:53:56.898772500+02:00 - Configured for development.
2019-06-07T06:53:56.898772500+02:00 - address: localhost
2019-06-07T06:53:56.898772500+02:00 - port: 8000
2019-06-07T06:53:56.898772500+02:00 - log: normal
2019-06-07T06:53:56.898772500+02:00 - workers: 16
2019-06-07T06:53:56.898772500+02:00 - secret key: generated
2019-06-07T06:53:56.898772500+02:00 - limits: forms = 32KiB
2019-06-07T06:53:56.898772500+02:00 - keep-alive: 5s
2019-06-07T06:53:56.898772500+02:00 - tls: disabled
2019-06-07T06:53:56.899768400+02:00 - Mounting /:
2019-06-07T06:53:56.899768400+02:00 - GET / (index)
2019-06-07T06:53:56.899768400+02:00 - POST /settings (set_all_settings)
2019-06-07T06:53:56.899768400+02:00 - POST /setting (set_single_setting)
2019-06-07T06:53:56.899768400+02:00 - GET /settings (get_all_settings)
2019-06-07T06:53:56.900767600+02:00 - GET /setting/<key> (get_single_setting)
2019-06-07T06:53:56.900767600+02:00 - Mounting /:
2019-06-07T06:53:56.900767600+02:00 - GET / [10]
2019-06-07T06:53:56.900767600+02:00 - GET /<path..> [10]
2019-06-07T06:53:56.901767600+02:00 - Failed to enable live template reloading: entity not found
2019-06-07T06:53:56.902767700+02:00 - Reload error: Io(Os { code: 2, kind: NotFound, message: "The system cannot find the file specified." })
2019-06-07T06:53:56.902767700+02:00 - Live template reloading is unavailable.
2019-06-07T06:53:56.914768200+02:00 - Catchers:
2019-06-07T06:53:56.914768200+02:00 - 404
2019-06-07T06:53:56.914768200+02:00 - Fairings:
2019-06-07T06:53:56.914768200+02:00 - 1 request: Templates
2019-06-07T06:53:56.916768600+02:00 - Running windows loop
2019-06-07T06:53:56.918767800+02:00 - Rocket has launched from http://localhost:8000
2019-06-07T06:53:56.918767800+02:00 - threads = 16
