dll_init!
1418D7EA9: 1 bytes
1418D7EAA: 4 bytes
1418D8115: 24 bytes
1418D812D: 8 bytes
1418D8135: 8 bytes
1418D813D: 2 bytes
1418D813F: 24 bytes
1418D8157: 5 bytes
1418D815C: 1 bytes
1418D815D: 4 bytes
1418D7E97
1418D8115
1418D7EA9
1418D7EAE
[70, 73, 70, 65, 95, 83, 69, 84, 84, 73, 78, 71, 95, 69, 78, 65, 66, 76, 69, 95, 65, 76, 84, 95, 84, 65, 66, 95, 68, 73, 83, 67, 79, 78, 78, 69, 67, 84, 83]
"FIFA_SETTING_ENABLE_ALT_TAB_DISCONNECTS"
1439AD8BF: 1 bytes
1439AD8C0: 4 bytes
1439AD8C4: 1 bytes
extern init call
got event: EVENT_PREGAME_SESSION_ATTRIBUTE_CHANGED / Q=73:IronZyga
got event: EVENT_PREGAME_PLAYER_ATTRIBUTE_CHANGED / R=1;USER_NAME=alexvinh44:IronZyga
got event: EVENT_PREGAME_PLAYER_ATTRIBUTE_CHANGED / R=0;USER_NAME=alexvinh44:IronZyga
got event: EVENT_PREGAME_SESSION_ATTRIBUTE_CHANGED / Q=72:IronZyga
got event: EVENT_PREGAME_PLAYER_ATTRIBUTE_CHANGED / VPRO=18|83|6.200000|0;USER_NAME=smart-german:smart-german
got event: EVENT_PREGAME_PLAYER_ATTRIBUTE_CHANGED / VPRO=25|79|7.600000|0;USER_NAME=alexvinh44:alexvinh44
got event: EVENT_PREGAME_PLAYER_ATTRIBUTE_CHANGED / VPRO=18|81|5.500000|0;USER_NAME=huhug69:huhug69
got event: EVENT_PREGAME_PLAYER_ATTRIBUTE_CHANGED / VPRO=25|91|7.300000|0;USER_NAME=1zmaylov7:1zmaylov7
got event: EVENT_PREGAME_PLAYER_ATTRIBUTE_CHANGED / VPRO=12|91|7.900000|0;USER_NAME=putzus:putzus
got event: EVENT_PREGAME_SESSION_ATTRIBUTE_CHANGED / Q=71:IronZyga
got event: EVENT_PREGAME_SESSION_ATTRIBUTE_CHANGED / Q=70:IronZyga
got event: EVENT_PREGAME_PLAYER_ATTRIBUTE_CHANGED / R=1;USER_NAME=1zmaylov7:IronZyga
got event: EVENT_PREGAME_SESSION_ATTRIBUTE_CHANGED / Q=69:IronZyga
got event: EVENT_PREGAME_SESSION_ATTRIBUTE_CHANGED / Q=68:IronZyga
got event: EVENT_PREGAME_SESSION_ATTRIBUTE_CHANGED / Q=67:IronZyga
got event: EVENT_PREGAME_GROUP_FOR_PLAYER_CHANGED / _GI=0;USER_NAME=teeee2011:IronZyga
got event: EVENT_PREGAME_SESSION_ATTRIBUTE_CHANGED / Q=66:IronZyga
got event: EVENT_PREGAME_PLAYER_ATTRIBUTE_CHANGED / R=1;USER_NAME=teeee2011:IronZyga
got event: EVENT_PREGAME_SESSION_ATTRIBUTE_CHANGED / Q=65:IronZyga
got event: EVENT_PREGAME_PLAYER_ATTRIBUTE_CHANGED / R=1;USER_NAME=alexvinh44:IronZyga
got event: EVENT_PREGAME_SESSION_ATTRIBUTE_CHANGED / Q=64:IronZyga
got event: EVENT_PREGAME_SESSION_ATTRIBUTE_CHANGED / Q=63:IronZyga
got event: EVENT_PREGAME_SESSION_ATTRIBUTE_CHANGED / Q=62:IronZyga
got event: EVENT_PREGAME_PLAYER_ATTRIBUTE_CHANGED / VPRO=25|79|7.600000|0;USER_NAME=alexvinh44:alexvinh44
got event: EVENT_PREGAME_PLAYER_ATTRIBUTE_CHANGED / VPRO=18|81|5.500000|0;USER_NAME=huhug69:huhug69
got event: EVENT_PREGAME_PLAYER_ATTRIBUTE_CHANGED / VPRO=18|83|6.200000|0;USER_NAME=smart-german:smart-german
got event: EVENT_PREGAME_PLAYER_ATTRIBUTE_CHANGED / VPRO=25|91|7.300000|0;USER_NAME=1zmaylov7:1zmaylov7
got event: EVENT_PREGAME_PLAYER_ATTRIBUTE_CHANGED / VPRO=12|91|7.900000|0;USER_NAME=putzus:putzus
got event: EVENT_PREGAME_PLAYER_ATTRIBUTE_CHANGED / VPRO=25|91|7.200000|0;USER_NAME=Dobluth:Dobluth
got event: EVENT_PREGAME_SESSION_ATTRIBUTE_CHANGED / Q=61:IronZyga
got event: EVENT_PREGAME_SESSION_ATTRIBUTE_CHANGED / Q=60:IronZyga
got event: EVENT_PREGAME_GROUP_FOR_PLAYER_CHANGED / _GI=0;USER_NAME=Dobluth:IronZyga
got event: EVENT_PREGAME_PLAYER_ATTRIBUTE_CHANGED / R=0;USER_NAME=alexvinh44:IronZyga
got event: EVENT_PREGAME_SESSION_ATTRIBUTE_CHANGED / Q=59:IronZyga
got event: EVENT_PREGAME_GROUP_FOR_PLAYER_CHANGED / _GI=-1;USER_NAME=Dobluth:IronZyga
got event: EVENT_PREGAME_PLAYER_ATTRIBUTE_CHANGED / R=1;USER_NAME=alexvinh44:IronZyga
got event: EVENT_PREGAME_SESSION_ATTRIBUTE_CHANGED / Q=58:IronZyga
got event: EVENT_PREGAME_GROUP_FOR_PLAYER_CHANGED / _GI=1;USER_NAME=Dobluth:IronZyga
got event: EVENT_PREGAME_SESSION_ATTRIBUTE_CHANGED / Q=57:IronZyga
got event: EVENT_PREGAME_PLAYER_ATTRIBUTE_CHANGED / R=1;USER_NAME=IronZyga:IronZyga
got event: EVENT_PREGAME_SESSION_ATTRIBUTE_CHANGED / Q=56:IronZyga
got event: EVENT_PREGAME_SESSION_ATTRIBUTE_CHANGED / Q=55:IronZyga
got event: EVENT_PREGAME_SESSION_ATTRIBUTE_CHANGED / Q=54:IronZyga
got event: EVENT_PREGAME_SESSION_ATTRIBUTE_CHANGED / Q=53:IronZyga
got event: EVENT_PREGAME_PLAYER_ATTRIBUTE_CHANGED / R=0;USER_NAME=alexvinh44:IronZyga
got event: EVENT_PREGAME_SESSION_ATTRIBUTE_CHANGED / Q=52:IronZyga
got event: EVENT_PREGAME_SESSION_ATTRIBUTE_CHANGED / Q=51:IronZyga
got event: EVENT_PREGAME_PLAYER_ATTRIBUTE_CHANGED / R=1;USER_NAME=alexvinh44:IronZyga
got event: EVENT_PREGAME_SESSION_ATTRIBUTE_CHANGED / Q=50:IronZyga
got event: EVENT_PREGAME_SESSION_ATTRIBUTE_CHANGED / Q=49:IronZyga
got event: EVENT_PREGAME_SESSION_ATTRIBUTE_CHANGED / Q=48:IronZyga
got event: EVENT_PREGAME_PLAYER_ATTRIBUTE_CHANGED / R=1;USER_NAME=smart-german:IronZyga
got event: EVENT_PREGAME_SESSION_ATTRIBUTE_CHANGED / Q=47:IronZyga
got event: EVENT_PREGAME_PLAYER_ATTRIBUTE_CHANGED / R=0;USER_NAME=smart-german:IronZyga
got event: EVENT_PREGAME_SESSION_ATTRIBUTE_CHANGED / Q=46:IronZyga
got event: EVENT_PREGAME_PLAYER_ATTRIBUTE_CHANGED / R=1;USER_NAME=huhug69:IronZyga
got event: EVENT_PREGAME_SESSION_ATTRIBUTE_CHANGED / Q=45:IronZyga
got event: EVENT_PREGAME_SESSION_ATTRIBUTE_CHANGED / Q=44:IronZyga
got event: EVENT_PREGAME_PLAYER_ATTRIBUTE_CHANGED / VPRO=25|79|7.600000|0;USER_NAME=alexvinh44:alexvinh44
got event: EVENT_PREGAME_PLAYER_ATTRIBUTE_CHANGED / VPRO=25|91|7.200000|0;USER_NAME=Dobluth:Dobluth
got event: EVENT_PREGAME_PLAYER_ATTRIBUTE_CHANGED / VPRO=12|91|7.900000|0;USER_NAME=putzus:putzus
got event: EVENT_PREGAME_PLAYER_ATTRIBUTE_CHANGED / VPRO=25|91|7.300000|0;USER_NAME=1zmaylov7:1zmaylov7
got event: EVENT_PREGAME_PLAYER_ATTRIBUTE_CHANGED / VPRO=18|81|5.500000|0;USER_NAME=huhug69:huhug69
got event: EVENT_PREGAME_PLAYER_ATTRIBUTE_CHANGED / VPRO=18|83|6.200000|0;USER_NAME=smart-german:smart-german
got event: EVENT_PREGAME_SESSION_ATTRIBUTE_CHANGED / Q=43:IronZyga
got event: EVENT_PREGAME_PLAYER_ATTRIBUTE_CHANGED / VPRO=10|81|6.600000|1;USER_NAME=Eddric123:Eddric123
got event: EVENT_PREGAME_PLAYER_ATTRIBUTE_CHANGED / VPRO=18|90|6.900000|0;USER_NAME=Alexey77BLR:Alexey77BLR
got event: EVENT_PREGAME_SESSION_ATTRIBUTE_CHANGED / Q=42:IronZyga
got event: EVENT_PREGAME_GROUP_FOR_PLAYER_CHANGED / _GI=1;USER_NAME=Eddric123:IronZyga
got event: EVENT_PREGAME_PLAYER_ATTRIBUTE_CHANGED / R=1;USER_NAME=Dobluth:IronZyga
got event: EVENT_PREGAME_SESSION_ATTRIBUTE_CHANGED / Q=41:IronZyga
got event: EVENT_PREGAME_SESSION_ATTRIBUTE_CHANGED / Q=40:IronZyga
got event: EVENT_PREGAME_GROUP_FOR_PLAYER_CHANGED / _GI=0;USER_NAME=Alexey77BLR:IronZyga
got event: EVENT_PREGAME_SESSION_ATTRIBUTE_CHANGED / Q=39:IronZyga
got event: EVENT_PREGAME_SESSION_ATTRIBUTE_CHANGED / Q=38:IronZyga
got event: EVENT_PREGAME_PLAYER_ATTRIBUTE_CHANGED / R=1;USER_NAME=Eddric123:IronZyga
got event: EVENT_PREGAME_PLAYER_ATTRIBUTE_CHANGED / R=1;USER_NAME=Alexey77BLR:IronZyga
got event: EVENT_PREGAME_SESSION_ATTRIBUTE_CHANGED / Q=37:IronZyga
got event: EVENT_PREGAME_PLAYER_ATTRIBUTE_CHANGED / R=1;USER_NAME=smart-german:IronZyga
got event: EVENT_PREGAME_SESSION_ATTRIBUTE_CHANGED / Q=36:IronZyga
got event: EVENT_PREGAME_SESSION_ATTRIBUTE_CHANGED / Q=35:IronZyga
got event: EVENT_PREGAME_SESSION_ATTRIBUTE_CHANGED / Q=34:IronZyga
got event: EVENT_PREGAME_PLAYER_ATTRIBUTE_CHANGED / R=0;USER_NAME=smart-german:IronZyga
got event: EVENT_PREGAME_SESSION_ATTRIBUTE_CHANGED / Q=33:IronZyga
got event: EVENT_PREGAME_PLAYER_ATTRIBUTE_CHANGED / R=1;USER_NAME=smart-german:IronZyga
got event: EVENT_PREGAME_SESSION_ATTRIBUTE_CHANGED / Q=32:IronZyga
got event: EVENT_PREGAME_PLAYER_ATTRIBUTE_CHANGED / R=0;USER_NAME=alexvinh44:IronZyga
got event: EVENT_PREGAME_PLAYER_ATTRIBUTE_CHANGED / R=1;USER_NAME=alexvinh44:IronZyga
got event: EVENT_PREGAME_SESSION_ATTRIBUTE_CHANGED / Q=31:IronZyga
got event: EVENT_PREGAME_PLAYER_ATTRIBUTE_CHANGED / R=0;USER_NAME=smart-german:IronZyga
got event: EVENT_PREGAME_PLAYER_ATTRIBUTE_CHANGED / R=1;USER_NAME=smart-german:IronZyga
got event: EVENT_PREGAME_SESSION_ATTRIBUTE_CHANGED / Q=30:IronZyga
got event: EVENT_PREGAME_PLAYER_ATTRIBUTE_CHANGED / R=0;USER_NAME=alexvinh44:IronZyga
got event: EVENT_PREGAME_PLAYER_ATTRIBUTE_CHANGED / R=0;USER_NAME=smart-german:IronZyga
got event: EVENT_PREGAME_PLAYER_ATTRIBUTE_CHANGED / R=1;USER_NAME=alexvinh44:IronZyga
got event: EVENT_PREGAME_PLAYER_ATTRIBUTE_CHANGED / R=1;USER_NAME=smart-german:IronZyga
got event: EVENT_PREGAME_PLAYER_ATTRIBUTE_CHANGED / R=0;USER_NAME=alexvinh44:IronZyga
got event: EVENT_PREGAME_SESSION_ATTRIBUTE_CHANGED / Q=29:IronZyga
got event: EVENT_PREGAME_PLAYER_ATTRIBUTE_CHANGED / R=1;USER_NAME=alexvinh44:IronZyga
got event: EVENT_PREGAME_PLAYER_ATTRIBUTE_CHANGED / R=0;USER_NAME=alexvinh44:IronZyga
got event: EVENT_PREGAME_PLAYER_ATTRIBUTE_CHANGED / R=1;USER_NAME=alexvinh44:IronZyga
got event: EVENT_PREGAME_PLAYER_ATTRIBUTE_CHANGED / R=0;USER_NAME=alexvinh44:IronZyga
got event: EVENT_PREGAME_PLAYER_ATTRIBUTE_CHANGED / R=0;USER_NAME=smart-german:IronZyga
got event: EVENT_PREGAME_SESSION_ATTRIBUTE_CHANGED / Q=28:IronZyga
got event: EVENT_PREGAME_PLAYER_ATTRIBUTE_CHANGED / R=1;USER_NAME=alexvinh44:IronZyga
got event: EVENT_PREGAME_PLAYER_ATTRIBUTE_CHANGED / R=1;USER_NAME=smart-german:IronZyga
got event: EVENT_PREGAME_PLAYER_ATTRIBUTE_CHANGED / R=0;USER_NAME=alexvinh44:IronZyga
got event: EVENT_PREGAME_PLAYER_ATTRIBUTE_CHANGED / R=1;USER_NAME=alexvinh44:IronZyga
got event: EVENT_PREGAME_PLAYER_ATTRIBUTE_CHANGED / R=0;USER_NAME=alexvinh44:IronZyga
got event: EVENT_PREGAME_PLAYER_ATTRIBUTE_CHANGED / R=1;USER_NAME=alexvinh44:IronZyga
got event: EVENT_PREGAME_PLAYER_ATTRIBUTE_CHANGED / R=0;USER_NAME=alexvinh44:IronZyga
got event: EVENT_PREGAME_SESSION_ATTRIBUTE_CHANGED / Q=27:IronZyga
got event: EVENT_PREGAME_PLAYER_ATTRIBUTE_CHANGED / R=1;USER_NAME=alexvinh44:IronZyga
got event: EVENT_PREGAME_PLAYER_ATTRIBUTE_CHANGED / R=0;USER_NAME=alexvinh44:IronZyga
got event: EVENT_PREGAME_PLAYER_ATTRIBUTE_CHANGED / R=0;USER_NAME=smart-german:IronZyga
got event: EVENT_PREGAME_PLAYER_ATTRIBUTE_CHANGED / R=1;USER_NAME=alexvinh44:IronZyga
got event: EVENT_PREGAME_PLAYER_ATTRIBUTE_CHANGED / R=0;USER_NAME=alexvinh44:IronZyga
got event: EVENT_PREGAME_PLAYER_ATTRIBUTE_CHANGED / R=1;USER_NAME=alexvinh44:IronZyga
got event: EVENT_PREGAME_PLAYER_ATTRIBUTE_CHANGED / R=0;USER_NAME=alexvinh44:IronZyga
got event: EVENT_PREGAME_PLAYER_ATTRIBUTE_CHANGED / R=1;USER_NAME=alexvinh44:IronZyga
got event: EVENT_PREGAME_SESSION_ATTRIBUTE_CHANGED / Q=26:IronZyga
got event: EVENT_PREGAME_SESSION_ATTRIBUTE_CHANGED / Q=25:IronZyga
got event: EVENT_PREGAME_PLAYER_ATTRIBUTE_CHANGED / R=1;USER_NAME=smart-german:IronZyga
got event: EVENT_PREGAME_SESSION_ATTRIBUTE_CHANGED / Q=24:IronZyga
got event: EVENT_PREGAME_PLAYER_ATTRIBUTE_CHANGED / R=0;USER_NAME=alexvinh44:IronZyga
got event: EVENT_PREGAME_PLAYER_ATTRIBUTE_CHANGED / R=0;USER_NAME=huhug69:IronZyga
got event: EVENT_PREGAME_PLAYER_ATTRIBUTE_CHANGED / R=1;USER_NAME=alexvinh44:IronZyga
got event: EVENT_PREGAME_PLAYER_ATTRIBUTE_CHANGED / R=1;USER_NAME=huhug69:IronZyga
got event: EVENT_PREGAME_SESSION_ATTRIBUTE_CHANGED / Q=23:IronZyga
got event: EVENT_PREGAME_PLAYER_ATTRIBUTE_CHANGED / R=0;USER_NAME=smart-german:IronZyga
got event: EVENT_PREGAME_PLAYER_ATTRIBUTE_CHANGED / R=1;USER_NAME=smart-german:IronZyga
got event: EVENT_PREGAME_PLAYER_ATTRIBUTE_CHANGED / R=0;USER_NAME=alexvinh44:IronZyga
got event: EVENT_PREGAME_PLAYER_ATTRIBUTE_CHANGED / R=0;USER_NAME=huhug69:IronZyga
got event: EVENT_PREGAME_SESSION_ATTRIBUTE_CHANGED / Q=22:IronZyga
got event: EVENT_PREGAME_PLAYER_ATTRIBUTE_CHANGED / R=1;USER_NAME=huhug69:IronZyga
got event: EVENT_PREGAME_PLAYER_ATTRIBUTE_CHANGED / R=1;USER_NAME=alexvinh44:IronZyga
got event: EVENT_PREGAME_PLAYER_ATTRIBUTE_CHANGED / R=0;USER_NAME=alexvinh44:IronZyga
got event: EVENT_PREGAME_PLAYER_ATTRIBUTE_CHANGED / R=1;USER_NAME=alexvinh44:IronZyga
got event: EVENT_PREGAME_SESSION_ATTRIBUTE_CHANGED / Q=21:IronZyga
got event: EVENT_PREGAME_PLAYER_ATTRIBUTE_CHANGED / R=0;USER_NAME=alexvinh44:IronZyga
got event: EVENT_PREGAME_PLAYER_ATTRIBUTE_CHANGED / R=1;USER_NAME=alexvinh44:IronZyga
got event: EVENT_PREGAME_PLAYER_ATTRIBUTE_CHANGED / R=0;USER_NAME=smart-german:IronZyga
got event: EVENT_PREGAME_PLAYER_ATTRIBUTE_CHANGED / R=0;USER_NAME=alexvinh44:IronZyga
got event: EVENT_PREGAME_PLAYER_ATTRIBUTE_CHANGED / R=1;USER_NAME=alexvinh44:IronZyga
got event: EVENT_PREGAME_SESSION_ATTRIBUTE_CHANGED / Q=20:IronZyga
got event: EVENT_PREGAME_PLAYER_ATTRIBUTE_CHANGED / R=1;USER_NAME=smart-german:IronZyga
got event: EVENT_PREGAME_PLAYER_ATTRIBUTE_CHANGED / R=0;USER_NAME=alexvinh44:IronZyga
got event: EVENT_PREGAME_PLAYER_ATTRIBUTE_CHANGED / R=1;USER_NAME=alexvinh44:IronZyga
got event: EVENT_PREGAME_PLAYER_ATTRIBUTE_CHANGED / R=0;USER_NAME=alexvinh44:IronZyga
got event: EVENT_PREGAME_SESSION_ATTRIBUTE_CHANGED / Q=19:IronZyga
got event: EVENT_PREGAME_PLAYER_ATTRIBUTE_CHANGED / R=1;USER_NAME=alexvinh44:IronZyga
got event: EVENT_PREGAME_PLAYER_ATTRIBUTE_CHANGED / R=0;USER_NAME=alexvinh44:IronZyga
got event: EVENT_PREGAME_PLAYER_ATTRIBUTE_CHANGED / R=1;USER_NAME=alexvinh44:IronZyga
got event: EVENT_PREGAME_PLAYER_ATTRIBUTE_CHANGED / R=0;USER_NAME=alexvinh44:IronZyga
got event: EVENT_PREGAME_SESSION_ATTRIBUTE_CHANGED / Q=18:IronZyga
got event: EVENT_PREGAME_PLAYER_ATTRIBUTE_CHANGED / R=1;USER_NAME=alexvinh44:IronZyga
got event: EVENT_PREGAME_PLAYER_ATTRIBUTE_CHANGED / R=0;USER_NAME=alexvinh44:IronZyga
got event: EVENT_PREGAME_PLAYER_ATTRIBUTE_CHANGED / R=1;USER_NAME=alexvinh44:IronZyga
got event: EVENT_PREGAME_PLAYER_ATTRIBUTE_CHANGED / R=0;USER_NAME=smart-german:IronZyga
got event: EVENT_PREGAME_PLAYER_ATTRIBUTE_CHANGED / R=0;USER_NAME=alexvinh44:IronZyga
got event: EVENT_PREGAME_SESSION_ATTRIBUTE_CHANGED / Q=17:IronZyga
got event: EVENT_PREGAME_PLAYER_ATTRIBUTE_CHANGED / R=1;USER_NAME=alexvinh44:IronZyga
got event: EVENT_PREGAME_PLAYER_ATTRIBUTE_CHANGED / R=1;USER_NAME=smart-german:IronZyga
got event: EVENT_PREGAME_PLAYER_ATTRIBUTE_CHANGED / R=0;USER_NAME=alexvinh44:IronZyga
got event: EVENT_PREGAME_PLAYER_ATTRIBUTE_CHANGED / R=1;USER_NAME=alexvinh44:IronZyga
got event: EVENT_PREGAME_PLAYER_ATTRIBUTE_CHANGED / R=0;USER_NAME=smart-german:IronZyga
got event: EVENT_PREGAME_PLAYER_ATTRIBUTE_CHANGED / R=1;USER_NAME=putzus:IronZyga
got event: EVENT_PREGAME_SESSION_ATTRIBUTE_CHANGED / Q=16:IronZyga
got event: EVENT_PREGAME_PLAYER_ATTRIBUTE_CHANGED / R=1;USER_NAME=smart-german:IronZyga
got event: EVENT_PREGAME_SESSION_ATTRIBUTE_CHANGED / Q=-1:IronZyga
got event: EVENT_PREGAME_SESSION_ATTRIBUTE_CHANGED / A=USER_READY:IronZyga
got event: EVENT_PREGAME_PLAYER_ATTRIBUTE_CHANGED / R=0;USER_NAME=IronZyga:IronZyga
got event: EVENT_PREGAME_PLAYER_ATTRIBUTE_CHANGED / R=0;USER_NAME=smart-german:IronZyga
got event: EVENT_PREGAME_PLAYER_ATTRIBUTE_CHANGED / R=0;USER_NAME=1zmaylov7:IronZyga
got event: EVENT_PREGAME_PLAYER_ATTRIBUTE_CHANGED / R=0;USER_NAME=putzus:IronZyga
got event: EVENT_PREGAME_PLAYER_ATTRIBUTE_CHANGED / R=0;USER_NAME=alexvinh44:IronZyga
got event: EVENT_PREGAME_PLAYER_ATTRIBUTE_CHANGED / R=0;USER_NAME=huhug69:IronZyga
got event: EVENT_PREGAME_PLAYER_ATTRIBUTE_CHANGED / R=0;USER_NAME=teeee2011:IronZyga
got event: EVENT_PREGAME_PLAYER_ATTRIBUTE_CHANGED / R=0;USER_NAME=Dobluth:IronZyga
got event: EVENT_PREGAME_PLAYER_ATTRIBUTE_CHANGED / R=0;USER_NAME=Eddric123:IronZyga
got event: EVENT_PREGAME_PLAYER_ATTRIBUTE_CHANGED / R=0;USER_NAME=Alexey77BLR:IronZyga
got event: EVENT_PREGAME_PLAYER_ATTRIBUTE_CHANGED / B=0;USER_NAME=IronZyga:IronZyga
got event: EVENT_PREGAME_PLAYER_ATTRIBUTE_CHANGED / O=0;USER_NAME=IronZyga:IronZyga
got event: EVENT_PREGAME_PLAYER_ATTRIBUTE_CHANGED / O=0;USER_NAME=IronZyga:IronZyga
got event: EVENT_PREGAME_PLAYER_ATTRIBUTE_CHANGED / B=2;USER_NAME=alexvinh44:alexvinh44
got event: EVENT_PREGAME_PLAYER_ATTRIBUTE_CHANGED / O=0;USER_NAME=alexvinh44:alexvinh44
got event: EVENT_PREGAME_PLAYER_ATTRIBUTE_CHANGED / B=3;USER_NAME=Dobluth:Dobluth
got event: EVENT_PREGAME_PLAYER_ATTRIBUTE_CHANGED / B=0;USER_NAME=smart-german:smart-german
got event: EVENT_PREGAME_PLAYER_ATTRIBUTE_CHANGED / O=0;USER_NAME=smart-german:smart-german
got event: EVENT_PREGAME_PLAYER_ATTRIBUTE_CHANGED / B=4;USER_NAME=Alexey77BLR:Alexey77BLR
got event: EVENT_PREGAME_PLAYER_ATTRIBUTE_CHANGED / O=0;USER_NAME=Alexey77BLR:Alexey77BLR
got event: EVENT_PREGAME_PLAYER_ATTRIBUTE_CHANGED / B=2;USER_NAME=huhug69:huhug69
got event: EVENT_PREGAME_PLAYER_ATTRIBUTE_CHANGED / O=0;USER_NAME=huhug69:huhug69
got event: EVENT_PREGAME_PLAYER_ATTRIBUTE_CHANGED / O=0;USER_NAME=Dobluth:Dobluth
got event: EVENT_PREGAME_PLAYER_ATTRIBUTE_CHANGED / O=0;USER_NAME=alexvinh44:alexvinh44
got event: EVENT_PREGAME_PLAYER_ATTRIBUTE_CHANGED / O=0;USER_NAME=huhug69:huhug69
got event: EVENT_PREGAME_PLAYER_ATTRIBUTE_CHANGED / O=0;USER_NAME=Alexey77BLR:Alexey77BLR
got event: EVENT_PREGAME_PLAYER_ATTRIBUTE_CHANGED / O=0;USER_NAME=smart-german:smart-german
got event: EVENT_PREGAME_PLAYER_ATTRIBUTE_CHANGED / O=0;USER_NAME=Dobluth:Dobluth
got event: EVENT_PREGAME_PLAYER_ATTRIBUTE_CHANGED / B=1;USER_NAME=putzus:putzus
got event: EVENT_PREGAME_PLAYER_ATTRIBUTE_CHANGED / O=0;USER_NAME=putzus:putzus
got event: EVENT_PREGAME_PLAYER_ATTRIBUTE_CHANGED / B=1;USER_NAME=1zmaylov7:1zmaylov7
got event: EVENT_PREGAME_PLAYER_ATTRIBUTE_CHANGED / O=0;USER_NAME=1zmaylov7:1zmaylov7
got event: EVENT_PREGAME_PLAYER_ATTRIBUTE_CHANGED / O=0;USER_NAME=putzus:putzus
got event: EVENT_PREGAME_PLAYER_ATTRIBUTE_CHANGED / O=0;USER_NAME=1zmaylov7:1zmaylov7
got event: EVENT_PREGAME_PLAYER_ATTRIBUTE_CHANGED / B=4;USER_NAME=Eddric123:Eddric123
got event: EVENT_PREGAME_PLAYER_ATTRIBUTE_CHANGED / O=0;USER_NAME=Eddric123:Eddric123
got event: EVENT_PREGAME_PLAYER_ATTRIBUTE_CHANGED / O=0;USER_NAME=Eddric123:Eddric123
got event: EVENT_PREGAME_SESSION_ATTRIBUTE_CHANGED / Q=40:IronZyga
got event: EVENT_PREGAME_PLAYER_ATTRIBUTE_CHANGED / O=0;USER_NAME=Alexey77BLR:Alexey77BLR
got event: EVENT_PREGAME_PLAYER_ATTRIBUTE_CHANGED / P=8;USER_NAME=Alexey77BLR:IronZyga
got event: EVENT_PREGAME_PLAYER_ATTRIBUTE_CHANGED / O=0;USER_NAME=Eddric123:Eddric123
got event: EVENT_PREGAME_SESSION_ATTRIBUTE_CHANGED / Q=39:IronZyga
got event: EVENT_PREGAME_PLAYER_ATTRIBUTE_CHANGED / P=6;USER_NAME=Eddric123:IronZyga
got event: EVENT_PREGAME_PLAYER_ATTRIBUTE_CHANGED / R=1;USER_NAME=Alexey77BLR:IronZyga
got event: EVENT_PREGAME_PLAYER_ATTRIBUTE_CHANGED / R=1;USER_NAME=Eddric123:IronZyga
got event: EVENT_PREGAME_PLAYER_ATTRIBUTE_CHANGED / O=0;USER_NAME=smart-german:smart-german
got event: EVENT_PREGAME_PLAYER_ATTRIBUTE_CHANGED / P=8;USER_NAME=smart-german:IronZyga
got event: EVENT_PREGAME_PLAYER_ATTRIBUTE_CHANGED / O=0;USER_NAME=Dobluth:Dobluth
got event: EVENT_PREGAME_PLAYER_ATTRIBUTE_CHANGED / P=10;USER_NAME=Dobluth:IronZyga
got event: EVENT_PREGAME_PLAYER_ATTRIBUTE_CHANGED / R=1;USER_NAME=smart-german:IronZyga
got event: EVENT_PREGAME_PLAYER_ATTRIBUTE_CHANGED / P=11;USER_NAME=teeee2011:IronZyga
got event: EVENT_PREGAME_PLAYER_ATTRIBUTE_CHANGED / R=1;USER_NAME=Dobluth:IronZyga
got event: EVENT_PREGAME_PLAYER_ATTRIBUTE_CHANGED / R=1;USER_NAME=teeee2011:IronZyga
got event: EVENT_PREGAME_SESSION_ATTRIBUTE_CHANGED / Q=38:IronZyga
got event: EVENT_PREGAME_PLAYER_ATTRIBUTE_CHANGED / O=0;USER_NAME=1zmaylov7:1zmaylov7
got event: EVENT_PREGAME_PLAYER_ATTRIBUTE_CHANGED / P=9;USER_NAME=1zmaylov7:IronZyga
got event: EVENT_PREGAME_PLAYER_ATTRIBUTE_CHANGED / R=1;USER_NAME=1zmaylov7:IronZyga
got event: EVENT_PREGAME_SESSION_ATTRIBUTE_CHANGED / Q=37:IronZyga
got event: EVENT_PREGAME_PLAYER_ATTRIBUTE_CHANGED / O=0;USER_NAME=IronZyga:IronZyga
got event: EVENT_PREGAME_PLAYER_ATTRIBUTE_CHANGED / P=10;USER_NAME=IronZyga:IronZyga
got event: EVENT_PREGAME_PLAYER_ATTRIBUTE_CHANGED / R=1;USER_NAME=IronZyga:IronZyga
got event: EVENT_PREGAME_SESSION_ATTRIBUTE_CHANGED / Q=36:IronZyga
got event: EVENT_PREGAME_PLAYER_ATTRIBUTE_CHANGED / O=0;USER_NAME=alexvinh44:alexvinh44
got event: EVENT_PREGAME_PLAYER_ATTRIBUTE_CHANGED / P=11;USER_NAME=alexvinh44:IronZyga
got event: EVENT_PREGAME_PLAYER_ATTRIBUTE_CHANGED / R=1;USER_NAME=alexvinh44:IronZyga
got event: EVENT_PREGAME_PLAYER_ATTRIBUTE_CHANGED / P=-1;USER_NAME=IronZyga:IronZyga
got event: EVENT_PREGAME_PLAYER_ATTRIBUTE_CHANGED / R=0;USER_NAME=IronZyga:IronZyga
got event: EVENT_PREGAME_SESSION_ATTRIBUTE_CHANGED / Q=35:IronZyga
got event: EVENT_PREGAME_PLAYER_ATTRIBUTE_CHANGED / O=0;USER_NAME=huhug69:huhug69
got event: EVENT_PREGAME_PLAYER_ATTRIBUTE_CHANGED / P=7;USER_NAME=huhug69:IronZyga
got event: EVENT_PREGAME_PLAYER_ATTRIBUTE_CHANGED / R=1;USER_NAME=huhug69:IronZyga
got event: EVENT_PREGAME_SESSION_ATTRIBUTE_CHANGED / Q=34:IronZyga
got event: EVENT_PREGAME_SESSION_ATTRIBUTE_CHANGED / Q=33:IronZyga
got event: EVENT_PREGAME_SESSION_ATTRIBUTE_CHANGED / Q=32:IronZyga
got event: EVENT_PREGAME_PLAYER_ATTRIBUTE_CHANGED / O=0;USER_NAME=IronZyga:IronZyga
got event: EVENT_PREGAME_PLAYER_ATTRIBUTE_CHANGED / P=9;USER_NAME=IronZyga:IronZyga
got event: EVENT_PREGAME_PLAYER_ATTRIBUTE_CHANGED / R=1;USER_NAME=IronZyga:IronZyga
got event: EVENT_PREGAME_SESSION_ATTRIBUTE_CHANGED / Q=31:IronZyga
got event: EVENT_PREGAME_SESSION_ATTRIBUTE_CHANGED / Q=30:IronZyga
got event: EVENT_PREGAME_SESSION_ATTRIBUTE_CHANGED / Q=29:IronZyga
got event: EVENT_PREGAME_PLAYER_ATTRIBUTE_CHANGED / O=0;USER_NAME=putzus:putzus
got event: EVENT_PREGAME_PLAYER_ATTRIBUTE_CHANGED / P=10;USER_NAME=putzus:IronZyga
got event: EVENT_PREGAME_PLAYER_ATTRIBUTE_CHANGED / R=1;USER_NAME=putzus:IronZyga
got event: EVENT_PREGAME_SESSION_ATTRIBUTE_CHANGED / Q=-1:IronZyga
got event: EVENT_PREGAME_SESSION_ATTRIBUTE_CHANGED / A=USER_READY:IronZyga
got event: EVENT_PREGAME_PLAYER_ATTRIBUTE_CHANGED / R=0;USER_NAME=IronZyga:IronZyga
got event: EVENT_PREGAME_PLAYER_ATTRIBUTE_CHANGED / R=0;USER_NAME=smart-german:IronZyga
got event: EVENT_PREGAME_PLAYER_ATTRIBUTE_CHANGED / R=0;USER_NAME=1zmaylov7:IronZyga
got event: EVENT_PREGAME_PLAYER_ATTRIBUTE_CHANGED / R=0;USER_NAME=putzus:IronZyga
got event: EVENT_PREGAME_PLAYER_ATTRIBUTE_CHANGED / R=0;USER_NAME=alexvinh44:IronZyga
got event: EVENT_PREGAME_PLAYER_ATTRIBUTE_CHANGED / R=0;USER_NAME=huhug69:IronZyga
got event: EVENT_PREGAME_PLAYER_ATTRIBUTE_CHANGED / R=0;USER_NAME=teeee2011:IronZyga
got event: EVENT_PREGAME_PLAYER_ATTRIBUTE_CHANGED / R=0;USER_NAME=Dobluth:IronZyga
got event: EVENT_PREGAME_PLAYER_ATTRIBUTE_CHANGED / R=0;USER_NAME=Eddric123:IronZyga
got event: EVENT_PREGAME_PLAYER_ATTRIBUTE_CHANGED / R=0;USER_NAME=Alexey77BLR:IronZyga
got event: EVENT_PREGAME_GROUP_ATTRIBUTE_CHANGED / C_0=IronZyga:IronZyga
got event: EVENT_PREGAME_GROUP_ATTRIBUTE_CHANGED / C_1=smart-german:smart-german
got event: EVENT_PREGAME_SESSION_ATTRIBUTE_CHANGED / Q=30:Hamti-Damti02
got event: EVENT_PREGAME_PLAYER_ATTRIBUTE_CHANGED / P=11;USER_NAME=Hamti-Damti02:Hamti-Damti02
got event: EVENT_PREGAME_GROUP_FOR_PLAYER_CHANGED / _GI=0;USER_NAME=Hamti-Damti02:Hamti-Damti02
got event: EVENT_PREGAME_GROUP_ATTRIBUTE_CHANGED / I_0=4134;O_0=FCP;N_0=FC Pokalklauer;Z_0=47:Hamti-Damti02
got event: EVENT_PREGAME_GROUP_ATTRIBUTE_CHANGED / T_0=47:Hamti-Damti02
got event: EVENT_PREGAME_GROUP_ATTRIBUTE_CHANGED / J_0=770048:Hamti-Damti02
got event: EVENT_PREGAME_GROUP_ATTRIBUTE_CHANGED / C_0=Hamti-Damti02:Hamti-Damti02
got event: EVENT_PREGAME_GROUP_ATTRIBUTE_CHANGED / C_0=Hamti-Damti02:Hamti-Damti02
got event: EVENT_PREGAME_ARBITRATOR_IS_READY / _ARDY=1;USER_NAME=Hamti-Damti02:Hamti-Damti02
got event: EVENT_PREGAME_SESSION_ATTRIBUTE_CHANGED / Q=29:Hamti-Damti02
got event: EVENT_PREGAME_PLAYER_ATTRIBUTE_CHANGED / P=8;USER_NAME=FCP-KoraalYT:FCP-KoraalYT
got event: EVENT_PREGAME_PLAYER_ATTRIBUTE_CHANGED / P=10;USER_NAME=Flichs:Flichs
got event: EVENT_PREGAME_GROUP_FOR_PLAYER_CHANGED / _GI=0;USER_NAME=FCP-KoraalYT:Hamti-Damti02
got event: EVENT_PREGAME_PLAYER_ATTRIBUTE_CHANGED / P=10;USER_NAME=MihneaR72:MihneaR72
got event: EVENT_PREGAME_GROUP_FOR_PLAYER_CHANGED / _GI=0;USER_NAME=Flichs:Hamti-Damti02
got event: EVENT_PREGAME_GROUP_FOR_PLAYER_CHANGED / _GI=1;USER_NAME=MihneaR72:Hamti-Damti02
got event: EVENT_PREGAME_PLAYER_ATTRIBUTE_CHANGED / R=1;USER_NAME=Hamti-Damti02:Hamti-Damti02
got event: EVENT_PREGAME_GROUP_FOR_PLAYER_CHANGED / _GI=1;USER_NAME=teeee2011:Hamti-Damti02
got event: EVENT_PREGAME_GROUP_ATTRIBUTE_CHANGED / I_1=822;O_1=HLK;N_1=Hulkfc;Z_1=9:MihneaR72
got event: EVENT_PREGAME_GROUP_ATTRIBUTE_CHANGED / T_1=9:Hamti-Damti02
got event: EVENT_PREGAME_GROUP_ATTRIBUTE_CHANGED / J_1=147457:Hamti-Damti02
got event: EVENT_PREGAME_GROUP_ATTRIBUTE_CHANGED / C_1=MihneaR72:Hamti-Damti02
got event: EVENT_PREGAME_GROUP_ATTRIBUTE_CHANGED / C_1=MihneaR72:Hamti-Damti02
got event: EVENT_PREGAME_PLAYER_ATTRIBUTE_CHANGED / R=1;USER_NAME=Flichs:Hamti-Damti02
got event: EVENT_PREGAME_PLAYER_ATTRIBUTE_CHANGED / R=1;USER_NAME=FCP-KoraalYT:Hamti-Damti02
got event: EVENT_PREGAME_PLAYER_ATTRIBUTE_CHANGED / R=1;USER_NAME=MihneaR72:Hamti-Damti02
got event: EVENT_PREGAME_PLAYER_ATTRIBUTE_CHANGED / R=1;USER_NAME=teeee2011:Hamti-Damti02
got event: EVENT_PREGAME_SESSION_ATTRIBUTE_CHANGED / Q=-1:Hamti-Damti02
got event: EVENT_PREGAME_SESSION_ATTRIBUTE_CHANGED / A=USER_READY:Hamti-Damti02
got event: EVENT_PREGAME_PLAYER_ATTRIBUTE_CHANGED / R=0;USER_NAME=Hamti-Damti02:Hamti-Damti02
got event: EVENT_PREGAME_PLAYER_ATTRIBUTE_CHANGED / R=0;USER_NAME=FCP-KoraalYT:Hamti-Damti02
got event: EVENT_PREGAME_PLAYER_ATTRIBUTE_CHANGED / R=0;USER_NAME=Flichs:Hamti-Damti02
got event: EVENT_PREGAME_PLAYER_ATTRIBUTE_CHANGED / R=0;USER_NAME=MihneaR72:Hamti-Damti02
got event: EVENT_PREGAME_PLAYER_ATTRIBUTE_CHANGED / R=0;USER_NAME=teeee2011:Hamti-Damti02
got event: EVENT_PREGAME_PLAYER_ATTRIBUTE_CHANGED / B=0;USER_NAME=Hamti-Damti02:Hamti-Damti02
got event: EVENT_PREGAME_PLAYER_ATTRIBUTE_CHANGED / O=0;USER_NAME=Hamti-Damti02:Hamti-Damti02
got event: EVENT_PREGAME_PLAYER_ATTRIBUTE_CHANGED / B=2;USER_NAME=Flichs:Flichs
got event: EVENT_PREGAME_PLAYER_ATTRIBUTE_CHANGED / O=0;USER_NAME=Flichs:Flichs
got event: EVENT_PREGAME_PLAYER_ATTRIBUTE_CHANGED / B=1;USER_NAME=FCP-KoraalYT:FCP-KoraalYT
got event: EVENT_PREGAME_PLAYER_ATTRIBUTE_CHANGED / O=0;USER_NAME=FCP-KoraalYT:FCP-KoraalYT
got event: EVENT_PREGAME_PLAYER_ATTRIBUTE_CHANGED / B=0;USER_NAME=MihneaR72:MihneaR72
got event: EVENT_PREGAME_PLAYER_ATTRIBUTE_CHANGED / O=0;USER_NAME=MihneaR72:MihneaR72
got event: EVENT_PREGAME_SESSION_ATTRIBUTE_CHANGED / Q=30:MihneaR72
got event: EVENT_PREGAME_PLAYER_ATTRIBUTE_CHANGED / P=11;USER_NAME=MihneaR72:MihneaR72
got event: EVENT_PREGAME_GROUP_FOR_PLAYER_CHANGED / _GI=0;USER_NAME=MihneaR72:MihneaR72
got event: EVENT_PREGAME_GROUP_ATTRIBUTE_CHANGED / I_0=822;O_0=HLK;N_0=Hulkfc;Z_0=9:MihneaR72
got event: EVENT_PREGAME_GROUP_ATTRIBUTE_CHANGED / T_0=9:MihneaR72
got event: EVENT_PREGAME_GROUP_ATTRIBUTE_CHANGED / J_0=147456:MihneaR72
got event: EVENT_PREGAME_GROUP_ATTRIBUTE_CHANGED / C_0=MihneaR72:MihneaR72
got event: EVENT_PREGAME_GROUP_ATTRIBUTE_CHANGED / C_0=MihneaR72:MihneaR72
got event: EVENT_PREGAME_ARBITRATOR_IS_READY / _ARDY=1;USER_NAME=MihneaR72:MihneaR72
got event: EVENT_PREGAME_SESSION_ATTRIBUTE_CHANGED / Q=29:MihneaR72
got event: EVENT_PREGAME_PLAYER_ATTRIBUTE_CHANGED / P=11;USER_NAME=KaMyL2:KaMyL2
got event: EVENT_PREGAME_GROUP_FOR_PLAYER_CHANGED / _GI=0;USER_NAME=teeee2011:MihneaR72
got event: EVENT_PREGAME_PLAYER_ATTRIBUTE_CHANGED / R=1;USER_NAME=MihneaR72:MihneaR72
got event: EVENT_PREGAME_GROUP_FOR_PLAYER_CHANGED / _GI=1;USER_NAME=KaMyL2:MihneaR72
got event: EVENT_PREGAME_PLAYER_ATTRIBUTE_CHANGED / P=9;USER_NAME=CzaBo5:CzaBo5
got event: EVENT_PREGAME_PLAYER_ATTRIBUTE_CHANGED / P=10;USER_NAME=JeBudSu:JeBudSu
got event: EVENT_PREGAME_GROUP_FOR_PLAYER_CHANGED / _GI=1;USER_NAME=CzaBo5:MihneaR72
got event: EVENT_PREGAME_PLAYER_ATTRIBUTE_CHANGED / P=8;USER_NAME=Rudnieev:Rudnieev
got event: EVENT_PREGAME_GROUP_FOR_PLAYER_CHANGED / _GI=1;USER_NAME=JeBudSu:MihneaR72
got event: EVENT_PREGAME_GROUP_ATTRIBUTE_CHANGED / I_1=5256;O_1=ZKS;N_1=Biedroneczki;Z_1=1569:KaMyL2
got event: EVENT_PREGAME_PLAYER_ATTRIBUTE_CHANGED / R=1;USER_NAME=teeee2011:MihneaR72
got event: EVENT_PREGAME_GROUP_FOR_PLAYER_CHANGED / _GI=1;USER_NAME=Rudnieev:MihneaR72
got event: EVENT_PREGAME_GROUP_ATTRIBUTE_CHANGED / T_1=1569:MihneaR72
got event: EVENT_PREGAME_GROUP_ATTRIBUTE_CHANGED / J_1=25706497:MihneaR72
got event: EVENT_PREGAME_GROUP_ATTRIBUTE_CHANGED / C_1=KaMyL2:MihneaR72
got event: EVENT_PREGAME_GROUP_ATTRIBUTE_CHANGED / C_1=KaMyL2:MihneaR72
got event: EVENT_PREGAME_PLAYER_ATTRIBUTE_CHANGED / R=1;USER_NAME=KaMyL2:MihneaR72
got event: EVENT_PREGAME_PLAYER_ATTRIBUTE_CHANGED / R=1;USER_NAME=JeBudSu:MihneaR72
got event: EVENT_PREGAME_PLAYER_ATTRIBUTE_CHANGED / R=1;USER_NAME=CzaBo5:MihneaR72
got event: EVENT_PREGAME_PLAYER_ATTRIBUTE_CHANGED / R=1;USER_NAME=Rudnieev:MihneaR72
got event: EVENT_PREGAME_SESSION_ATTRIBUTE_CHANGED / Q=-1:MihneaR72
got event: EVENT_PREGAME_SESSION_ATTRIBUTE_CHANGED / A=USER_READY:MihneaR72
got event: EVENT_PREGAME_PLAYER_ATTRIBUTE_CHANGED / R=0;USER_NAME=MihneaR72:MihneaR72
got event: EVENT_PREGAME_PLAYER_ATTRIBUTE_CHANGED / R=0;USER_NAME=teeee2011:MihneaR72
got event: EVENT_PREGAME_PLAYER_ATTRIBUTE_CHANGED / R=0;USER_NAME=KaMyL2:MihneaR72
got event: EVENT_PREGAME_PLAYER_ATTRIBUTE_CHANGED / R=0;USER_NAME=Rudnieev:MihneaR72
got event: EVENT_PREGAME_PLAYER_ATTRIBUTE_CHANGED / R=0;USER_NAME=CzaBo5:MihneaR72
got event: EVENT_PREGAME_PLAYER_ATTRIBUTE_CHANGED / R=0;USER_NAME=JeBudSu:MihneaR72
got event: EVENT_PREGAME_PLAYER_ATTRIBUTE_CHANGED / B=0;USER_NAME=MihneaR72:MihneaR72
got event: EVENT_PREGAME_PLAYER_ATTRIBUTE_CHANGED / O=0;USER_NAME=MihneaR72:MihneaR72
got event: EVENT_PREGAME_PLAYER_ATTRIBUTE_CHANGED / B=2;USER_NAME=JeBudSu:JeBudSu
got event: EVENT_PREGAME_PLAYER_ATTRIBUTE_CHANGED / O=0;USER_NAME=JeBudSu:JeBudSu
got event: EVENT_PREGAME_PLAYER_ATTRIBUTE_CHANGED / B=0;USER_NAME=KaMyL2:KaMyL2
got event: EVENT_PREGAME_PLAYER_ATTRIBUTE_CHANGED / B=1;USER_NAME=CzaBo5:CzaBo5
got event: EVENT_PREGAME_PLAYER_ATTRIBUTE_CHANGED / O=4;USER_NAME=KaMyL2:KaMyL2
got event: EVENT_PREGAME_PLAYER_ATTRIBUTE_CHANGED / O=0;USER_NAME=CzaBo5:CzaBo5
got event: EVENT_PREGAME_PLAYER_ATTRIBUTE_CHANGED / B=3;USER_NAME=Rudnieev:Rudnieev
got event: EVENT_PREGAME_PLAYER_ATTRIBUTE_CHANGED / O=4;USER_NAME=Rudnieev:Rudnieev
got event: EVENT_PREGAME_SESSION_ATTRIBUTE_CHANGED / Q=30:MS-Burak
got event: EVENT_PREGAME_PLAYER_ATTRIBUTE_CHANGED / P=7;USER_NAME=MS-Burak:MS-Burak
got event: EVENT_PREGAME_GROUP_FOR_PLAYER_CHANGED / _GI=0;USER_NAME=MS-Burak:MS-Burak
got event: EVENT_PREGAME_GROUP_ATTRIBUTE_CHANGED / I_0=4278;O_0=MS;N_0=MoonStar;Z_0=245:MS-Burak
got event: EVENT_PREGAME_GROUP_ATTRIBUTE_CHANGED / T_0=245:MS-Burak
got event: EVENT_PREGAME_GROUP_ATTRIBUTE_CHANGED / J_0=4014080:MS-Burak
got event: EVENT_PREGAME_GROUP_ATTRIBUTE_CHANGED / C_0=MS-Burak:MS-Burak
got event: EVENT_PREGAME_GROUP_ATTRIBUTE_CHANGED / C_0=MS-Burak:MS-Burak
got event: EVENT_PREGAME_ARBITRATOR_IS_READY / _ARDY=1;USER_NAME=MS-Burak:MS-Burak
got event: EVENT_PREGAME_SESSION_ATTRIBUTE_CHANGED / Q=29:MS-Burak
got event: EVENT_PREGAME_PLAYER_ATTRIBUTE_CHANGED / P=10;USER_NAME=MS-Caner:MS-Caner
got event: EVENT_PREGAME_PLAYER_ATTRIBUTE_CHANGED / P=9;USER_NAME=MS-Muro38cCc:MS-Muro38cCc
got event: EVENT_PREGAME_PLAYER_ATTRIBUTE_CHANGED / P=11;USER_NAME=MihneaR72:MihneaR72
got event: EVENT_PREGAME_PLAYER_ATTRIBUTE_CHANGED / P=11;USER_NAME=MS-Cantug:MS-Cantug
got event: EVENT_PREGAME_PLAYER_ATTRIBUTE_CHANGED / P=8;USER_NAME=MS-Bekir:MS-Bekir
got event: EVENT_PREGAME_GROUP_FOR_PLAYER_CHANGED / _GI=0;USER_NAME=MS-Caner:MS-Burak
got event: EVENT_PREGAME_GROUP_FOR_PLAYER_CHANGED / _GI=0;USER_NAME=MS-Muro38cCc:MS-Burak
got event: EVENT_PREGAME_GROUP_FOR_PLAYER_CHANGED / _GI=1;USER_NAME=teeee2011:MS-Burak
got event: EVENT_PREGAME_GROUP_FOR_PLAYER_CHANGED / _GI=1;USER_NAME=MihneaR72:MS-Burak
got event: EVENT_PREGAME_GROUP_FOR_PLAYER_CHANGED / _GI=0;USER_NAME=MS-Cantug:MS-Burak
got event: EVENT_PREGAME_GROUP_FOR_PLAYER_CHANGED / _GI=0;USER_NAME=MS-Bekir:MS-Burak
got event: EVENT_PREGAME_PLAYER_ATTRIBUTE_CHANGED / R=1;USER_NAME=MS-Burak:MS-Burak
got event: EVENT_PREGAME_GROUP_ATTRIBUTE_CHANGED / T_1=9:MS-Burak
got event: EVENT_PREGAME_GROUP_ATTRIBUTE_CHANGED / J_1=147457:MS-Burak
got event: EVENT_PREGAME_GROUP_ATTRIBUTE_CHANGED / C_1=MihneaR72:MS-Burak
got event: EVENT_PREGAME_GROUP_ATTRIBUTE_CHANGED / C_1=MihneaR72:MS-Burak
got event: EVENT_PREGAME_PLAYER_ATTRIBUTE_CHANGED / R=1;USER_NAME=teeee2011:MS-Burak
got event: EVENT_PREGAME_PLAYER_ATTRIBUTE_CHANGED / R=1;USER_NAME=MS-Bekir:MS-Burak
got event: EVENT_PREGAME_PLAYER_ATTRIBUTE_CHANGED / R=1;USER_NAME=MS-Caner:MS-Burak
got event: EVENT_PREGAME_PLAYER_ATTRIBUTE_CHANGED / R=1;USER_NAME=MS-Muro38cCc:MS-Burak
got event: EVENT_PREGAME_PLAYER_ATTRIBUTE_CHANGED / R=1;USER_NAME=MS-Cantug:MS-Burak
got event: EVENT_PREGAME_SESSION_ATTRIBUTE_CHANGED / Q=28:MS-Burak
got event: EVENT_PREGAME_SESSION_ATTRIBUTE_CHANGED / Q=27:MS-Burak
got event: EVENT_PREGAME_SESSION_ATTRIBUTE_CHANGED / Q=26:MS-Burak
got event: EVENT_PREGAME_SESSION_ATTRIBUTE_CHANGED / Q=25:MS-Burak
got event: EVENT_PREGAME_SESSION_ATTRIBUTE_CHANGED / Q=24:MS-Burak
got event: EVENT_PREGAME_SESSION_ATTRIBUTE_CHANGED / Q=23:MS-Burak
got event: EVENT_PREGAME_SESSION_ATTRIBUTE_CHANGED / Q=22:MS-Burak
got event: EVENT_PREGAME_SESSION_ATTRIBUTE_CHANGED / Q=21:MS-Burak
got event: EVENT_PREGAME_SESSION_ATTRIBUTE_CHANGED / Q=20:MS-Burak
got event: EVENT_PREGAME_SESSION_ATTRIBUTE_CHANGED / Q=19:MS-Burak
got event: EVENT_PREGAME_SESSION_ATTRIBUTE_CHANGED / Q=18:MS-Burak
got event: EVENT_PREGAME_SESSION_ATTRIBUTE_CHANGED / Q=17:MS-Burak
got event: EVENT_PREGAME_SESSION_ATTRIBUTE_CHANGED / Q=16:MS-Burak
got event: EVENT_PREGAME_SESSION_ATTRIBUTE_CHANGED / Q=15:MS-Burak
got event: EVENT_PREGAME_SESSION_ATTRIBUTE_CHANGED / Q=14:MS-Burak
got event: EVENT_PREGAME_SESSION_ATTRIBUTE_CHANGED / Q=13:MS-Burak
got event: EVENT_PREGAME_SESSION_ATTRIBUTE_CHANGED / Q=12:MS-Burak
got event: EVENT_PREGAME_SESSION_ATTRIBUTE_CHANGED / Q=11:MS-Burak
got event: EVENT_PREGAME_SESSION_ATTRIBUTE_CHANGED / Q=10:MS-Burak
got event: EVENT_PREGAME_SESSION_ATTRIBUTE_CHANGED / Q=9:MS-Burak
got event: EVENT_PREGAME_SESSION_ATTRIBUTE_CHANGED / Q=8:MS-Burak
got event: EVENT_PREGAME_SESSION_ATTRIBUTE_CHANGED / Q=7:MS-Burak
got event: EVENT_PREGAME_SESSION_ATTRIBUTE_CHANGED / Q=6:MS-Burak
got event: EVENT_PREGAME_SESSION_ATTRIBUTE_CHANGED / Q=5:MS-Burak
got event: EVENT_PREGAME_SESSION_ATTRIBUTE_CHANGED / Q=4:MS-Burak
got event: EVENT_PREGAME_SESSION_ATTRIBUTE_CHANGED / Q=3:MS-Burak
got event: EVENT_PREGAME_SESSION_ATTRIBUTE_CHANGED / Q=2:MS-Burak
got event: EVENT_PREGAME_SESSION_ATTRIBUTE_CHANGED / Q=1:MS-Burak
got event: EVENT_PREGAME_SESSION_ATTRIBUTE_CHANGED / Q=-1:MS-Burak
got event: EVENT_PREGAME_SESSION_ATTRIBUTE_CHANGED / A=TIMER_EXPIRE:MS-Burak
got event: EVENT_PREGAME_PLAYER_ATTRIBUTE_CHANGED / R=0;USER_NAME=MS-Burak:MS-Burak
got event: EVENT_PREGAME_PLAYER_ATTRIBUTE_CHANGED / R=0;USER_NAME=MS-Caner:MS-Burak
got event: EVENT_PREGAME_PLAYER_ATTRIBUTE_CHANGED / R=0;USER_NAME=MS-Muro38cCc:MS-Burak
got event: EVENT_PREGAME_PLAYER_ATTRIBUTE_CHANGED / R=0;USER_NAME=MS-Cantug:MS-Burak
got event: EVENT_PREGAME_PLAYER_ATTRIBUTE_CHANGED / R=0;USER_NAME=MS-Bekir:MS-Burak
got event: EVENT_PREGAME_PLAYER_ATTRIBUTE_CHANGED / R=0;USER_NAME=teeee2011:MS-Burak
got event: EVENT_PREGAME_PLAYER_ATTRIBUTE_CHANGED / B=0;USER_NAME=MS-Burak:MS-Burak
got event: EVENT_PREGAME_PLAYER_ATTRIBUTE_CHANGED / O=0;USER_NAME=MS-Burak:MS-Burak
got event: EVENT_PREGAME_PLAYER_ATTRIBUTE_CHANGED / B=1;USER_NAME=MihneaR72:MihneaR72
got event: EVENT_PREGAME_PLAYER_ATTRIBUTE_CHANGED / O=0;USER_NAME=MihneaR72:MihneaR72
got event: EVENT_PREGAME_PLAYER_ATTRIBUTE_CHANGED / B=4;USER_NAME=MS-Bekir:MS-Bekir
got event: EVENT_PREGAME_PLAYER_ATTRIBUTE_CHANGED / O=0;USER_NAME=MS-Bekir:MS-Bekir
got event: EVENT_PREGAME_PLAYER_ATTRIBUTE_CHANGED / B=1;USER_NAME=MS-Caner:MS-Caner
got event: EVENT_PREGAME_PLAYER_ATTRIBUTE_CHANGED / O=0;USER_NAME=MS-Caner:MS-Caner
got event: EVENT_PREGAME_PLAYER_ATTRIBUTE_CHANGED / B=2;USER_NAME=MS-Muro38cCc:MS-Muro38cCc
got event: EVENT_PREGAME_PLAYER_ATTRIBUTE_CHANGED / B=3;USER_NAME=MS-Cantug:MS-Cantug
got event: EVENT_PREGAME_PLAYER_ATTRIBUTE_CHANGED / O=0;USER_NAME=MS-Cantug:MS-Cantug
got event: EVENT_PREGAME_PLAYER_ATTRIBUTE_CHANGED / O=0;USER_NAME=MS-Muro38cCc:MS-Muro38cCc
got event: EVENT_PREGAME_SESSION_ATTRIBUTE_CHANGED / Q=30:TSV-Rolexium
got event: EVENT_PREGAME_PLAYER_ATTRIBUTE_CHANGED / P=10;USER_NAME=TSV-Rolexium:TSV-Rolexium
got event: EVENT_PREGAME_GROUP_FOR_PLAYER_CHANGED / _GI=0;USER_NAME=TSV-Rolexium:TSV-Rolexium
got event: EVENT_PREGAME_GROUP_ATTRIBUTE_CHANGED / I_0=1621;O_0=TSV;N_0=TSV  Underdogs;Z_0=1387:TSV-Rolexium
got event: EVENT_PREGAME_GROUP_ATTRIBUTE_CHANGED / T_0=1387:TSV-Rolexium
got event: EVENT_PREGAME_GROUP_ATTRIBUTE_CHANGED / J_0=22724608:TSV-Rolexium
got event: EVENT_PREGAME_GROUP_ATTRIBUTE_CHANGED / C_0=TSV-Rolexium:TSV-Rolexium
got event: EVENT_PREGAME_GROUP_ATTRIBUTE_CHANGED / C_0=TSV-Rolexium:TSV-Rolexium
got event: EVENT_PREGAME_ARBITRATOR_IS_READY / _ARDY=1;USER_NAME=TSV-Rolexium:TSV-Rolexium
got event: EVENT_PREGAME_SESSION_ATTRIBUTE_CHANGED / Q=29:TSV-Rolexium
got event: EVENT_PREGAME_PLAYER_ATTRIBUTE_CHANGED / P=9;USER_NAME=TSV_Backpass:TSV_Backpass
got event: EVENT_PREGAME_PLAYER_ATTRIBUTE_CHANGED / P=7;USER_NAME=InFews:InFews
got event: EVENT_PREGAME_PLAYER_ATTRIBUTE_CHANGED / P=8;USER_NAME=DMK-neurofunk74:DMK-neurofunk74
got event: EVENT_PREGAME_GROUP_FOR_PLAYER_CHANGED / _GI=0;USER_NAME=TSV_Backpass:TSV-Rolexium
got event: EVENT_PREGAME_GROUP_FOR_PLAYER_CHANGED / _GI=0;USER_NAME=InFews:TSV-Rolexium
got event: EVENT_PREGAME_PLAYER_ATTRIBUTE_CHANGED / P=1;USER_NAME=TSV-Cup0fRice:TSV-Cup0fRice
got event: EVENT_PREGAME_PLAYER_ATTRIBUTE_CHANGED / P=10;USER_NAME=demomartin:demomartin
got event: EVENT_PREGAME_PLAYER_ATTRIBUTE_CHANGED / P=11;USER_NAME=TSV-Empire:TSV-Empire
got event: EVENT_PREGAME_GROUP_FOR_PLAYER_CHANGED / _GI=0;USER_NAME=DMK-neurofunk74:TSV-Rolexium
got event: EVENT_PREGAME_PLAYER_ATTRIBUTE_CHANGED / P=11;USER_NAME=CucoLebron:CucoLebron
got event: EVENT_PREGAME_GROUP_FOR_PLAYER_CHANGED / _GI=1;USER_NAME=teeee2011:TSV-Rolexium
got event: EVENT_PREGAME_GROUP_FOR_PLAYER_CHANGED / _GI=0;USER_NAME=TSV-Cup0fRice:TSV-Rolexium
got event: EVENT_PREGAME_GROUP_FOR_PLAYER_CHANGED / _GI=1;USER_NAME=demomartin:TSV-Rolexium
got event: EVENT_PREGAME_GROUP_FOR_PLAYER_CHANGED / _GI=0;USER_NAME=TSV-Empire:TSV-Rolexium
got event: EVENT_PREGAME_PLAYER_ATTRIBUTE_CHANGED / R=1;USER_NAME=TSV-Rolexium:TSV-Rolexium
got event: EVENT_PREGAME_GROUP_FOR_PLAYER_CHANGED / _GI=1;USER_NAME=CucoLebron:TSV-Rolexium
got event: EVENT_PREGAME_GROUP_ATTRIBUTE_CHANGED / T_1=9:TSV-Rolexium
got event: EVENT_PREGAME_GROUP_ATTRIBUTE_CHANGED / J_1=147457:TSV-Rolexium
got event: EVENT_PREGAME_GROUP_ATTRIBUTE_CHANGED / C_1=demomartin:TSV-Rolexium
got event: EVENT_PREGAME_GROUP_ATTRIBUTE_CHANGED / C_1=demomartin:TSV-Rolexium
got event: EVENT_PREGAME_PLAYER_ATTRIBUTE_CHANGED / R=1;USER_NAME=TSV_Backpass:TSV-Rolexium
got event: EVENT_PREGAME_PLAYER_ATTRIBUTE_CHANGED / R=1;USER_NAME=teeee2011:TSV-Rolexium
got event: EVENT_PREGAME_PLAYER_ATTRIBUTE_CHANGED / R=1;USER_NAME=DMK-neurofunk74:TSV-Rolexium
got event: EVENT_PREGAME_PLAYER_ATTRIBUTE_CHANGED / R=1;USER_NAME=InFews:TSV-Rolexium
got event: EVENT_PREGAME_PLAYER_ATTRIBUTE_CHANGED / R=1;USER_NAME=TSV-Empire:TSV-Rolexium
got event: EVENT_PREGAME_PLAYER_ATTRIBUTE_CHANGED / R=1;USER_NAME=TSV-Cup0fRice:TSV-Rolexium
got event: EVENT_PREGAME_SESSION_ATTRIBUTE_CHANGED / Q=28:TSV-Rolexium
got event: EVENT_PREGAME_SESSION_ATTRIBUTE_CHANGED / Q=27:TSV-Rolexium
got event: EVENT_PREGAME_SESSION_ATTRIBUTE_CHANGED / Q=26:TSV-Rolexium
got event: EVENT_PREGAME_SESSION_ATTRIBUTE_CHANGED / Q=25:TSV-Rolexium
got event: EVENT_PREGAME_SESSION_ATTRIBUTE_CHANGED / Q=24:TSV-Rolexium
got event: EVENT_PREGAME_SESSION_ATTRIBUTE_CHANGED / Q=23:TSV-Rolexium
got event: EVENT_PREGAME_SESSION_ATTRIBUTE_CHANGED / Q=22:TSV-Rolexium
got event: EVENT_PREGAME_SESSION_ATTRIBUTE_CHANGED / Q=21:TSV-Rolexium
got event: EVENT_PREGAME_SESSION_ATTRIBUTE_CHANGED / Q=20:TSV-Rolexium
got event: EVENT_PREGAME_SESSION_ATTRIBUTE_CHANGED / Q=19:TSV-Rolexium
got event: EVENT_PREGAME_SESSION_ATTRIBUTE_CHANGED / Q=18:TSV-Rolexium
got event: EVENT_PREGAME_SESSION_ATTRIBUTE_CHANGED / Q=17:TSV-Rolexium
got event: EVENT_PREGAME_SESSION_ATTRIBUTE_CHANGED / Q=16:TSV-Rolexium
got event: EVENT_PREGAME_SESSION_ATTRIBUTE_CHANGED / Q=15:TSV-Rolexium
got event: EVENT_PREGAME_SESSION_ATTRIBUTE_CHANGED / Q=14:TSV-Rolexium
got event: EVENT_PREGAME_SESSION_ATTRIBUTE_CHANGED / Q=13:TSV-Rolexium
got event: EVENT_PREGAME_SESSION_ATTRIBUTE_CHANGED / Q=12:TSV-Rolexium
got event: EVENT_PREGAME_SESSION_ATTRIBUTE_CHANGED / Q=11:TSV-Rolexium
got event: EVENT_PREGAME_SESSION_ATTRIBUTE_CHANGED / Q=10:TSV-Rolexium
got event: EVENT_PREGAME_SESSION_ATTRIBUTE_CHANGED / Q=9:TSV-Rolexium
got event: EVENT_PREGAME_SESSION_ATTRIBUTE_CHANGED / Q=8:TSV-Rolexium
got event: EVENT_PREGAME_SESSION_ATTRIBUTE_CHANGED / Q=7:TSV-Rolexium
got event: EVENT_PREGAME_SESSION_ATTRIBUTE_CHANGED / Q=6:TSV-Rolexium
got event: EVENT_PREGAME_SESSION_ATTRIBUTE_CHANGED / Q=5:TSV-Rolexium
got event: EVENT_PREGAME_SESSION_ATTRIBUTE_CHANGED / Q=4:TSV-Rolexium
got event: EVENT_PREGAME_SESSION_ATTRIBUTE_CHANGED / Q=3:TSV-Rolexium
got event: EVENT_PREGAME_SESSION_ATTRIBUTE_CHANGED / Q=2:TSV-Rolexium
got event: EVENT_PREGAME_SESSION_ATTRIBUTE_CHANGED / Q=1:TSV-Rolexium
got event: EVENT_PREGAME_SESSION_ATTRIBUTE_CHANGED / Q=-1:TSV-Rolexium
got event: EVENT_PREGAME_SESSION_ATTRIBUTE_CHANGED / A=TIMER_EXPIRE:TSV-Rolexium
got event: EVENT_PREGAME_PLAYER_ATTRIBUTE_CHANGED / R=0;USER_NAME=TSV-Rolexium:TSV-Rolexium
got event: EVENT_PREGAME_PLAYER_ATTRIBUTE_CHANGED / R=0;USER_NAME=TSV_Backpass:TSV-Rolexium
got event: EVENT_PREGAME_PLAYER_ATTRIBUTE_CHANGED / R=0;USER_NAME=InFews:TSV-Rolexium
got event: EVENT_PREGAME_PLAYER_ATTRIBUTE_CHANGED / R=0;USER_NAME=DMK-neurofunk74:TSV-Rolexium
got event: EVENT_PREGAME_PLAYER_ATTRIBUTE_CHANGED / R=0;USER_NAME=TSV-Cup0fRice:TSV-Rolexium
got event: EVENT_PREGAME_PLAYER_ATTRIBUTE_CHANGED / R=0;USER_NAME=TSV-Empire:TSV-Rolexium
got event: EVENT_PREGAME_PLAYER_ATTRIBUTE_CHANGED / R=0;USER_NAME=teeee2011:TSV-Rolexium
got event: EVENT_PREGAME_PLAYER_ATTRIBUTE_CHANGED / B=0;USER_NAME=TSV-Rolexium:TSV-Rolexium
got event: EVENT_PREGAME_PLAYER_ATTRIBUTE_CHANGED / O=0;USER_NAME=TSV-Rolexium:TSV-Rolexium
got event: EVENT_PREGAME_PLAYER_ATTRIBUTE_CHANGED / B=1;USER_NAME=TSV_Backpass:TSV_Backpass
got event: EVENT_PREGAME_PLAYER_ATTRIBUTE_CHANGED / O=0;USER_NAME=TSV_Backpass:TSV_Backpass
got event: EVENT_PREGAME_PLAYER_ATTRIBUTE_CHANGED / B=1;USER_NAME=demomartin:demomartin
got event: EVENT_PREGAME_PLAYER_ATTRIBUTE_CHANGED / O=0;USER_NAME=demomartin:demomartin
got event: EVENT_PREGAME_PLAYER_ATTRIBUTE_CHANGED / B=2;USER_NAME=InFews:InFews
got event: EVENT_PREGAME_PLAYER_ATTRIBUTE_CHANGED / O=0;USER_NAME=InFews:InFews
got event: EVENT_PREGAME_PLAYER_ATTRIBUTE_CHANGED / B=2;USER_NAME=CucoLebron:CucoLebron
got event: EVENT_PREGAME_PLAYER_ATTRIBUTE_CHANGED / O=0;USER_NAME=CucoLebron:CucoLebron
got event: EVENT_PREGAME_PLAYER_ATTRIBUTE_CHANGED / B=3;USER_NAME=DMK-neurofunk74:DMK-neurofunk74
got event: EVENT_PREGAME_PLAYER_ATTRIBUTE_CHANGED / O=0;USER_NAME=DMK-neurofunk74:DMK-neurofunk74
got event: EVENT_PREGAME_PLAYER_ATTRIBUTE_CHANGED / B=5;USER_NAME=TSV-Empire:TSV-Empire
got event: EVENT_PREGAME_PLAYER_ATTRIBUTE_CHANGED / O=0;USER_NAME=TSV-Empire:TSV-Empire
got event: EVENT_PREGAME_PLAYER_ATTRIBUTE_CHANGED / B=4;USER_NAME=TSV-Cup0fRice:TSV-Cup0fRice
got event: EVENT_PREGAME_PLAYER_ATTRIBUTE_CHANGED / O=0;USER_NAME=TSV-Cup0fRice:TSV-Cup0fRice
got event: EVENT_PREGAME_SESSION_ATTRIBUTE_CHANGED / Q=30:DEV1SSS_BLR
got event: EVENT_PREGAME_PLAYER_ATTRIBUTE_CHANGED / P=4;USER_NAME=DEV1SSS_BLR:DEV1SSS_BLR
got event: EVENT_PREGAME_GROUP_FOR_PLAYER_CHANGED / _GI=0;USER_NAME=DEV1SSS_BLR:DEV1SSS_BLR
got event: EVENT_PREGAME_GROUP_ATTRIBUTE_CHANGED / I_0=349;O_0=NR;N_0=NecroRaisers;Z_0=48:DEV1SSS_BLR
got event: EVENT_PREGAME_GROUP_ATTRIBUTE_CHANGED / T_0=48:DEV1SSS_BLR
got event: EVENT_PREGAME_GROUP_ATTRIBUTE_CHANGED / J_0=786432:DEV1SSS_BLR
got event: EVENT_PREGAME_GROUP_ATTRIBUTE_CHANGED / C_0=DEV1SSS_BLR:DEV1SSS_BLR
got event: EVENT_PREGAME_GROUP_ATTRIBUTE_CHANGED / C_0=DEV1SSS_BLR:DEV1SSS_BLR
got event: EVENT_PREGAME_PLAYER_ATTRIBUTE_CHANGED / P=6;USER_NAME=TBo9l_cygb6a:TBo9l_cygb6a
got event: EVENT_PREGAME_PLAYER_ATTRIBUTE_CHANGED / P=8;USER_NAME=n1FZ33:n1FZ33
got event: EVENT_PREGAME_GROUP_FOR_PLAYER_CHANGED / _GI=0;USER_NAME=TBo9l_cygb6a:DEV1SSS_BLR
got event: EVENT_PREGAME_GROUP_FOR_PLAYER_CHANGED / _GI=0;USER_NAME=n1FZ33:DEV1SSS_BLR
got event: EVENT_PREGAME_PLAYER_ATTRIBUTE_CHANGED / P=9;USER_NAME=sugres:sugres
got event: EVENT_PREGAME_PLAYER_ATTRIBUTE_CHANGED / P=2;USER_NAME=G-LukaaA:G-LukaaA
got event: EVENT_PREGAME_PLAYER_ATTRIBUTE_CHANGED / P=7;USER_NAME=Spritowski:Spritowski
got event: EVENT_PREGAME_PLAYER_ATTRIBUTE_CHANGED / P=1;USER_NAME=Avolyx:Avolyx
got event: EVENT_PREGAME_PLAYER_ATTRIBUTE_CHANGED / P=11;USER_NAME=A2FtheGoldenBoy:A2FtheGoldenBoy
got event: EVENT_PREGAME_PLAYER_ATTRIBUTE_CHANGED / P=11;USER_NAME=MetaL18rus:MetaL18rus
got event: EVENT_PREGAME_GROUP_FOR_PLAYER_CHANGED / _GI=0;USER_NAME=sugres:DEV1SSS_BLR
got event: EVENT_PREGAME_GROUP_FOR_PLAYER_CHANGED / _GI=0;USER_NAME=G-LukaaA:DEV1SSS_BLR
got event: EVENT_PREGAME_GROUP_FOR_PLAYER_CHANGED / _GI=0;USER_NAME=Spritowski:DEV1SSS_BLR
got event: EVENT_PREGAME_PLAYER_ATTRIBUTE_CHANGED / P=8;USER_NAME=M3rkner:M3rkner
got event: EVENT_PREGAME_GROUP_FOR_PLAYER_CHANGED / _GI=0;USER_NAME=Avolyx:DEV1SSS_BLR
got event: EVENT_PREGAME_GROUP_FOR_PLAYER_CHANGED / _GI=1;USER_NAME=A2FtheGoldenBoy:DEV1SSS_BLR
got event: EVENT_PREGAME_PLAYER_ATTRIBUTE_CHANGED / P=7;USER_NAME=demomartin:demomartin
got event: EVENT_PREGAME_GROUP_FOR_PLAYER_CHANGED / _GI=0;USER_NAME=MetaL18rus:DEV1SSS_BLR
got event: EVENT_PREGAME_PLAYER_ATTRIBUTE_CHANGED / P=1;USER_NAME=CucoLebron:CucoLebron
got event: EVENT_PREGAME_PLAYER_ATTRIBUTE_CHANGED / P=10;USER_NAME=MihneaR72:MihneaR72
got event: EVENT_PREGAME_GROUP_FOR_PLAYER_CHANGED / _GI=1;USER_NAME=M3rkner:DEV1SSS_BLR
got event: EVENT_PREGAME_GROUP_FOR_PLAYER_CHANGED / _GI=1;USER_NAME=teeee2011:DEV1SSS_BLR
got event: EVENT_PREGAME_GROUP_ATTRIBUTE_CHANGED / I_1=822;O_1=HLK;N_1=Hulkfc;Z_1=9:A2FtheGoldenBoy
got event: EVENT_PREGAME_GROUP_FOR_PLAYER_CHANGED / _GI=1;USER_NAME=demomartin:DEV1SSS_BLR
got event: EVENT_PREGAME_GROUP_FOR_PLAYER_CHANGED / _GI=1;USER_NAME=CucoLebron:DEV1SSS_BLR
got event: EVENT_PREGAME_GROUP_FOR_PLAYER_CHANGED / _GI=1;USER_NAME=MihneaR72:DEV1SSS_BLR
got event: EVENT_PREGAME_GROUP_ATTRIBUTE_CHANGED / T_1=9:DEV1SSS_BLR
got event: EVENT_PREGAME_GROUP_ATTRIBUTE_CHANGED / J_1=147457:DEV1SSS_BLR
got event: EVENT_PREGAME_GROUP_ATTRIBUTE_CHANGED / C_1=M3rkner:DEV1SSS_BLR
got event: EVENT_PREGAME_GROUP_ATTRIBUTE_CHANGED / C_1=M3rkner:DEV1SSS_BLR
got event: EVENT_PREGAME_PLAYER_ATTRIBUTE_CHANGED / R=1;USER_NAME=A2FtheGoldenBoy:DEV1SSS_BLR
got event: EVENT_PREGAME_ARBITRATOR_IS_READY / _ARDY=1;USER_NAME=DEV1SSS_BLR:DEV1SSS_BLR
got event: EVENT_PREGAME_SESSION_ATTRIBUTE_CHANGED / Q=29:DEV1SSS_BLR
got event: EVENT_PREGAME_PLAYER_ATTRIBUTE_CHANGED / P=10;USER_NAME=WainerPro:WainerPro
got event: EVENT_PREGAME_GROUP_FOR_PLAYER_CHANGED / _GI=0;USER_NAME=WainerPro:DEV1SSS_BLR
got event: EVENT_PREGAME_PLAYER_ATTRIBUTE_CHANGED / R=1;USER_NAME=DEV1SSS_BLR:DEV1SSS_BLR
got event: EVENT_PREGAME_PLAYER_ATTRIBUTE_CHANGED / R=1;USER_NAME=M3rkner:DEV1SSS_BLR
got event: EVENT_PREGAME_PLAYER_ATTRIBUTE_CHANGED / R=1;USER_NAME=Spritowski:DEV1SSS_BLR
got event: EVENT_PREGAME_PLAYER_ATTRIBUTE_CHANGED / R=1;USER_NAME=TBo9l_cygb6a:DEV1SSS_BLR
got event: EVENT_PREGAME_PLAYER_ATTRIBUTE_CHANGED / R=1;USER_NAME=n1FZ33:DEV1SSS_BLR
got event: EVENT_PREGAME_PLAYER_ATTRIBUTE_CHANGED / R=1;USER_NAME=MetaL18rus:DEV1SSS_BLR
got event: EVENT_PREGAME_PLAYER_ATTRIBUTE_CHANGED / R=1;USER_NAME=G-LukaaA:DEV1SSS_BLR
got event: EVENT_PREGAME_PLAYER_ATTRIBUTE_CHANGED / R=1;USER_NAME=sugres:DEV1SSS_BLR
got event: EVENT_PREGAME_PLAYER_ATTRIBUTE_CHANGED / R=1;USER_NAME=WainerPro:DEV1SSS_BLR
got event: EVENT_PREGAME_PLAYER_ATTRIBUTE_CHANGED / R=1;USER_NAME=demomartin:DEV1SSS_BLR
got event: EVENT_PREGAME_PLAYER_ATTRIBUTE_CHANGED / R=1;USER_NAME=MihneaR72:DEV1SSS_BLR
got event: EVENT_PREGAME_PLAYER_ATTRIBUTE_CHANGED / R=1;USER_NAME=teeee2011:DEV1SSS_BLR
got event: EVENT_PREGAME_PLAYER_ATTRIBUTE_CHANGED / R=1;USER_NAME=Avolyx:DEV1SSS_BLR
got event: EVENT_PREGAME_PLAYER_ATTRIBUTE_CHANGED / R=1;USER_NAME=CucoLebron:DEV1SSS_BLR
got event: EVENT_PREGAME_SESSION_ATTRIBUTE_CHANGED / Q=-1:DEV1SSS_BLR
got event: EVENT_PREGAME_SESSION_ATTRIBUTE_CHANGED / A=USER_READY:DEV1SSS_BLR
got event: EVENT_PREGAME_PLAYER_ATTRIBUTE_CHANGED / R=0;USER_NAME=DEV1SSS_BLR:DEV1SSS_BLR
got event: EVENT_PREGAME_PLAYER_ATTRIBUTE_CHANGED / R=0;USER_NAME=TBo9l_cygb6a:DEV1SSS_BLR
got event: EVENT_PREGAME_PLAYER_ATTRIBUTE_CHANGED / R=0;USER_NAME=n1FZ33:DEV1SSS_BLR
got event: EVENT_PREGAME_PLAYER_ATTRIBUTE_CHANGED / R=0;USER_NAME=sugres:DEV1SSS_BLR
got event: EVENT_PREGAME_PLAYER_ATTRIBUTE_CHANGED / R=0;USER_NAME=Avolyx:DEV1SSS_BLR
got event: EVENT_PREGAME_PLAYER_ATTRIBUTE_CHANGED / R=0;USER_NAME=G-LukaaA:DEV1SSS_BLR
got event: EVENT_PREGAME_PLAYER_ATTRIBUTE_CHANGED / R=0;USER_NAME=Spritowski:DEV1SSS_BLR
got event: EVENT_PREGAME_PLAYER_ATTRIBUTE_CHANGED / R=0;USER_NAME=MetaL18rus:DEV1SSS_BLR
got event: EVENT_PREGAME_PLAYER_ATTRIBUTE_CHANGED / R=0;USER_NAME=WainerPro:DEV1SSS_BLR
got event: EVENT_PREGAME_PLAYER_ATTRIBUTE_CHANGED / R=0;USER_NAME=M3rkner:DEV1SSS_BLR
got event: EVENT_PREGAME_PLAYER_ATTRIBUTE_CHANGED / R=0;USER_NAME=A2FtheGoldenBoy:DEV1SSS_BLR
got event: EVENT_PREGAME_PLAYER_ATTRIBUTE_CHANGED / B=5;USER_NAME=MihneaR72:MihneaR72
got event: EVENT_PREGAME_PLAYER_ATTRIBUTE_CHANGED / O=0;USER_NAME=MihneaR72:MihneaR72
got event: EVENT_PREGAME_PLAYER_ATTRIBUTE_CHANGED / B=0;USER_NAME=A2FtheGoldenBoy:A2FtheGoldenBoy
got event: EVENT_PREGAME_PLAYER_ATTRIBUTE_CHANGED / O=0;USER_NAME=A2FtheGoldenBoy:A2FtheGoldenBoy
got event: EVENT_PREGAME_PLAYER_ATTRIBUTE_CHANGED / B=3;USER_NAME=demomartin:demomartin
got event: EVENT_PREGAME_PLAYER_ATTRIBUTE_CHANGED / O=0;USER_NAME=demomartin:demomartin
got event: EVENT_PREGAME_PLAYER_ATTRIBUTE_CHANGED / B=1;USER_NAME=TBo9l_cygb6a:TBo9l_cygb6a
got event: EVENT_PREGAME_PLAYER_ATTRIBUTE_CHANGED / O=0;USER_NAME=TBo9l_cygb6a:TBo9l_cygb6a
got event: EVENT_PREGAME_PLAYER_ATTRIBUTE_CHANGED / B=2;USER_NAME=n1FZ33:n1FZ33
got event: EVENT_PREGAME_PLAYER_ATTRIBUTE_CHANGED / O=0;USER_NAME=n1FZ33:n1FZ33
got event: EVENT_PREGAME_PLAYER_ATTRIBUTE_CHANGED / B=4;USER_NAME=CucoLebron:CucoLebron
got event: EVENT_PREGAME_PLAYER_ATTRIBUTE_CHANGED / O=0;USER_NAME=CucoLebron:CucoLebron
got event: EVENT_PREGAME_PLAYER_ATTRIBUTE_CHANGED / B=1;USER_NAME=M3rkner:M3rkner
got event: EVENT_PREGAME_PLAYER_ATTRIBUTE_CHANGED / O=0;USER_NAME=M3rkner:M3rkner
got event: EVENT_PREGAME_PLAYER_ATTRIBUTE_CHANGED / B=5;USER_NAME=Spritowski:Spritowski
got event: EVENT_PREGAME_PLAYER_ATTRIBUTE_CHANGED / O=0;USER_NAME=Spritowski:Spritowski
got event: EVENT_PREGAME_PLAYER_ATTRIBUTE_CHANGED / B=7;USER_NAME=MetaL18rus:MetaL18rus
got event: EVENT_PREGAME_PLAYER_ATTRIBUTE_CHANGED / O=0;USER_NAME=MetaL18rus:MetaL18rus
got event: EVENT_PREGAME_PLAYER_ATTRIBUTE_CHANGED / B=4;USER_NAME=G-LukaaA:G-LukaaA
got event: EVENT_PREGAME_PLAYER_ATTRIBUTE_CHANGED / O=0;USER_NAME=G-LukaaA:G-LukaaA
got event: EVENT_PREGAME_PLAYER_ATTRIBUTE_CHANGED / R=0;USER_NAME=teeee2011:DEV1SSS_BLR
got event: EVENT_PREGAME_PLAYER_ATTRIBUTE_CHANGED / R=0;USER_NAME=CucoLebron:DEV1SSS_BLR
got event: EVENT_PREGAME_PLAYER_ATTRIBUTE_CHANGED / R=0;USER_NAME=demomartin:DEV1SSS_BLR
got event: EVENT_PREGAME_PLAYER_ATTRIBUTE_CHANGED / R=0;USER_NAME=MihneaR72:DEV1SSS_BLR
got event: EVENT_PREGAME_PLAYER_ATTRIBUTE_CHANGED / B=0;USER_NAME=DEV1SSS_BLR:DEV1SSS_BLR
got event: EVENT_PREGAME_PLAYER_ATTRIBUTE_CHANGED / O=0;USER_NAME=DEV1SSS_BLR:DEV1SSS_BLR
got event: EVENT_PREGAME_PLAYER_ATTRIBUTE_CHANGED / B=3;USER_NAME=sugres:sugres
got event: EVENT_PREGAME_PLAYER_ATTRIBUTE_CHANGED / O=0;USER_NAME=sugres:sugres
got event: EVENT_PREGAME_PLAYER_ATTRIBUTE_CHANGED / B=8;USER_NAME=WainerPro:WainerPro
got event: EVENT_PREGAME_PLAYER_ATTRIBUTE_CHANGED / O=0;USER_NAME=WainerPro:WainerPro
got event: EVENT_PREGAME_PLAYER_ATTRIBUTE_CHANGED / B=6;USER_NAME=Avolyx:Avolyx
got event: EVENT_PREGAME_PLAYER_ATTRIBUTE_CHANGED / O=4;USER_NAME=Avolyx:Avolyx
got event: EVENT_PREGAME_SESSION_ATTRIBUTE_CHANGED / Q=30:crashboomben
got event: EVENT_PREGAME_PLAYER_ATTRIBUTE_CHANGED / P=7;USER_NAME=crashboomben:crashboomben
got event: EVENT_PREGAME_GROUP_FOR_PLAYER_CHANGED / _GI=0;USER_NAME=crashboomben:crashboomben
got event: EVENT_PREGAME_GROUP_ATTRIBUTE_CHANGED / I_0=822;O_0=HLK;N_0=Hulkfc;Z_0=9:crashboomben
got event: EVENT_PREGAME_GROUP_ATTRIBUTE_CHANGED / T_0=9:crashboomben
got event: EVENT_PREGAME_GROUP_ATTRIBUTE_CHANGED / J_0=147456:crashboomben
got event: EVENT_PREGAME_GROUP_ATTRIBUTE_CHANGED / C_0=crashboomben:crashboomben
got event: EVENT_PREGAME_GROUP_ATTRIBUTE_CHANGED / C_0=crashboomben:crashboomben
got event: EVENT_PREGAME_ARBITRATOR_IS_READY / _ARDY=1;USER_NAME=crashboomben:crashboomben
got event: EVENT_PREGAME_SESSION_ATTRIBUTE_CHANGED / Q=29:crashboomben
got event: EVENT_PREGAME_PLAYER_ATTRIBUTE_CHANGED / P=11;USER_NAME=A2FtheGoldenBoy:A2FtheGoldenBoy
got event: EVENT_PREGAME_PLAYER_ATTRIBUTE_CHANGED / P=8;USER_NAME=M3rkner:M3rkner
got event: EVENT_PREGAME_GROUP_FOR_PLAYER_CHANGED / _GI=0;USER_NAME=A2FtheGoldenBoy:crashboomben
got event: EVENT_PREGAME_GROUP_FOR_PLAYER_CHANGED / _GI=0;USER_NAME=M3rkner:crashboomben
got event: EVENT_PREGAME_GROUP_FOR_PLAYER_CHANGED / _GI=0;USER_NAME=teeee2011:crashboomben
got event: EVENT_PREGAME_PLAYER_ATTRIBUTE_CHANGED / P=6;USER_NAME=demomartin:demomartin
got event: EVENT_PREGAME_PLAYER_ATTRIBUTE_CHANGED / P=1;USER_NAME=CucoLebron:CucoLebron
got event: EVENT_PREGAME_PLAYER_ATTRIBUTE_CHANGED / P=10;USER_NAME=MihneaR72:MihneaR72
got event: EVENT_PREGAME_GROUP_FOR_PLAYER_CHANGED / _GI=0;USER_NAME=demomartin:crashboomben
got event: EVENT_PREGAME_GROUP_FOR_PLAYER_CHANGED / _GI=0;USER_NAME=CucoLebron:crashboomben
got event: EVENT_PREGAME_GROUP_FOR_PLAYER_CHANGED / _GI=0;USER_NAME=MihneaR72:crashboomben
got event: EVENT_PREGAME_PLAYER_ATTRIBUTE_CHANGED / P=7;USER_NAME=Onguene96:Onguene96
got event: EVENT_PREGAME_PLAYER_ATTRIBUTE_CHANGED / P=3;USER_NAME=lexa191:lexa191
got event: EVENT_PREGAME_PLAYER_ATTRIBUTE_CHANGED / R=1;USER_NAME=crashboomben:crashboomben
got event: EVENT_PREGAME_GROUP_FOR_PLAYER_CHANGED / _GI=1;USER_NAME=Onguene96:crashboomben
got event: EVENT_PREGAME_PLAYER_ATTRIBUTE_CHANGED / P=10;USER_NAME=mereng_12:mereng_12
got event: EVENT_PREGAME_GROUP_FOR_PLAYER_CHANGED / _GI=1;USER_NAME=lexa191:crashboomben
got event: EVENT_PREGAME_GROUP_FOR_PLAYER_CHANGED / _GI=1;USER_NAME=mereng_12:crashboomben
got event: EVENT_PREGAME_GROUP_ATTRIBUTE_CHANGED / I_1=53644;O_1=TOT;N_1=Telepyziki;Z_1=9:Onguene96
got event: EVENT_PREGAME_PLAYER_ATTRIBUTE_CHANGED / R=1;USER_NAME=teeee2011:crashboomben
got event: EVENT_PREGAME_PLAYER_ATTRIBUTE_CHANGED / R=1;USER_NAME=demomartin:crashboomben
got event: EVENT_PREGAME_PLAYER_ATTRIBUTE_CHANGED / P=8;USER_NAME=fedorbog94:fedorbog94
got event: EVENT_PREGAME_PLAYER_ATTRIBUTE_CHANGED / R=1;USER_NAME=A2FtheGoldenBoy:crashboomben
got event: EVENT_PREGAME_PLAYER_ATTRIBUTE_CHANGED / R=1;USER_NAME=MihneaR72:crashboomben
got event: EVENT_PREGAME_GROUP_ATTRIBUTE_CHANGED / T_1=9:crashboomben
got event: EVENT_PREGAME_GROUP_ATTRIBUTE_CHANGED / J_1=147457:crashboomben
got event: EVENT_PREGAME_GROUP_ATTRIBUTE_CHANGED / C_1=Onguene96:crashboomben
got event: EVENT_PREGAME_GROUP_ATTRIBUTE_CHANGED / C_1=Onguene96:crashboomben
got event: EVENT_PREGAME_PLAYER_ATTRIBUTE_CHANGED / P=11;USER_NAME=Samael91:Samael91
got event: EVENT_PREGAME_PLAYER_ATTRIBUTE_CHANGED / R=1;USER_NAME=CucoLebron:crashboomben
got event: EVENT_PREGAME_PLAYER_ATTRIBUTE_CHANGED / R=1;USER_NAME=M3rkner:crashboomben
got event: EVENT_PREGAME_GROUP_FOR_PLAYER_CHANGED / _GI=1;USER_NAME=fedorbog94:crashboomben
got event: EVENT_PREGAME_PLAYER_ATTRIBUTE_CHANGED / P=9;USER_NAME=Ramilsamara:Ramilsamara
got event: EVENT_PREGAME_GROUP_FOR_PLAYER_CHANGED / _GI=1;USER_NAME=Samael91:crashboomben
got event: EVENT_PREGAME_PLAYER_ATTRIBUTE_CHANGED / P=6;USER_NAME=miken_13rus:miken_13rus
got event: EVENT_PREGAME_GROUP_FOR_PLAYER_CHANGED / _GI=1;USER_NAME=Ramilsamara:crashboomben
got event: EVENT_PREGAME_GROUP_FOR_PLAYER_CHANGED / _GI=1;USER_NAME=miken_13rus:crashboomben
got event: EVENT_PREGAME_PLAYER_ATTRIBUTE_CHANGED / R=1;USER_NAME=Onguene96:crashboomben
got event: EVENT_PREGAME_PLAYER_ATTRIBUTE_CHANGED / R=1;USER_NAME=lexa191:crashboomben
got event: EVENT_PREGAME_PLAYER_ATTRIBUTE_CHANGED / R=1;USER_NAME=mereng_12:crashboomben
got event: EVENT_PREGAME_PLAYER_ATTRIBUTE_CHANGED / R=1;USER_NAME=Ramilsamara:crashboomben
got event: EVENT_PREGAME_PLAYER_ATTRIBUTE_CHANGED / R=1;USER_NAME=fedorbog94:crashboomben
got event: EVENT_PREGAME_PLAYER_ATTRIBUTE_CHANGED / R=1;USER_NAME=Samael91:crashboomben
got event: EVENT_PREGAME_PLAYER_ATTRIBUTE_CHANGED / R=1;USER_NAME=miken_13rus:crashboomben
got event: EVENT_PREGAME_SESSION_ATTRIBUTE_CHANGED / Q=-1:crashboomben
got event: EVENT_PREGAME_SESSION_ATTRIBUTE_CHANGED / A=USER_READY:crashboomben
got event: EVENT_PREGAME_PLAYER_ATTRIBUTE_CHANGED / R=0;USER_NAME=crashboomben:crashboomben
got event: EVENT_PREGAME_PLAYER_ATTRIBUTE_CHANGED / R=0;USER_NAME=M3rkner:crashboomben
got event: EVENT_PREGAME_PLAYER_ATTRIBUTE_CHANGED / R=0;USER_NAME=A2FtheGoldenBoy:crashboomben
got event: EVENT_PREGAME_PLAYER_ATTRIBUTE_CHANGED / R=0;USER_NAME=teeee2011:crashboomben
got event: EVENT_PREGAME_PLAYER_ATTRIBUTE_CHANGED / R=0;USER_NAME=CucoLebron:crashboomben
got event: EVENT_PREGAME_PLAYER_ATTRIBUTE_CHANGED / R=0;USER_NAME=demomartin:crashboomben
got event: EVENT_PREGAME_PLAYER_ATTRIBUTE_CHANGED / R=0;USER_NAME=MihneaR72:crashboomben
got event: EVENT_PREGAME_PLAYER_ATTRIBUTE_CHANGED / R=0;USER_NAME=Onguene96:crashboomben
got event: EVENT_PREGAME_PLAYER_ATTRIBUTE_CHANGED / R=0;USER_NAME=mereng_12:crashboomben
got event: EVENT_PREGAME_PLAYER_ATTRIBUTE_CHANGED / B=4;USER_NAME=demomartin:demomartin
got event: EVENT_PREGAME_PLAYER_ATTRIBUTE_CHANGED / O=0;USER_NAME=demomartin:demomartin
got event: EVENT_PREGAME_PLAYER_ATTRIBUTE_CHANGED / B=6;USER_NAME=MihneaR72:MihneaR72
got event: EVENT_PREGAME_PLAYER_ATTRIBUTE_CHANGED / O=0;USER_NAME=MihneaR72:MihneaR72
got event: EVENT_PREGAME_PLAYER_ATTRIBUTE_CHANGED / B=1;USER_NAME=lexa191:lexa191
got event: EVENT_PREGAME_PLAYER_ATTRIBUTE_CHANGED / O=0;USER_NAME=lexa191:lexa191
got event: EVENT_PREGAME_PLAYER_ATTRIBUTE_CHANGED / B=1;USER_NAME=A2FtheGoldenBoy:A2FtheGoldenBoy
got event: EVENT_PREGAME_PLAYER_ATTRIBUTE_CHANGED / O=0;USER_NAME=A2FtheGoldenBoy:A2FtheGoldenBoy
got event: EVENT_PREGAME_PLAYER_ATTRIBUTE_CHANGED / B=5;USER_NAME=CucoLebron:CucoLebron
got event: EVENT_PREGAME_PLAYER_ATTRIBUTE_CHANGED / O=0;USER_NAME=CucoLebron:CucoLebron
got event: EVENT_PREGAME_PLAYER_ATTRIBUTE_CHANGED / R=0;USER_NAME=lexa191:crashboomben
got event: EVENT_PREGAME_PLAYER_ATTRIBUTE_CHANGED / R=0;USER_NAME=Samael91:crashboomben
got event: EVENT_PREGAME_PLAYER_ATTRIBUTE_CHANGED / R=0;USER_NAME=fedorbog94:crashboomben
got event: EVENT_PREGAME_PLAYER_ATTRIBUTE_CHANGED / R=0;USER_NAME=miken_13rus:crashboomben
got event: EVENT_PREGAME_PLAYER_ATTRIBUTE_CHANGED / R=0;USER_NAME=Ramilsamara:crashboomben
got event: EVENT_PREGAME_PLAYER_ATTRIBUTE_CHANGED / B=0;USER_NAME=crashboomben:crashboomben
got event: EVENT_PREGAME_PLAYER_ATTRIBUTE_CHANGED / O=0;USER_NAME=crashboomben:crashboomben
got event: EVENT_PREGAME_PLAYER_ATTRIBUTE_CHANGED / B=0;USER_NAME=Onguene96:Onguene96
got event: EVENT_PREGAME_PLAYER_ATTRIBUTE_CHANGED / O=0;USER_NAME=Onguene96:Onguene96
got event: EVENT_PREGAME_PLAYER_ATTRIBUTE_CHANGED / B=3;USER_NAME=fedorbog94:fedorbog94
got event: EVENT_PREGAME_PLAYER_ATTRIBUTE_CHANGED / O=0;USER_NAME=fedorbog94:fedorbog94
got event: EVENT_PREGAME_PLAYER_ATTRIBUTE_CHANGED / B=2;USER_NAME=M3rkner:M3rkner
got event: EVENT_PREGAME_PLAYER_ATTRIBUTE_CHANGED / O=0;USER_NAME=M3rkner:M3rkner
got event: EVENT_PREGAME_PLAYER_ATTRIBUTE_CHANGED / B=2;USER_NAME=mereng_12:mereng_12
got event: EVENT_PREGAME_PLAYER_ATTRIBUTE_CHANGED / O=0;USER_NAME=mereng_12:mereng_12
got event: EVENT_PREGAME_PLAYER_ATTRIBUTE_CHANGED / B=5;USER_NAME=Ramilsamara:Ramilsamara
got event: EVENT_PREGAME_PLAYER_ATTRIBUTE_CHANGED / O=0;USER_NAME=Ramilsamara:Ramilsamara
got event: EVENT_PREGAME_PLAYER_ATTRIBUTE_CHANGED / B=4;USER_NAME=Samael91:Samael91
got event: EVENT_PREGAME_PLAYER_ATTRIBUTE_CHANGED / O=0;USER_NAME=Samael91:Samael91
got event: EVENT_PREGAME_PLAYER_ATTRIBUTE_CHANGED / B=6;USER_NAME=miken_13rus:miken_13rus
got event: EVENT_PREGAME_PLAYER_ATTRIBUTE_CHANGED / O=0;USER_NAME=miken_13rus:miken_13rus
got event: EVENT_PREGAME_SESSION_ATTRIBUTE_CHANGED / Q=30:crashboomben
got event: EVENT_PREGAME_PLAYER_ATTRIBUTE_CHANGED / P=6;USER_NAME=crashboomben:crashboomben
got event: EVENT_PREGAME_GROUP_FOR_PLAYER_CHANGED / _GI=0;USER_NAME=crashboomben:crashboomben
got event: EVENT_PREGAME_GROUP_ATTRIBUTE_CHANGED / I_0=822;O_0=HLK;N_0=Hulkfc;Z_0=9:crashboomben
got event: EVENT_PREGAME_GROUP_ATTRIBUTE_CHANGED / T_0=9:crashboomben
got event: EVENT_PREGAME_GROUP_ATTRIBUTE_CHANGED / J_0=147456:crashboomben
got event: EVENT_PREGAME_GROUP_ATTRIBUTE_CHANGED / C_0=crashboomben:crashboomben
got event: EVENT_PREGAME_GROUP_ATTRIBUTE_CHANGED / C_0=crashboomben:crashboomben
got event: EVENT_PREGAME_PLAYER_ATTRIBUTE_CHANGED / P=11;USER_NAME=DominikCZZ:DominikCZZ
got event: EVENT_PREGAME_GROUP_FOR_PLAYER_CHANGED / _GI=0;USER_NAME=DominikCZZ:crashboomben
got event: EVENT_PREGAME_PLAYER_ATTRIBUTE_CHANGED / P=10;USER_NAME=M3rkner:M3rkner
got event: EVENT_PREGAME_GROUP_FOR_PLAYER_CHANGED / _GI=0;USER_NAME=M3rkner:crashboomben
got event: EVENT_PREGAME_PLAYER_ATTRIBUTE_CHANGED / P=7;USER_NAME=MadManAdemers:MadManAdemers
got event: EVENT_PREGAME_PLAYER_ATTRIBUTE_CHANGED / P=1;USER_NAME=UWS-Hornet:UWS-Hornet
got event: EVENT_PREGAME_PLAYER_ATTRIBUTE_CHANGED / P=8;USER_NAME=demomartin:demomartin
got event: EVENT_PREGAME_GROUP_FOR_PLAYER_CHANGED / _GI=0;USER_NAME=MadManAdemers:crashboomben
got event: EVENT_PREGAME_PLAYER_ATTRIBUTE_CHANGED / P=9;USER_NAME=MihneaR72:MihneaR72
got event: EVENT_PREGAME_GROUP_FOR_PLAYER_CHANGED / _GI=0;USER_NAME=UWS-Hornet:crashboomben
got event: EVENT_PREGAME_GROUP_FOR_PLAYER_CHANGED / _GI=0;USER_NAME=demomartin:crashboomben
got event: EVENT_PREGAME_PLAYER_ATTRIBUTE_CHANGED / P=11;USER_NAME=baatonikPL:baatonikPL
got event: EVENT_PREGAME_GROUP_FOR_PLAYER_CHANGED / _GI=0;USER_NAME=MihneaR72:crashboomben
got event: EVENT_PREGAME_PLAYER_ATTRIBUTE_CHANGED / P=9;USER_NAME=Marth3zz:Marth3zz
got event: EVENT_PREGAME_GROUP_FOR_PLAYER_CHANGED / _GI=1;USER_NAME=baatonikPL:crashboomben
got event: EVENT_PREGAME_GROUP_FOR_PLAYER_CHANGED / _GI=1;USER_NAME=Marth3zz:crashboomben
got event: EVENT_PREGAME_PLAYER_ATTRIBUTE_CHANGED / P=7;USER_NAME=saperzabrze:saperzabrze
got event: EVENT_PREGAME_GROUP_ATTRIBUTE_CHANGED / I_1=26713;O_1=POL;N_1=HooligansPOL;Z_1=65:baatonikPL
got event: EVENT_PREGAME_PLAYER_ATTRIBUTE_CHANGED / P=8;USER_NAME=Zibi24pl:Zibi24pl
got event: EVENT_PREGAME_PLAYER_ATTRIBUTE_CHANGED / P=6;USER_NAME=ROBAN12565:ROBAN12565
got event: EVENT_PREGAME_PLAYER_ATTRIBUTE_CHANGED / P=10;USER_NAME=GrzechuGTv:GrzechuGTv
got event: EVENT_PREGAME_GROUP_FOR_PLAYER_CHANGED / _GI=1;USER_NAME=saperzabrze:crashboomben
got event: EVENT_PREGAME_GROUP_ATTRIBUTE_CHANGED / T_1=65:crashboomben
got event: EVENT_PREGAME_GROUP_ATTRIBUTE_CHANGED / J_1=1064961:crashboomben
got event: EVENT_PREGAME_GROUP_ATTRIBUTE_CHANGED / C_1=baatonikPL:crashboomben
got event: EVENT_PREGAME_GROUP_ATTRIBUTE_CHANGED / C_1=baatonikPL:crashboomben
got event: EVENT_PREGAME_SESSION_ATTRIBUTE_CHANGED / Q=20:DelleDuckowski
got event: EVENT_PREGAME_GROUP_FOR_PLAYER_CHANGED / _GI=-1;USER_NAME=DelleDuckowski:DelleDuckowski
got event: EVENT_PREGAME_GROUP_FOR_PLAYER_CHANGED / _GI=0;USER_NAME=DelleDuckowski:DelleDuckowski
got event: EVENT_PREGAME_SESSION_ATTRIBUTE_CHANGED / Q=19:DelleDuckowski
got event: EVENT_PREGAME_PLAYER_ATTRIBUTE_CHANGED / VPRO=16|84|7|0;USER_NAME=FlamingClyro:FlamingClyro
got event: EVENT_PREGAME_PLAYER_ATTRIBUTE_CHANGED / VPRO=25|80|5.800000|0;USER_NAME=DarrenTower:DarrenTower
got event: EVENT_PREGAME_PLAYER_ATTRIBUTE_CHANGED / VPRO=5|87|7.400000|0;USER_NAME=L2-Covfefe:L2-Covfefe
got event: EVENT_PREGAME_PLAYER_ATTRIBUTE_CHANGED / VPRO=0|79|7.100000|1;USER_NAME=xXIIKingstonIIXx:xXIIKingstonIIXx
got event: EVENT_PREGAME_PLAYER_ATTRIBUTE_CHANGED / VPRO=16|84|6.600000|0;USER_NAME=bicio2005:bicio2005
got event: EVENT_PREGAME_SESSION_ATTRIBUTE_CHANGED / Q=18:DelleDuckowski
got event: EVENT_PREGAME_SESSION_ATTRIBUTE_CHANGED / Q=17:DelleDuckowski
