dll_init!
1418D7EA9: 1 bytes
1418D7EAA: 4 bytes
1418D8115: 24 bytes
1418D812D: 8 bytes
1418D8135: 8 bytes
1418D813D: 2 bytes
1418D813F: 24 bytes
1418D8157: 5 bytes
1418D815C: 1 bytes
1418D815D: 4 bytes
1418D7E97
1418D8115
1418D7EA9
1418D7EAE
[70, 73, 70, 65, 95, 83, 69, 84, 84, 73, 78, 71, 95, 69, 78, 65, 66, 76, 69, 95, 65, 76, 84, 95, 84, 65, 66, 95, 68, 73, 83, 67, 79, 78, 78, 69, 67, 84, 83]
"FIFA_SETTING_ENABLE_ALT_TAB_DISCONNECTS"
1439AD8BF: 1 bytes
1439AD8C0: 4 bytes
1439AD8C4: 1 bytes
extern init call
got event: EVENT_PREGAME_PLAYER_ATTRIBUTE_CHANGED / VPRO=10|90|7.800000|0;USER_NAME=CrackHead-GS-:CrackHead-GS-
got event: EVENT_PREGAME_PLAYER_ATTRIBUTE_CHANGED / VPRO=25|81|6.300000|0;USER_NAME=lojzi1999:lojzi1999
got event: EVENT_PREGAME_PLAYER_ATTRIBUTE_CHANGED / VPRO=25|85|7.900000|0;USER_NAME=KTV95:KTV95
got event: EVENT_PREGAME_PLAYER_ATTRIBUTE_CHANGED / VPRO=18|80|6.200000|0;USER_NAME=Suonip:Suonip
got event: EVENT_PREGAME_SESSION_ATTRIBUTE_CHANGED / Q=114:Hiimboosted
got event: EVENT_PREGAME_GROUP_FOR_PLAYER_CHANGED / _GI=0;USER_NAME=CrackHead-GS-:Hiimboosted
got event: EVENT_PREGAME_PLAYER_ATTRIBUTE_CHANGED / VPRO=18|91|6.500000|1;USER_NAME=Zmeichik2013:Zmeichik2013
got event: EVENT_PREGAME_SESSION_ATTRIBUTE_CHANGED / Q=113:Hiimboosted
got event: EVENT_PREGAME_GROUP_FOR_PLAYER_CHANGED / _GI=0;USER_NAME=Suonip:Hiimboosted
got event: EVENT_PREGAME_PLAYER_ATTRIBUTE_CHANGED / VPRO=18|80|6.200000|0;USER_NAME=Suonip:Suonip
got event: EVENT_PREGAME_PLAYER_ATTRIBUTE_CHANGED / VPRO=25|81|6.300000|0;USER_NAME=lojzi1999:lojzi1999
got event: EVENT_PREGAME_PLAYER_ATTRIBUTE_CHANGED / VPRO=25|85|7.900000|0;USER_NAME=KTV95:KTV95
got event: EVENT_PREGAME_PLAYER_ATTRIBUTE_CHANGED / VPRO=10|90|7.800000|0;USER_NAME=CrackHead-GS-:CrackHead-GS-
got event: EVENT_PREGAME_PLAYER_ATTRIBUTE_CHANGED / VPRO=18|91|6.500000|1;USER_NAME=Zmeichik2013:Zmeichik2013
got event: EVENT_PREGAME_PLAYER_ATTRIBUTE_CHANGED / VPRO=18|86|6.400000|1;USER_NAME=So3800:So3800
got event: EVENT_PREGAME_GROUP_FOR_PLAYER_CHANGED / _GI=-1;USER_NAME=Suonip:Hiimboosted
got event: EVENT_PREGAME_SESSION_ATTRIBUTE_CHANGED / Q=112:Hiimboosted
got event: EVENT_PREGAME_PLAYER_ATTRIBUTE_CHANGED / VPRO=18|80|6.200000|0;USER_NAME=Suonip:Suonip
got event: EVENT_PREGAME_PLAYER_ATTRIBUTE_CHANGED / VPRO=18|86|6.400000|1;USER_NAME=So3800:So3800
got event: EVENT_PREGAME_PLAYER_ATTRIBUTE_CHANGED / VPRO=10|90|7.800000|0;USER_NAME=CrackHead-GS-:CrackHead-GS-
got event: EVENT_PREGAME_PLAYER_ATTRIBUTE_CHANGED / VPRO=25|81|6.300000|0;USER_NAME=lojzi1999:lojzi1999
got event: EVENT_PREGAME_PLAYER_ATTRIBUTE_CHANGED / VPRO=25|85|7.900000|0;USER_NAME=KTV95:KTV95
got event: EVENT_PREGAME_GROUP_FOR_PLAYER_CHANGED / _GI=1;USER_NAME=teeee2011:Hiimboosted
got event: EVENT_PREGAME_PLAYER_ATTRIBUTE_CHANGED / VPRO=18|91|6.500000|1;USER_NAME=Zmeichik2013:Zmeichik2013
got event: EVENT_PREGAME_GROUP_FOR_PLAYER_CHANGED / _GI=0;USER_NAME=Suonip:Hiimboosted
got event: EVENT_PREGAME_SESSION_ATTRIBUTE_CHANGED / Q=111:Hiimboosted
got event: EVENT_PREGAME_GROUP_FOR_PLAYER_CHANGED / _GI=0;USER_NAME=Hiimboosted:Hiimboosted
got event: EVENT_PREGAME_GROUP_FOR_PLAYER_CHANGED / _GI=0;USER_NAME=Zmeichik2013:Hiimboosted
got event: EVENT_PREGAME_SESSION_ATTRIBUTE_CHANGED / Q=110:Hiimboosted
got event: EVENT_PREGAME_PLAYER_ATTRIBUTE_CHANGED / R=1;USER_NAME=teeee2011:Hiimboosted
got event: EVENT_PREGAME_GROUP_FOR_PLAYER_CHANGED / _GI=1;USER_NAME=So3800:Hiimboosted
got event: EVENT_PREGAME_SESSION_ATTRIBUTE_CHANGED / Q=109:Hiimboosted
got event: EVENT_PREGAME_PLAYER_ATTRIBUTE_CHANGED / R=1;USER_NAME=KTV95:Hiimboosted
got event: EVENT_PREGAME_SESSION_ATTRIBUTE_CHANGED / Q=108:Hiimboosted
got event: EVENT_PREGAME_PLAYER_ATTRIBUTE_CHANGED / R=1;USER_NAME=Hiimboosted:Hiimboosted
got event: EVENT_PREGAME_SESSION_ATTRIBUTE_CHANGED / Q=107:Hiimboosted
got event: EVENT_PREGAME_GROUP_FOR_PLAYER_CHANGED / _GI=0;USER_NAME=lojzi1999:Hiimboosted
got event: EVENT_PREGAME_SESSION_ATTRIBUTE_CHANGED / Q=106:Hiimboosted
got event: EVENT_PREGAME_PLAYER_ATTRIBUTE_CHANGED / R=1;USER_NAME=lojzi1999:Hiimboosted
got event: EVENT_PREGAME_SESSION_ATTRIBUTE_CHANGED / Q=105:Hiimboosted
got event: EVENT_PREGAME_SESSION_ATTRIBUTE_CHANGED / Q=104:Hiimboosted
got event: EVENT_PREGAME_SESSION_ATTRIBUTE_CHANGED / Q=103:Hiimboosted
got event: EVENT_PREGAME_SESSION_ATTRIBUTE_CHANGED / Q=102:Hiimboosted
got event: EVENT_PREGAME_SESSION_ATTRIBUTE_CHANGED / Q=101:Hiimboosted
got event: EVENT_PREGAME_SESSION_ATTRIBUTE_CHANGED / Q=100:Hiimboosted
got event: EVENT_PREGAME_PLAYER_ATTRIBUTE_CHANGED / R=0;USER_NAME=Hiimboosted:Hiimboosted
got event: EVENT_PREGAME_SESSION_ATTRIBUTE_CHANGED / Q=99:Hiimboosted
got event: EVENT_PREGAME_SESSION_ATTRIBUTE_CHANGED / Q=98:Hiimboosted
got event: EVENT_PREGAME_GROUP_FOR_PLAYER_CHANGED / _GI=-1;USER_NAME=CrackHead-GS-:Hiimboosted
got event: EVENT_PREGAME_GROUP_FOR_PLAYER_CHANGED / _GI=1;USER_NAME=CrackHead-GS-:Hiimboosted
got event: EVENT_PREGAME_SESSION_ATTRIBUTE_CHANGED / Q=97:Hiimboosted
got event: EVENT_PREGAME_SESSION_ATTRIBUTE_CHANGED / Q=96:Hiimboosted
got event: EVENT_PREGAME_PLAYER_ATTRIBUTE_CHANGED / R=1;USER_NAME=Hiimboosted:Hiimboosted
got event: EVENT_PREGAME_SESSION_ATTRIBUTE_CHANGED / Q=95:Hiimboosted
got event: EVENT_PREGAME_SESSION_ATTRIBUTE_CHANGED / Q=94:Hiimboosted
got event: EVENT_PREGAME_PLAYER_ATTRIBUTE_CHANGED / VPRO=18|80|6.200000|0;USER_NAME=Suonip:Suonip
got event: EVENT_PREGAME_PLAYER_ATTRIBUTE_CHANGED / VPRO=18|86|6.400000|1;USER_NAME=So3800:So3800
got event: EVENT_PREGAME_PLAYER_ATTRIBUTE_CHANGED / VPRO=25|81|6.300000|0;USER_NAME=lojzi1999:lojzi1999
got event: EVENT_PREGAME_PLAYER_ATTRIBUTE_CHANGED / VPRO=10|90|7.800000|0;USER_NAME=CrackHead-GS-:CrackHead-GS-
got event: EVENT_PREGAME_PLAYER_ATTRIBUTE_CHANGED / VPRO=25|85|7.900000|0;USER_NAME=KTV95:KTV95
got event: EVENT_PREGAME_PLAYER_ATTRIBUTE_CHANGED / VPRO=18|91|6.500000|1;USER_NAME=Zmeichik2013:Zmeichik2013
got event: EVENT_PREGAME_PLAYER_ATTRIBUTE_CHANGED / VPRO=25|86|6|0;USER_NAME=kopinpv:kopinpv
got event: EVENT_PREGAME_PLAYER_ATTRIBUTE_CHANGED / VPRO=18|82|5.300000|0;USER_NAME=Boreczech04:Boreczech04
got event: EVENT_PREGAME_SESSION_ATTRIBUTE_CHANGED / Q=93:Hiimboosted
got event: EVENT_PREGAME_SESSION_ATTRIBUTE_CHANGED / Q=92:Hiimboosted
got event: EVENT_PREGAME_GROUP_FOR_PLAYER_CHANGED / _GI=0;USER_NAME=kopinpv:Hiimboosted
got event: EVENT_PREGAME_SESSION_ATTRIBUTE_CHANGED / Q=91:Hiimboosted
got event: EVENT_PREGAME_SESSION_ATTRIBUTE_CHANGED / Q=90:Hiimboosted
got event: EVENT_PREGAME_PLAYER_ATTRIBUTE_CHANGED / R=1;USER_NAME=Zmeichik2013:Hiimboosted
got event: EVENT_PREGAME_GROUP_FOR_PLAYER_CHANGED / _GI=-1;USER_NAME=kopinpv:Hiimboosted
got event: EVENT_PREGAME_SESSION_ATTRIBUTE_CHANGED / Q=89:Hiimboosted
got event: EVENT_PREGAME_GROUP_FOR_PLAYER_CHANGED / _GI=1;USER_NAME=kopinpv:Hiimboosted
got event: EVENT_PREGAME_SESSION_ATTRIBUTE_CHANGED / Q=88:Hiimboosted
got event: EVENT_PREGAME_PLAYER_ATTRIBUTE_CHANGED / VPRO=18|80|6.200000|0;USER_NAME=Suonip:Suonip
got event: EVENT_PREGAME_PLAYER_ATTRIBUTE_CHANGED / VPRO=25|86|6|0;USER_NAME=kopinpv:kopinpv
got event: EVENT_PREGAME_PLAYER_ATTRIBUTE_CHANGED / VPRO=25|81|6.300000|0;USER_NAME=lojzi1999:lojzi1999
got event: EVENT_PREGAME_PLAYER_ATTRIBUTE_CHANGED / VPRO=10|90|7.800000|0;USER_NAME=CrackHead-GS-:CrackHead-GS-
got event: EVENT_PREGAME_PLAYER_ATTRIBUTE_CHANGED / VPRO=25|85|7.900000|0;USER_NAME=KTV95:KTV95
got event: EVENT_PREGAME_PLAYER_ATTRIBUTE_CHANGED / VPRO=18|86|6.400000|1;USER_NAME=So3800:So3800
got event: EVENT_PREGAME_PLAYER_ATTRIBUTE_CHANGED / VPRO=18|91|6.500000|1;USER_NAME=Zmeichik2013:Zmeichik2013
got event: EVENT_PREGAME_PLAYER_ATTRIBUTE_CHANGED / VPRO=18|91|7.200000|0;USER_NAME=Killam444:Killam444
got event: EVENT_PREGAME_SESSION_ATTRIBUTE_CHANGED / Q=87:Hiimboosted
got event: EVENT_PREGAME_SESSION_ATTRIBUTE_CHANGED / Q=86:Hiimboosted
got event: EVENT_PREGAME_SESSION_ATTRIBUTE_CHANGED / Q=85:Hiimboosted
got event: EVENT_PREGAME_SESSION_ATTRIBUTE_CHANGED / Q=84:Hiimboosted
got event: EVENT_PREGAME_GROUP_FOR_PLAYER_CHANGED / _GI=-1;USER_NAME=kopinpv:Hiimboosted
got event: EVENT_PREGAME_GROUP_FOR_PLAYER_CHANGED / _GI=0;USER_NAME=kopinpv:Hiimboosted
got event: EVENT_PREGAME_SESSION_ATTRIBUTE_CHANGED / Q=83:Hiimboosted
got event: EVENT_PREGAME_PLAYER_ATTRIBUTE_CHANGED / R=1;USER_NAME=Suonip:Hiimboosted
got event: EVENT_PREGAME_GROUP_FOR_PLAYER_CHANGED / _GI=1;USER_NAME=Killam444:Hiimboosted
got event: EVENT_PREGAME_SESSION_ATTRIBUTE_CHANGED / Q=82:Hiimboosted
got event: EVENT_PREGAME_GROUP_FOR_PLAYER_CHANGED / _GI=-1;USER_NAME=Killam444:Hiimboosted
got event: EVENT_PREGAME_PLAYER_ATTRIBUTE_CHANGED / R=1;USER_NAME=CrackHead-GS-:Hiimboosted
got event: EVENT_PREGAME_SESSION_ATTRIBUTE_CHANGED / Q=81:Hiimboosted
got event: EVENT_PREGAME_GROUP_FOR_PLAYER_CHANGED / _GI=-1;USER_NAME=kopinpv:Hiimboosted
got event: EVENT_PREGAME_GROUP_FOR_PLAYER_CHANGED / _GI=1;USER_NAME=kopinpv:Hiimboosted
got event: EVENT_PREGAME_PLAYER_ATTRIBUTE_CHANGED / R=0;USER_NAME=Suonip:Hiimboosted
got event: EVENT_PREGAME_SESSION_ATTRIBUTE_CHANGED / Q=80:Hiimboosted
got event: EVENT_PREGAME_GROUP_FOR_PLAYER_CHANGED / _GI=0;USER_NAME=Killam444:Hiimboosted
got event: EVENT_PREGAME_GROUP_FOR_PLAYER_CHANGED / _GI=-1;USER_NAME=Killam444:Hiimboosted
got event: EVENT_PREGAME_SESSION_ATTRIBUTE_CHANGED / Q=79:Hiimboosted
got event: EVENT_PREGAME_GROUP_FOR_PLAYER_CHANGED / _GI=-1;USER_NAME=kopinpv:Hiimboosted
got event: EVENT_PREGAME_SESSION_ATTRIBUTE_CHANGED / Q=78:Hiimboosted
got event: EVENT_PREGAME_GROUP_FOR_PLAYER_CHANGED / _GI=0;USER_NAME=kopinpv:Hiimboosted
got event: EVENT_PREGAME_GROUP_FOR_PLAYER_CHANGED / _GI=1;USER_NAME=Killam444:Hiimboosted
got event: EVENT_PREGAME_SESSION_ATTRIBUTE_CHANGED / Q=77:Hiimboosted
got event: EVENT_PREGAME_PLAYER_ATTRIBUTE_CHANGED / R=1;USER_NAME=Suonip:Hiimboosted
got event: EVENT_PREGAME_GROUP_FOR_PLAYER_CHANGED / _GI=-1;USER_NAME=Killam444:Hiimboosted
got event: EVENT_PREGAME_SESSION_ATTRIBUTE_CHANGED / Q=76:Hiimboosted
got event: EVENT_PREGAME_SESSION_ATTRIBUTE_CHANGED / Q=75:Hiimboosted
got event: EVENT_PREGAME_GROUP_FOR_PLAYER_CHANGED / _GI=1;USER_NAME=Killam444:Hiimboosted
got event: EVENT_PREGAME_PLAYER_ATTRIBUTE_CHANGED / R=1;USER_NAME=Killam444:Hiimboosted
got event: EVENT_PREGAME_SESSION_ATTRIBUTE_CHANGED / Q=74:Hiimboosted
got event: EVENT_PREGAME_PLAYER_ATTRIBUTE_CHANGED / R=1;USER_NAME=kopinpv:Hiimboosted
got event: EVENT_PREGAME_SESSION_ATTRIBUTE_CHANGED / Q=73:Hiimboosted
got event: EVENT_PREGAME_SESSION_ATTRIBUTE_CHANGED / Q=72:Hiimboosted
got event: EVENT_PREGAME_PLAYER_ATTRIBUTE_CHANGED / R=1;USER_NAME=So3800:Hiimboosted
got event: EVENT_PREGAME_SESSION_ATTRIBUTE_CHANGED / Q=-1:Hiimboosted
got event: EVENT_PREGAME_SESSION_ATTRIBUTE_CHANGED / A=USER_READY:Hiimboosted
got event: EVENT_PREGAME_PLAYER_ATTRIBUTE_CHANGED / R=0;USER_NAME=Hiimboosted:Hiimboosted
got event: EVENT_PREGAME_PLAYER_ATTRIBUTE_CHANGED / R=0;USER_NAME=KTV95:Hiimboosted
got event: EVENT_PREGAME_PLAYER_ATTRIBUTE_CHANGED / R=0;USER_NAME=lojzi1999:Hiimboosted
got event: EVENT_PREGAME_PLAYER_ATTRIBUTE_CHANGED / R=0;USER_NAME=CrackHead-GS-:Hiimboosted
got event: EVENT_PREGAME_PLAYER_ATTRIBUTE_CHANGED / R=0;USER_NAME=Suonip:Hiimboosted
got event: EVENT_PREGAME_PLAYER_ATTRIBUTE_CHANGED / R=0;USER_NAME=Zmeichik2013:Hiimboosted
got event: EVENT_PREGAME_PLAYER_ATTRIBUTE_CHANGED / R=0;USER_NAME=teeee2011:Hiimboosted
got event: EVENT_PREGAME_PLAYER_ATTRIBUTE_CHANGED / R=0;USER_NAME=So3800:Hiimboosted
got event: EVENT_PREGAME_PLAYER_ATTRIBUTE_CHANGED / R=0;USER_NAME=kopinpv:Hiimboosted
got event: EVENT_PREGAME_PLAYER_ATTRIBUTE_CHANGED / R=0;USER_NAME=Killam444:Hiimboosted
got event: EVENT_PREGAME_PLAYER_ATTRIBUTE_CHANGED / B=1;USER_NAME=Hiimboosted:Hiimboosted
got event: EVENT_PREGAME_PLAYER_ATTRIBUTE_CHANGED / B=0;USER_NAME=Suonip:Suonip
got event: EVENT_PREGAME_PLAYER_ATTRIBUTE_CHANGED / O=0;USER_NAME=Suonip:Suonip
got event: EVENT_PREGAME_PLAYER_ATTRIBUTE_CHANGED / B=4;USER_NAME=Killam444:Killam444
got event: EVENT_PREGAME_PLAYER_ATTRIBUTE_CHANGED / O=0;USER_NAME=Killam444:Killam444
got event: EVENT_PREGAME_PLAYER_ATTRIBUTE_CHANGED / O=0;USER_NAME=Killam444:Killam444
got event: EVENT_PREGAME_PLAYER_ATTRIBUTE_CHANGED / O=0;USER_NAME=Suonip:Suonip
got event: EVENT_PREGAME_PLAYER_ATTRIBUTE_CHANGED / B=3;USER_NAME=lojzi1999:lojzi1999
got event: EVENT_PREGAME_PLAYER_ATTRIBUTE_CHANGED / O=0;USER_NAME=lojzi1999:lojzi1999
got event: EVENT_PREGAME_PLAYER_ATTRIBUTE_CHANGED / O=0;USER_NAME=lojzi1999:lojzi1999
got event: EVENT_PREGAME_PLAYER_ATTRIBUTE_CHANGED / B=2;USER_NAME=So3800:So3800
got event: EVENT_PREGAME_PLAYER_ATTRIBUTE_CHANGED / B=4;USER_NAME=kopinpv:kopinpv
got event: EVENT_PREGAME_PLAYER_ATTRIBUTE_CHANGED / O=4;USER_NAME=kopinpv:kopinpv
got event: EVENT_PREGAME_PLAYER_ATTRIBUTE_CHANGED / O=0;USER_NAME=So3800:So3800
got event: EVENT_PREGAME_PLAYER_ATTRIBUTE_CHANGED / B=3;USER_NAME=CrackHead-GS-:CrackHead-GS-
got event: EVENT_PREGAME_PLAYER_ATTRIBUTE_CHANGED / O=0;USER_NAME=CrackHead-GS-:CrackHead-GS-
got event: EVENT_PREGAME_PLAYER_ATTRIBUTE_CHANGED / O=0;USER_NAME=So3800:So3800
got event: EVENT_PREGAME_PLAYER_ATTRIBUTE_CHANGED / O=0;USER_NAME=CrackHead-GS-:CrackHead-GS-
got event: EVENT_PREGAME_PLAYER_ATTRIBUTE_CHANGED / O=0;USER_NAME=Hiimboosted:Hiimboosted
got event: EVENT_PREGAME_PLAYER_ATTRIBUTE_CHANGED / O=0;USER_NAME=Hiimboosted:Hiimboosted
got event: EVENT_PREGAME_PLAYER_ATTRIBUTE_CHANGED / B=0;USER_NAME=KTV95:KTV95
got event: EVENT_PREGAME_PLAYER_ATTRIBUTE_CHANGED / O=0;USER_NAME=KTV95:KTV95
got event: EVENT_PREGAME_PLAYER_ATTRIBUTE_CHANGED / O=0;USER_NAME=KTV95:KTV95
got event: EVENT_PREGAME_PLAYER_ATTRIBUTE_CHANGED / O=4;USER_NAME=kopinpv:kopinpv
got event: EVENT_PREGAME_PLAYER_ATTRIBUTE_CHANGED / B=2;USER_NAME=Zmeichik2013:Zmeichik2013
got event: EVENT_PREGAME_PLAYER_ATTRIBUTE_CHANGED / O=0;USER_NAME=Zmeichik2013:Zmeichik2013
got event: EVENT_PREGAME_PLAYER_ATTRIBUTE_CHANGED / O=0;USER_NAME=Zmeichik2013:Zmeichik2013
got event: EVENT_PREGAME_SESSION_ATTRIBUTE_CHANGED / Q=40:Hiimboosted
got event: EVENT_PREGAME_PLAYER_ATTRIBUTE_CHANGED / O=0;USER_NAME=KTV95:KTV95
got event: EVENT_PREGAME_PLAYER_ATTRIBUTE_CHANGED / P=10;USER_NAME=KTV95:Hiimboosted
got event: EVENT_PREGAME_PLAYER_ATTRIBUTE_CHANGED / R=1;USER_NAME=KTV95:Hiimboosted
got event: EVENT_PREGAME_SESSION_ATTRIBUTE_CHANGED / Q=39:Hiimboosted
got event: EVENT_PREGAME_PLAYER_ATTRIBUTE_CHANGED / O=4;USER_NAME=kopinpv:kopinpv
got event: EVENT_PREGAME_PLAYER_ATTRIBUTE_CHANGED / O=0;USER_NAME=So3800:So3800
got event: EVENT_PREGAME_PLAYER_ATTRIBUTE_CHANGED / O=0;USER_NAME=Killam444:Killam444
got event: EVENT_PREGAME_PLAYER_ATTRIBUTE_CHANGED / P=10;USER_NAME=kopinpv:Hiimboosted
got event: EVENT_PREGAME_PLAYER_ATTRIBUTE_CHANGED / P=8;USER_NAME=Killam444:Hiimboosted
got event: EVENT_PREGAME_PLAYER_ATTRIBUTE_CHANGED / O=0;USER_NAME=CrackHead-GS-:CrackHead-GS-
got event: EVENT_PREGAME_PLAYER_ATTRIBUTE_CHANGED / P=9;USER_NAME=So3800:Hiimboosted
got event: EVENT_PREGAME_PLAYER_ATTRIBUTE_CHANGED / P=6;USER_NAME=CrackHead-GS-:Hiimboosted
got event: EVENT_PREGAME_PLAYER_ATTRIBUTE_CHANGED / R=1;USER_NAME=kopinpv:Hiimboosted
got event: EVENT_PREGAME_PLAYER_ATTRIBUTE_CHANGED / R=1;USER_NAME=Killam444:Hiimboosted
got event: EVENT_PREGAME_PLAYER_ATTRIBUTE_CHANGED / R=1;USER_NAME=So3800:Hiimboosted
got event: EVENT_PREGAME_PLAYER_ATTRIBUTE_CHANGED / R=1;USER_NAME=CrackHead-GS-:Hiimboosted
got event: EVENT_PREGAME_PLAYER_ATTRIBUTE_CHANGED / P=11;USER_NAME=teeee2011:Hiimboosted
got event: EVENT_PREGAME_PLAYER_ATTRIBUTE_CHANGED / R=1;USER_NAME=teeee2011:Hiimboosted
got event: EVENT_PREGAME_PLAYER_ATTRIBUTE_CHANGED / P=-1;USER_NAME=So3800:Hiimboosted
got event: EVENT_PREGAME_PLAYER_ATTRIBUTE_CHANGED / R=0;USER_NAME=So3800:Hiimboosted
got event: EVENT_PREGAME_SESSION_ATTRIBUTE_CHANGED / Q=38:Hiimboosted
got event: EVENT_PREGAME_PLAYER_ATTRIBUTE_CHANGED / O=0;USER_NAME=Hiimboosted:Hiimboosted
got event: EVENT_PREGAME_PLAYER_ATTRIBUTE_CHANGED / P=11;USER_NAME=Hiimboosted:Hiimboosted
got event: EVENT_PREGAME_PLAYER_ATTRIBUTE_CHANGED / R=1;USER_NAME=Hiimboosted:Hiimboosted
got event: EVENT_PREGAME_SESSION_ATTRIBUTE_CHANGED / Q=37:Hiimboosted
got event: EVENT_PREGAME_PLAYER_ATTRIBUTE_CHANGED / O=0;USER_NAME=lojzi1999:lojzi1999
got event: EVENT_PREGAME_PLAYER_ATTRIBUTE_CHANGED / P=9;USER_NAME=lojzi1999:Hiimboosted
got event: EVENT_PREGAME_PLAYER_ATTRIBUTE_CHANGED / R=1;USER_NAME=lojzi1999:Hiimboosted
got event: EVENT_PREGAME_SESSION_ATTRIBUTE_CHANGED / Q=36:Hiimboosted
got event: EVENT_PREGAME_SESSION_ATTRIBUTE_CHANGED / Q=35:Hiimboosted
got event: EVENT_PREGAME_SESSION_ATTRIBUTE_CHANGED / Q=34:Hiimboosted
got event: EVENT_PREGAME_SESSION_ATTRIBUTE_CHANGED / Q=33:Hiimboosted
got event: EVENT_PREGAME_PLAYER_ATTRIBUTE_CHANGED / O=0;USER_NAME=So3800:So3800
got event: EVENT_PREGAME_PLAYER_ATTRIBUTE_CHANGED / P=9;USER_NAME=So3800:Hiimboosted
got event: EVENT_PREGAME_PLAYER_ATTRIBUTE_CHANGED / O=0;USER_NAME=Suonip:Suonip
got event: EVENT_PREGAME_PLAYER_ATTRIBUTE_CHANGED / P=6;USER_NAME=Suonip:Hiimboosted
got event: EVENT_PREGAME_PLAYER_ATTRIBUTE_CHANGED / R=1;USER_NAME=So3800:Hiimboosted
got event: EVENT_PREGAME_PLAYER_ATTRIBUTE_CHANGED / R=1;USER_NAME=Suonip:Hiimboosted
got event: EVENT_PREGAME_SESSION_ATTRIBUTE_CHANGED / Q=32:Hiimboosted
got event: EVENT_PREGAME_SESSION_ATTRIBUTE_CHANGED / Q=31:Hiimboosted
got event: EVENT_PREGAME_PLAYER_ATTRIBUTE_CHANGED / O=0;USER_NAME=Zmeichik2013:Zmeichik2013
got event: EVENT_PREGAME_PLAYER_ATTRIBUTE_CHANGED / P=8;USER_NAME=Zmeichik2013:Hiimboosted
got event: EVENT_PREGAME_PLAYER_ATTRIBUTE_CHANGED / R=1;USER_NAME=Zmeichik2013:Hiimboosted
got event: EVENT_PREGAME_SESSION_ATTRIBUTE_CHANGED / Q=-1:Hiimboosted
got event: EVENT_PREGAME_SESSION_ATTRIBUTE_CHANGED / A=USER_READY:Hiimboosted
got event: EVENT_PREGAME_PLAYER_ATTRIBUTE_CHANGED / R=0;USER_NAME=Hiimboosted:Hiimboosted
got event: EVENT_PREGAME_PLAYER_ATTRIBUTE_CHANGED / R=0;USER_NAME=KTV95:Hiimboosted
got event: EVENT_PREGAME_PLAYER_ATTRIBUTE_CHANGED / R=0;USER_NAME=lojzi1999:Hiimboosted
got event: EVENT_PREGAME_PLAYER_ATTRIBUTE_CHANGED / R=0;USER_NAME=CrackHead-GS-:Hiimboosted
got event: EVENT_PREGAME_PLAYER_ATTRIBUTE_CHANGED / R=0;USER_NAME=Suonip:Hiimboosted
got event: EVENT_PREGAME_PLAYER_ATTRIBUTE_CHANGED / R=0;USER_NAME=Zmeichik2013:Hiimboosted
got event: EVENT_PREGAME_PLAYER_ATTRIBUTE_CHANGED / R=0;USER_NAME=teeee2011:Hiimboosted
got event: EVENT_PREGAME_PLAYER_ATTRIBUTE_CHANGED / R=0;USER_NAME=So3800:Hiimboosted
got event: EVENT_PREGAME_PLAYER_ATTRIBUTE_CHANGED / R=0;USER_NAME=kopinpv:Hiimboosted
got event: EVENT_PREGAME_PLAYER_ATTRIBUTE_CHANGED / R=0;USER_NAME=Killam444:Hiimboosted
got event: EVENT_PREGAME_GROUP_ATTRIBUTE_CHANGED / C_0=Suonip:Suonip
got event: EVENT_PREGAME_GROUP_ATTRIBUTE_CHANGED / C_1=KTV95:KTV95
got event: EVENT_PREGAME_SESSION_ATTRIBUTE_CHANGED / Q=30:11Cazadordegoles
got event: EVENT_PREGAME_PLAYER_ATTRIBUTE_CHANGED / P=11;USER_NAME=11Cazadordegoles:11Cazadordegoles
got event: EVENT_PREGAME_GROUP_FOR_PLAYER_CHANGED / _GI=0;USER_NAME=11Cazadordegoles:11Cazadordegoles
got event: EVENT_PREGAME_GROUP_ATTRIBUTE_CHANGED / I_0=39408;O_0=A11;N_0=Amorphis;Z_0=99090113:11Cazadordegoles
got event: EVENT_PREGAME_GROUP_ATTRIBUTE_CHANGED / T_0=325:11Cazadordegoles
got event: EVENT_PREGAME_GROUP_ATTRIBUTE_CHANGED / J_0=7658:11Cazadordegoles
got event: EVENT_PREGAME_GROUP_ATTRIBUTE_CHANGED / C_0=11Cazadordegoles:11Cazadordegoles
got event: EVENT_PREGAME_GROUP_ATTRIBUTE_CHANGED / C_0=11Cazadordegoles:11Cazadordegoles
got event: EVENT_PREGAME_ARBITRATOR_IS_READY / _ARDY=1;USER_NAME=11Cazadordegoles:11Cazadordegoles
got event: EVENT_PREGAME_SESSION_ATTRIBUTE_CHANGED / Q=29:11Cazadordegoles
got event: EVENT_PREGAME_PLAYER_ATTRIBUTE_CHANGED / P=8;USER_NAME=Agent-Currywurst:Agent-Currywurst
got event: EVENT_PREGAME_PLAYER_ATTRIBUTE_CHANGED / P=11;USER_NAME=MihneaR72:MihneaR72
got event: EVENT_PREGAME_GROUP_FOR_PLAYER_CHANGED / _GI=0;USER_NAME=Agent-Currywurst:11Cazadordegoles
got event: EVENT_PREGAME_GROUP_FOR_PLAYER_CHANGED / _GI=1;USER_NAME=MihneaR72:11Cazadordegoles
got event: EVENT_PREGAME_GROUP_FOR_PLAYER_CHANGED / _GI=1;USER_NAME=teeee2011:11Cazadordegoles
got event: EVENT_PREGAME_PLAYER_ATTRIBUTE_CHANGED / R=1;USER_NAME=11Cazadordegoles:11Cazadordegoles
got event: EVENT_PREGAME_GROUP_ATTRIBUTE_CHANGED / I_1=822;O_1=HLK;N_1=Hulkfc;Z_1=99080610:MihneaR72
got event: EVENT_PREGAME_GROUP_ATTRIBUTE_CHANGED / T_1=32:11Cazadordegoles
got event: EVENT_PREGAME_GROUP_ATTRIBUTE_CHANGED / J_1=7665:11Cazadordegoles
got event: EVENT_PREGAME_GROUP_ATTRIBUTE_CHANGED / C_1=MihneaR72:11Cazadordegoles
got event: EVENT_PREGAME_GROUP_ATTRIBUTE_CHANGED / C_1=MihneaR72:11Cazadordegoles
got event: EVENT_PREGAME_PLAYER_ATTRIBUTE_CHANGED / R=1;USER_NAME=MihneaR72:11Cazadordegoles
got event: EVENT_PREGAME_PLAYER_ATTRIBUTE_CHANGED / R=1;USER_NAME=Agent-Currywurst:11Cazadordegoles
got event: EVENT_PREGAME_PLAYER_ATTRIBUTE_CHANGED / R=1;USER_NAME=teeee2011:11Cazadordegoles
got event: EVENT_PREGAME_SESSION_ATTRIBUTE_CHANGED / Q=-1:11Cazadordegoles
got event: EVENT_PREGAME_SESSION_ATTRIBUTE_CHANGED / A=USER_READY:11Cazadordegoles
got event: EVENT_PREGAME_PLAYER_ATTRIBUTE_CHANGED / R=0;USER_NAME=11Cazadordegoles:11Cazadordegoles
got event: EVENT_PREGAME_PLAYER_ATTRIBUTE_CHANGED / R=0;USER_NAME=Agent-Currywurst:11Cazadordegoles
got event: EVENT_PREGAME_PLAYER_ATTRIBUTE_CHANGED / R=0;USER_NAME=MihneaR72:11Cazadordegoles
got event: EVENT_PREGAME_PLAYER_ATTRIBUTE_CHANGED / R=0;USER_NAME=teeee2011:11Cazadordegoles
got event: EVENT_PREGAME_PLAYER_ATTRIBUTE_CHANGED / B=0;USER_NAME=11Cazadordegoles:11Cazadordegoles
got event: EVENT_PREGAME_PLAYER_ATTRIBUTE_CHANGED / O=4;USER_NAME=11Cazadordegoles:11Cazadordegoles
got event: EVENT_PREGAME_PLAYER_ATTRIBUTE_CHANGED / B=0;USER_NAME=MihneaR72:MihneaR72
got event: EVENT_PREGAME_PLAYER_ATTRIBUTE_CHANGED / O=0;USER_NAME=MihneaR72:MihneaR72
got event: EVENT_PREGAME_PLAYER_ATTRIBUTE_CHANGED / B=1;USER_NAME=Agent-Currywurst:Agent-Currywurst
got event: EVENT_PREGAME_PLAYER_ATTRIBUTE_CHANGED / O=0;USER_NAME=Agent-Currywurst:Agent-Currywurst
got event: EVENT_PREGAME_SESSION_ATTRIBUTE_CHANGED / Q=30:MihneaR72
got event: EVENT_PREGAME_PLAYER_ATTRIBUTE_CHANGED / P=11;USER_NAME=MihneaR72:MihneaR72
got event: EVENT_PREGAME_GROUP_FOR_PLAYER_CHANGED / _GI=0;USER_NAME=MihneaR72:MihneaR72
got event: EVENT_PREGAME_GROUP_ATTRIBUTE_CHANGED / I_0=822;O_0=HLK;N_0=Hulkfc;Z_0=99080610:MihneaR72
got event: EVENT_PREGAME_GROUP_ATTRIBUTE_CHANGED / T_0=32:MihneaR72
got event: EVENT_PREGAME_GROUP_ATTRIBUTE_CHANGED / J_0=7665:MihneaR72
got event: EVENT_PREGAME_GROUP_ATTRIBUTE_CHANGED / C_0=MihneaR72:MihneaR72
got event: EVENT_PREGAME_GROUP_ATTRIBUTE_CHANGED / C_0=MihneaR72:MihneaR72
got event: EVENT_PREGAME_PLAYER_ATTRIBUTE_CHANGED / P=11;USER_NAME=GeekLom5:GeekLom5
got event: EVENT_PREGAME_GROUP_FOR_PLAYER_CHANGED / _GI=0;USER_NAME=teeee2011:MihneaR72
got event: EVENT_PREGAME_GROUP_FOR_PLAYER_CHANGED / _GI=1;USER_NAME=GeekLom5:MihneaR72
got event: EVENT_PREGAME_PLAYER_ATTRIBUTE_CHANGED / R=1;USER_NAME=MihneaR72:MihneaR72
got event: EVENT_PREGAME_PLAYER_ATTRIBUTE_CHANGED / P=10;USER_NAME=Robert9601:Robert9601
got event: EVENT_PREGAME_GROUP_ATTRIBUTE_CHANGED / I_1=5258;O_1=KTB;N_1=Kiedys To Bylo;Z_1=241:GeekLom5
got event: EVENT_PREGAME_GROUP_FOR_PLAYER_CHANGED / _GI=1;USER_NAME=Robert9601:MihneaR72
got event: EVENT_PREGAME_GROUP_ATTRIBUTE_CHANGED / T_1=241:MihneaR72
got event: EVENT_PREGAME_GROUP_ATTRIBUTE_CHANGED / J_1=3948545:MihneaR72
got event: EVENT_PREGAME_GROUP_ATTRIBUTE_CHANGED / C_1=GeekLom5:MihneaR72
got event: EVENT_PREGAME_GROUP_ATTRIBUTE_CHANGED / C_1=GeekLom5:MihneaR72
got event: EVENT_PREGAME_PLAYER_ATTRIBUTE_CHANGED / R=1;USER_NAME=teeee2011:MihneaR72
got event: EVENT_PREGAME_PLAYER_ATTRIBUTE_CHANGED / R=1;USER_NAME=GeekLom5:MihneaR72
got event: EVENT_PREGAME_PLAYER_ATTRIBUTE_CHANGED / R=1;USER_NAME=Robert9601:MihneaR72
got event: EVENT_PREGAME_SESSION_ATTRIBUTE_CHANGED / Q=-1:MihneaR72
got event: EVENT_PREGAME_SESSION_ATTRIBUTE_CHANGED / A=USER_READY:MihneaR72
got event: EVENT_PREGAME_PLAYER_ATTRIBUTE_CHANGED / R=0;USER_NAME=MihneaR72:MihneaR72
got event: EVENT_PREGAME_PLAYER_ATTRIBUTE_CHANGED / R=0;USER_NAME=teeee2011:MihneaR72
got event: EVENT_PREGAME_PLAYER_ATTRIBUTE_CHANGED / R=0;USER_NAME=GeekLom5:MihneaR72
got event: EVENT_PREGAME_PLAYER_ATTRIBUTE_CHANGED / R=0;USER_NAME=Robert9601:MihneaR72
got event: EVENT_PREGAME_PLAYER_ATTRIBUTE_CHANGED / B=0;USER_NAME=MihneaR72:MihneaR72
got event: EVENT_PREGAME_PLAYER_ATTRIBUTE_CHANGED / O=0;USER_NAME=MihneaR72:MihneaR72
got event: EVENT_PREGAME_PLAYER_ATTRIBUTE_CHANGED / B=0;USER_NAME=GeekLom5:GeekLom5
got event: EVENT_PREGAME_PLAYER_ATTRIBUTE_CHANGED / O=0;USER_NAME=GeekLom5:GeekLom5
got event: EVENT_PREGAME_PLAYER_ATTRIBUTE_CHANGED / B=1;USER_NAME=Robert9601:Robert9601
got event: EVENT_PREGAME_PLAYER_ATTRIBUTE_CHANGED / O=0;USER_NAME=Robert9601:Robert9601
got event: EVENT_PREGAME_ARBITRATOR_IS_READY / _ARDY=1;USER_NAME=MihneaR72:MihneaR72
got event: EVENT_PREGAME_SESSION_ATTRIBUTE_CHANGED / Q=30:MihneaR72
got event: EVENT_PREGAME_SESSION_ATTRIBUTE_CHANGED / Q=29:MihneaR72
got event: EVENT_PREGAME_SESSION_ATTRIBUTE_CHANGED / Q=30:MihneaR72
got event: EVENT_PREGAME_PLAYER_ATTRIBUTE_CHANGED / P=11;USER_NAME=MihneaR72:MihneaR72
got event: EVENT_PREGAME_GROUP_FOR_PLAYER_CHANGED / _GI=0;USER_NAME=MihneaR72:MihneaR72
got event: EVENT_PREGAME_GROUP_ATTRIBUTE_CHANGED / I_0=822;O_0=HLK;N_0=Hulkfc;Z_0=99080610:MihneaR72
got event: EVENT_PREGAME_GROUP_ATTRIBUTE_CHANGED / T_0=32:MihneaR72
got event: EVENT_PREGAME_GROUP_ATTRIBUTE_CHANGED / J_0=7665:MihneaR72
got event: EVENT_PREGAME_GROUP_ATTRIBUTE_CHANGED / C_0=MihneaR72:MihneaR72
got event: EVENT_PREGAME_GROUP_ATTRIBUTE_CHANGED / C_0=MihneaR72:MihneaR72
got event: EVENT_PREGAME_ARBITRATOR_IS_READY / _ARDY=1;USER_NAME=MihneaR72:MihneaR72
got event: EVENT_PREGAME_SESSION_ATTRIBUTE_CHANGED / Q=29:MihneaR72
got event: EVENT_PREGAME_GROUP_FOR_PLAYER_CHANGED / _GI=0;USER_NAME=teeee2011:MihneaR72
got event: EVENT_PREGAME_PLAYER_ATTRIBUTE_CHANGED / P=11;USER_NAME=GeekLom5:GeekLom5
got event: EVENT_PREGAME_PLAYER_ATTRIBUTE_CHANGED / R=1;USER_NAME=MihneaR72:MihneaR72
got event: EVENT_PREGAME_GROUP_FOR_PLAYER_CHANGED / _GI=1;USER_NAME=GeekLom5:MihneaR72
got event: EVENT_PREGAME_PLAYER_ATTRIBUTE_CHANGED / P=10;USER_NAME=Robert9601:Robert9601
got event: EVENT_PREGAME_GROUP_ATTRIBUTE_CHANGED / I_1=5258;O_1=KTB;N_1=Kiedys To Bylo;Z_1=241:GeekLom5
got event: EVENT_PREGAME_GROUP_FOR_PLAYER_CHANGED / _GI=1;USER_NAME=Robert9601:MihneaR72
got event: EVENT_PREGAME_PLAYER_ATTRIBUTE_CHANGED / R=1;USER_NAME=teeee2011:MihneaR72
got event: EVENT_PREGAME_GROUP_ATTRIBUTE_CHANGED / T_1=241:MihneaR72
got event: EVENT_PREGAME_GROUP_ATTRIBUTE_CHANGED / J_1=3948545:MihneaR72
got event: EVENT_PREGAME_GROUP_ATTRIBUTE_CHANGED / C_1=GeekLom5:MihneaR72
got event: EVENT_PREGAME_GROUP_ATTRIBUTE_CHANGED / C_1=GeekLom5:MihneaR72
got event: EVENT_PREGAME_PLAYER_ATTRIBUTE_CHANGED / R=1;USER_NAME=GeekLom5:MihneaR72
got event: EVENT_PREGAME_PLAYER_ATTRIBUTE_CHANGED / R=1;USER_NAME=Robert9601:MihneaR72
got event: EVENT_PREGAME_SESSION_ATTRIBUTE_CHANGED / Q=-1:MihneaR72
got event: EVENT_PREGAME_SESSION_ATTRIBUTE_CHANGED / A=USER_READY:MihneaR72
got event: EVENT_PREGAME_PLAYER_ATTRIBUTE_CHANGED / R=0;USER_NAME=MihneaR72:MihneaR72
got event: EVENT_PREGAME_PLAYER_ATTRIBUTE_CHANGED / R=0;USER_NAME=teeee2011:MihneaR72
got event: EVENT_PREGAME_PLAYER_ATTRIBUTE_CHANGED / R=0;USER_NAME=GeekLom5:MihneaR72
got event: EVENT_PREGAME_PLAYER_ATTRIBUTE_CHANGED / R=0;USER_NAME=Robert9601:MihneaR72
got event: EVENT_PREGAME_PLAYER_ATTRIBUTE_CHANGED / B=0;USER_NAME=MihneaR72:MihneaR72
got event: EVENT_PREGAME_PLAYER_ATTRIBUTE_CHANGED / O=0;USER_NAME=MihneaR72:MihneaR72
got event: EVENT_PREGAME_PLAYER_ATTRIBUTE_CHANGED / B=0;USER_NAME=GeekLom5:GeekLom5
got event: EVENT_PREGAME_PLAYER_ATTRIBUTE_CHANGED / O=0;USER_NAME=GeekLom5:GeekLom5
got event: EVENT_PREGAME_PLAYER_ATTRIBUTE_CHANGED / B=1;USER_NAME=Robert9601:Robert9601
got event: EVENT_PREGAME_PLAYER_ATTRIBUTE_CHANGED / O=0;USER_NAME=Robert9601:Robert9601
got event: EVENT_PREGAME_SESSION_ATTRIBUTE_CHANGED / Q=30:MihneaR72
got event: EVENT_PREGAME_PLAYER_ATTRIBUTE_CHANGED / P=11;USER_NAME=MihneaR72:MihneaR72
got event: EVENT_PREGAME_GROUP_FOR_PLAYER_CHANGED / _GI=0;USER_NAME=MihneaR72:MihneaR72
got event: EVENT_PREGAME_GROUP_ATTRIBUTE_CHANGED / I_0=822;O_0=HLK;N_0=Hulkfc;Z_0=99080610:MihneaR72
got event: EVENT_PREGAME_GROUP_ATTRIBUTE_CHANGED / T_0=32:MihneaR72
got event: EVENT_PREGAME_GROUP_ATTRIBUTE_CHANGED / J_0=7665:MihneaR72
got event: EVENT_PREGAME_GROUP_ATTRIBUTE_CHANGED / C_0=MihneaR72:MihneaR72
got event: EVENT_PREGAME_GROUP_ATTRIBUTE_CHANGED / C_0=MihneaR72:MihneaR72
got event: EVENT_PREGAME_PLAYER_ATTRIBUTE_CHANGED / P=11;USER_NAME=GeekLom5:GeekLom5
got event: EVENT_PREGAME_GROUP_FOR_PLAYER_CHANGED / _GI=0;USER_NAME=teeee2011:MihneaR72
got event: EVENT_PREGAME_GROUP_FOR_PLAYER_CHANGED / _GI=1;USER_NAME=GeekLom5:MihneaR72
got event: EVENT_PREGAME_PLAYER_ATTRIBUTE_CHANGED / R=1;USER_NAME=MihneaR72:MihneaR72
got event: EVENT_PREGAME_GROUP_ATTRIBUTE_CHANGED / I_1=5258;O_1=KTB;N_1=Kiedys To Bylo;Z_1=241:GeekLom5
got event: EVENT_PREGAME_GROUP_ATTRIBUTE_CHANGED / T_1=241:MihneaR72
got event: EVENT_PREGAME_GROUP_ATTRIBUTE_CHANGED / J_1=3948545:MihneaR72
got event: EVENT_PREGAME_GROUP_ATTRIBUTE_CHANGED / C_1=GeekLom5:MihneaR72
got event: EVENT_PREGAME_GROUP_ATTRIBUTE_CHANGED / C_1=GeekLom5:MihneaR72
got event: EVENT_PREGAME_PLAYER_ATTRIBUTE_CHANGED / R=1;USER_NAME=teeee2011:MihneaR72
got event: EVENT_PREGAME_ARBITRATOR_IS_READY / _ARDY=1;USER_NAME=MihneaR72:MihneaR72
got event: EVENT_PREGAME_SESSION_ATTRIBUTE_CHANGED / Q=29:MihneaR72
got event: EVENT_PREGAME_PLAYER_ATTRIBUTE_CHANGED / P=10;USER_NAME=Robert9601:Robert9601
got event: EVENT_PREGAME_GROUP_FOR_PLAYER_CHANGED / _GI=1;USER_NAME=Robert9601:MihneaR72
got event: EVENT_PREGAME_PLAYER_ATTRIBUTE_CHANGED / R=1;USER_NAME=GeekLom5:MihneaR72
got event: EVENT_PREGAME_SESSION_ATTRIBUTE_CHANGED / Q=28:MihneaR72
got event: EVENT_PREGAME_PLAYER_ATTRIBUTE_CHANGED / R=1;USER_NAME=Robert9601:MihneaR72
got event: EVENT_PREGAME_SESSION_ATTRIBUTE_CHANGED / Q=-1:MihneaR72
got event: EVENT_PREGAME_SESSION_ATTRIBUTE_CHANGED / A=USER_READY:MihneaR72
got event: EVENT_PREGAME_PLAYER_ATTRIBUTE_CHANGED / R=0;USER_NAME=MihneaR72:MihneaR72
got event: EVENT_PREGAME_PLAYER_ATTRIBUTE_CHANGED / R=0;USER_NAME=teeee2011:MihneaR72
got event: EVENT_PREGAME_PLAYER_ATTRIBUTE_CHANGED / R=0;USER_NAME=GeekLom5:MihneaR72
got event: EVENT_PREGAME_PLAYER_ATTRIBUTE_CHANGED / R=0;USER_NAME=Robert9601:MihneaR72
got event: EVENT_PREGAME_PLAYER_ATTRIBUTE_CHANGED / B=0;USER_NAME=MihneaR72:MihneaR72
got event: EVENT_PREGAME_PLAYER_ATTRIBUTE_CHANGED / O=0;USER_NAME=MihneaR72:MihneaR72
got event: EVENT_PREGAME_PLAYER_ATTRIBUTE_CHANGED / B=0;USER_NAME=GeekLom5:GeekLom5
got event: EVENT_PREGAME_PLAYER_ATTRIBUTE_CHANGED / O=0;USER_NAME=GeekLom5:GeekLom5
got event: EVENT_PREGAME_PLAYER_ATTRIBUTE_CHANGED / B=1;USER_NAME=Robert9601:Robert9601
got event: EVENT_PREGAME_PLAYER_ATTRIBUTE_CHANGED / O=0;USER_NAME=Robert9601:Robert9601
got event: EVENT_PREGAME_SESSION_ATTRIBUTE_CHANGED / Q=30:MihneaR72
got event: EVENT_PREGAME_SESSION_ATTRIBUTE_CHANGED / Q=29:MihneaR72
got event: EVENT_PREGAME_SESSION_ATTRIBUTE_CHANGED / Q=28:MihneaR72
got event: EVENT_PREGAME_SESSION_ATTRIBUTE_CHANGED / Q=27:MihneaR72
got event: EVENT_PREGAME_SESSION_ATTRIBUTE_CHANGED / Q=30:MihneaR72
got event: EVENT_PREGAME_PLAYER_ATTRIBUTE_CHANGED / P=11;USER_NAME=MihneaR72:MihneaR72
got event: EVENT_PREGAME_GROUP_FOR_PLAYER_CHANGED / _GI=0;USER_NAME=MihneaR72:MihneaR72
got event: EVENT_PREGAME_GROUP_ATTRIBUTE_CHANGED / I_0=822;O_0=HLK;N_0=Hulkfc;Z_0=99080610:MihneaR72
got event: EVENT_PREGAME_GROUP_ATTRIBUTE_CHANGED / T_0=32:MihneaR72
got event: EVENT_PREGAME_GROUP_ATTRIBUTE_CHANGED / J_0=7665:MihneaR72
got event: EVENT_PREGAME_GROUP_ATTRIBUTE_CHANGED / C_0=MihneaR72:MihneaR72
got event: EVENT_PREGAME_GROUP_ATTRIBUTE_CHANGED / C_0=MihneaR72:MihneaR72
got event: EVENT_PREGAME_ARBITRATOR_IS_READY / _ARDY=1;USER_NAME=MihneaR72:MihneaR72
got event: EVENT_PREGAME_SESSION_ATTRIBUTE_CHANGED / Q=29:MihneaR72
got event: EVENT_PREGAME_PLAYER_ATTRIBUTE_CHANGED / P=11;USER_NAME=GeekLom5:GeekLom5
got event: EVENT_PREGAME_GROUP_FOR_PLAYER_CHANGED / _GI=0;USER_NAME=teeee2011:MihneaR72
got event: EVENT_PREGAME_GROUP_FOR_PLAYER_CHANGED / _GI=1;USER_NAME=GeekLom5:MihneaR72
got event: EVENT_PREGAME_PLAYER_ATTRIBUTE_CHANGED / P=10;USER_NAME=Robert9601:Robert9601
got event: EVENT_PREGAME_PLAYER_ATTRIBUTE_CHANGED / R=1;USER_NAME=MihneaR72:MihneaR72
got event: EVENT_PREGAME_GROUP_ATTRIBUTE_CHANGED / I_1=5258;O_1=KTB;N_1=Kiedys To Bylo;Z_1=241:GeekLom5
got event: EVENT_PREGAME_GROUP_FOR_PLAYER_CHANGED / _GI=1;USER_NAME=Robert9601:MihneaR72
got event: EVENT_PREGAME_GROUP_ATTRIBUTE_CHANGED / T_1=241:MihneaR72
got event: EVENT_PREGAME_GROUP_ATTRIBUTE_CHANGED / J_1=3948545:MihneaR72
got event: EVENT_PREGAME_GROUP_ATTRIBUTE_CHANGED / C_1=GeekLom5:MihneaR72
got event: EVENT_PREGAME_GROUP_ATTRIBUTE_CHANGED / C_1=GeekLom5:MihneaR72
got event: EVENT_PREGAME_PLAYER_ATTRIBUTE_CHANGED / R=1;USER_NAME=teeee2011:MihneaR72
got event: EVENT_PREGAME_PLAYER_ATTRIBUTE_CHANGED / R=1;USER_NAME=GeekLom5:MihneaR72
got event: EVENT_PREGAME_PLAYER_ATTRIBUTE_CHANGED / R=1;USER_NAME=Robert9601:MihneaR72
got event: EVENT_PREGAME_SESSION_ATTRIBUTE_CHANGED / Q=-1:MihneaR72
got event: EVENT_PREGAME_SESSION_ATTRIBUTE_CHANGED / A=USER_READY:MihneaR72
got event: EVENT_PREGAME_PLAYER_ATTRIBUTE_CHANGED / R=0;USER_NAME=MihneaR72:MihneaR72
got event: EVENT_PREGAME_PLAYER_ATTRIBUTE_CHANGED / R=0;USER_NAME=teeee2011:MihneaR72
got event: EVENT_PREGAME_PLAYER_ATTRIBUTE_CHANGED / R=0;USER_NAME=GeekLom5:MihneaR72
got event: EVENT_PREGAME_PLAYER_ATTRIBUTE_CHANGED / R=0;USER_NAME=Robert9601:MihneaR72
got event: EVENT_PREGAME_PLAYER_ATTRIBUTE_CHANGED / B=0;USER_NAME=MihneaR72:MihneaR72
got event: EVENT_PREGAME_PLAYER_ATTRIBUTE_CHANGED / O=0;USER_NAME=MihneaR72:MihneaR72
got event: EVENT_PREGAME_PLAYER_ATTRIBUTE_CHANGED / B=0;USER_NAME=GeekLom5:GeekLom5
got event: EVENT_PREGAME_PLAYER_ATTRIBUTE_CHANGED / O=0;USER_NAME=GeekLom5:GeekLom5
got event: EVENT_PREGAME_PLAYER_ATTRIBUTE_CHANGED / B=1;USER_NAME=Robert9601:Robert9601
got event: EVENT_PREGAME_PLAYER_ATTRIBUTE_CHANGED / O=0;USER_NAME=Robert9601:Robert9601
got event: EVENT_PREGAME_SESSION_ATTRIBUTE_CHANGED / Q=30:MihneaR72
got event: EVENT_PREGAME_PLAYER_ATTRIBUTE_CHANGED / P=11;USER_NAME=MihneaR72:MihneaR72
got event: EVENT_PREGAME_GROUP_FOR_PLAYER_CHANGED / _GI=0;USER_NAME=MihneaR72:MihneaR72
got event: EVENT_PREGAME_GROUP_ATTRIBUTE_CHANGED / I_0=822;O_0=HLK;N_0=Hulkfc;Z_0=99080610:MihneaR72
got event: EVENT_PREGAME_GROUP_ATTRIBUTE_CHANGED / T_0=32:MihneaR72
got event: EVENT_PREGAME_GROUP_ATTRIBUTE_CHANGED / J_0=7665:MihneaR72
got event: EVENT_PREGAME_GROUP_ATTRIBUTE_CHANGED / C_0=MihneaR72:MihneaR72
got event: EVENT_PREGAME_GROUP_ATTRIBUTE_CHANGED / C_0=MihneaR72:MihneaR72
got event: EVENT_PREGAME_ARBITRATOR_IS_READY / _ARDY=1;USER_NAME=MihneaR72:MihneaR72
got event: EVENT_PREGAME_SESSION_ATTRIBUTE_CHANGED / Q=29:MihneaR72
got event: EVENT_PREGAME_PLAYER_ATTRIBUTE_CHANGED / P=10;USER_NAME=Afaro898:Afaro898
got event: EVENT_PREGAME_PLAYER_ATTRIBUTE_CHANGED / P=7;USER_NAME=Bokatomoka:Bokatomoka
got event: EVENT_PREGAME_GROUP_FOR_PLAYER_CHANGED / _GI=0;USER_NAME=teeee2011:MihneaR72
got event: EVENT_PREGAME_PLAYER_ATTRIBUTE_CHANGED / P=6;USER_NAME=M4estr0PL:M4estr0PL
got event: EVENT_PREGAME_PLAYER_ATTRIBUTE_CHANGED / P=11;USER_NAME=Ribelas23:Ribelas23
got event: EVENT_PREGAME_GROUP_FOR_PLAYER_CHANGED / _GI=1;USER_NAME=Afaro898:MihneaR72
got event: EVENT_PREGAME_GROUP_FOR_PLAYER_CHANGED / _GI=1;USER_NAME=Bokatomoka:MihneaR72
got event: EVENT_PREGAME_PLAYER_ATTRIBUTE_CHANGED / R=1;USER_NAME=MihneaR72:MihneaR72
got event: EVENT_PREGAME_GROUP_FOR_PLAYER_CHANGED / _GI=1;USER_NAME=M4estr0PL:MihneaR72
got event: EVENT_PREGAME_GROUP_FOR_PLAYER_CHANGED / _GI=1;USER_NAME=Ribelas23:MihneaR72
got event: EVENT_PREGAME_GROUP_ATTRIBUTE_CHANGED / I_1=23689;O_1=WLP;N_1=We Love Pass;Z_1=99040812:Afaro898
got event: EVENT_PREGAME_PLAYER_ATTRIBUTE_CHANGED / P=8;USER_NAME=qbx261:qbx261
got event: EVENT_PREGAME_GROUP_ATTRIBUTE_CHANGED / T_1=9:MihneaR72
got event: EVENT_PREGAME_GROUP_ATTRIBUTE_CHANGED / J_1=7512:MihneaR72
got event: EVENT_PREGAME_GROUP_ATTRIBUTE_CHANGED / C_1=Bokatomoka:MihneaR72
got event: EVENT_PREGAME_GROUP_ATTRIBUTE_CHANGED / C_1=Bokatomoka:MihneaR72
got event: EVENT_PREGAME_GROUP_FOR_PLAYER_CHANGED / _GI=1;USER_NAME=qbx261:MihneaR72
got event: EVENT_PREGAME_PLAYER_ATTRIBUTE_CHANGED / R=1;USER_NAME=teeee2011:MihneaR72
got event: EVENT_PREGAME_PLAYER_ATTRIBUTE_CHANGED / R=1;USER_NAME=Bokatomoka:MihneaR72
got event: EVENT_PREGAME_PLAYER_ATTRIBUTE_CHANGED / R=1;USER_NAME=M4estr0PL:MihneaR72
got event: EVENT_PREGAME_PLAYER_ATTRIBUTE_CHANGED / R=1;USER_NAME=Afaro898:MihneaR72
got event: EVENT_PREGAME_PLAYER_ATTRIBUTE_CHANGED / R=1;USER_NAME=Ribelas23:MihneaR72
got event: EVENT_PREGAME_PLAYER_ATTRIBUTE_CHANGED / R=1;USER_NAME=qbx261:MihneaR72
got event: EVENT_PREGAME_SESSION_ATTRIBUTE_CHANGED / Q=-1:MihneaR72
got event: EVENT_PREGAME_SESSION_ATTRIBUTE_CHANGED / A=USER_READY:MihneaR72
got event: EVENT_PREGAME_PLAYER_ATTRIBUTE_CHANGED / R=0;USER_NAME=MihneaR72:MihneaR72
got event: EVENT_PREGAME_PLAYER_ATTRIBUTE_CHANGED / R=0;USER_NAME=teeee2011:MihneaR72
got event: EVENT_PREGAME_PLAYER_ATTRIBUTE_CHANGED / R=0;USER_NAME=Bokatomoka:MihneaR72
got event: EVENT_PREGAME_PLAYER_ATTRIBUTE_CHANGED / R=0;USER_NAME=Afaro898:MihneaR72
got event: EVENT_PREGAME_PLAYER_ATTRIBUTE_CHANGED / R=0;USER_NAME=Ribelas23:MihneaR72
got event: EVENT_PREGAME_PLAYER_ATTRIBUTE_CHANGED / R=0;USER_NAME=M4estr0PL:MihneaR72
got event: EVENT_PREGAME_PLAYER_ATTRIBUTE_CHANGED / R=0;USER_NAME=qbx261:MihneaR72
got event: EVENT_PREGAME_PLAYER_ATTRIBUTE_CHANGED / B=0;USER_NAME=MihneaR72:MihneaR72
got event: EVENT_PREGAME_PLAYER_ATTRIBUTE_CHANGED / O=0;USER_NAME=MihneaR72:MihneaR72
got event: EVENT_PREGAME_PLAYER_ATTRIBUTE_CHANGED / B=2;USER_NAME=M4estr0PL:M4estr0PL
got event: EVENT_PREGAME_PLAYER_ATTRIBUTE_CHANGED / O=0;USER_NAME=M4estr0PL:M4estr0PL
got event: EVENT_PREGAME_PLAYER_ATTRIBUTE_CHANGED / B=0;USER_NAME=Afaro898:Afaro898
got event: EVENT_PREGAME_PLAYER_ATTRIBUTE_CHANGED / O=0;USER_NAME=Afaro898:Afaro898
got event: EVENT_PREGAME_PLAYER_ATTRIBUTE_CHANGED / B=1;USER_NAME=Bokatomoka:Bokatomoka
got event: EVENT_PREGAME_PLAYER_ATTRIBUTE_CHANGED / O=0;USER_NAME=Bokatomoka:Bokatomoka
got event: EVENT_PREGAME_PLAYER_ATTRIBUTE_CHANGED / B=3;USER_NAME=Ribelas23:Ribelas23
got event: EVENT_PREGAME_PLAYER_ATTRIBUTE_CHANGED / O=4;USER_NAME=Ribelas23:Ribelas23
got event: EVENT_PREGAME_PLAYER_ATTRIBUTE_CHANGED / B=4;USER_NAME=qbx261:qbx261
got event: EVENT_PREGAME_PLAYER_ATTRIBUTE_CHANGED / O=0;USER_NAME=qbx261:qbx261
got event: EVENT_PREGAME_ARBITRATOR_IS_READY / _ARDY=1;USER_NAME=MihneaR72:MihneaR72
got event: EVENT_PREGAME_SESSION_ATTRIBUTE_CHANGED / Q=29:MihneaR72
got event: EVENT_PREGAME_PLAYER_ATTRIBUTE_CHANGED / P=11;USER_NAME=sepultura888:sepultura888
got event: EVENT_PREGAME_GROUP_FOR_PLAYER_CHANGED / _GI=1;USER_NAME=sepultura888:MihneaR72
got event: EVENT_PREGAME_PLAYER_ATTRIBUTE_CHANGED / P=10;USER_NAME=Alpha_Wolf_09:Alpha_Wolf_09
got event: EVENT_PREGAME_GROUP_FOR_PLAYER_CHANGED / _GI=1;USER_NAME=Alpha_Wolf_09:MihneaR72
got event: EVENT_PREGAME_GROUP_ATTRIBUTE_CHANGED / I_1=14704;O_1=int;N_1=VIP CLUB PROFI;Z_1=44:sepultura888
got event: EVENT_PREGAME_GROUP_ATTRIBUTE_CHANGED / T_1=44:MihneaR72
got event: EVENT_PREGAME_GROUP_ATTRIBUTE_CHANGED / J_1=720897:MihneaR72
got event: EVENT_PREGAME_GROUP_ATTRIBUTE_CHANGED / C_1=sepultura888:MihneaR72
got event: EVENT_PREGAME_GROUP_ATTRIBUTE_CHANGED / C_1=sepultura888:MihneaR72
got event: EVENT_PREGAME_PLAYER_ATTRIBUTE_CHANGED / R=1;USER_NAME=sepultura888:MihneaR72
got event: EVENT_PREGAME_GROUP_FOR_PLAYER_CHANGED / _GI=0;USER_NAME=teeee2011:MihneaR72
got event: EVENT_PREGAME_SESSION_ATTRIBUTE_CHANGED / Q=28:MihneaR72
got event: EVENT_PREGAME_PLAYER_ATTRIBUTE_CHANGED / R=1;USER_NAME=MihneaR72:MihneaR72
got event: EVENT_PREGAME_PLAYER_ATTRIBUTE_CHANGED / R=1;USER_NAME=Alpha_Wolf_09:MihneaR72
got event: EVENT_PREGAME_PLAYER_ATTRIBUTE_CHANGED / R=1;USER_NAME=teeee2011:MihneaR72
got event: EVENT_PREGAME_SESSION_ATTRIBUTE_CHANGED / Q=-1:MihneaR72
got event: EVENT_PREGAME_SESSION_ATTRIBUTE_CHANGED / A=USER_READY:MihneaR72
got event: EVENT_PREGAME_PLAYER_ATTRIBUTE_CHANGED / R=0;USER_NAME=MihneaR72:MihneaR72
got event: EVENT_PREGAME_PLAYER_ATTRIBUTE_CHANGED / R=0;USER_NAME=teeee2011:MihneaR72
got event: EVENT_PREGAME_PLAYER_ATTRIBUTE_CHANGED / R=0;USER_NAME=sepultura888:MihneaR72
got event: EVENT_PREGAME_PLAYER_ATTRIBUTE_CHANGED / R=0;USER_NAME=Alpha_Wolf_09:MihneaR72
got event: EVENT_PREGAME_PLAYER_ATTRIBUTE_CHANGED / B=0;USER_NAME=MihneaR72:MihneaR72
got event: EVENT_PREGAME_PLAYER_ATTRIBUTE_CHANGED / O=0;USER_NAME=MihneaR72:MihneaR72
got event: EVENT_PREGAME_PLAYER_ATTRIBUTE_CHANGED / B=0;USER_NAME=sepultura888:sepultura888
got event: EVENT_PREGAME_PLAYER_ATTRIBUTE_CHANGED / O=0;USER_NAME=sepultura888:sepultura888
got event: EVENT_PREGAME_PLAYER_ATTRIBUTE_CHANGED / B=1;USER_NAME=Alpha_Wolf_09:Alpha_Wolf_09
got event: EVENT_PREGAME_PLAYER_ATTRIBUTE_CHANGED / O=0;USER_NAME=Alpha_Wolf_09:Alpha_Wolf_09
got event: EVENT_PREGAME_GROUP_FOR_PLAYER_ARBITRATION_REQUEST / _GI=0;RID=110;USER_NAME=MihneaR72:MihneaR72
got event: EVENT_PREGAME_PLAYER_ATTRIBUTE_CHANGED / P=11;USER_NAME=MihneaR72:MihneaR72
got event: EVENT_PREGAME_GROUP_FOR_PLAYER_ARBITRATION_REQUEST / _GI=1;RID=6;USER_NAME=lesiiwro:lesiiwro
got event: EVENT_PREGAME_PLAYER_ATTRIBUTE_CHANGED / P=9;USER_NAME=lesiiwro:lesiiwro
got event: EVENT_PREGAME_GROUP_FOR_PLAYER_ARBITRATION_REQUEST / _GI=1;RID=0;USER_NAME=GeekLom5:GeekLom5
got event: EVENT_PREGAME_PLAYER_ATTRIBUTE_CHANGED / P=11;USER_NAME=GeekLom5:GeekLom5
got event: EVENT_PREGAME_GROUP_FOR_PLAYER_ARBITRATION_REQUEST / _GI=1;RID=108;USER_NAME=Robert9601:Robert9601
got event: EVENT_PREGAME_PLAYER_ATTRIBUTE_CHANGED / P=10;USER_NAME=Robert9601:Robert9601
got event: EVENT_PREGAME_PLAYER_ATTRIBUTE_ARBITRATION_REQUEST / R=1;RID=111;USER_NAME=MihneaR72:MihneaR72
got event: EVENT_PREGAME_GROUP_ATTRIBUTE_ARBITRATION_REQUEST / RID=1;C_1=GeekLom5:GeekLom5
got event: EVENT_PREGAME_GROUP_ATTRIBUTE_ARBITRATION_REQUEST / RID=2;C_1=GeekLom5:GeekLom5
got event: EVENT_PREGAME_GROUP_ATTRIBUTE_CHANGED / I_1=5258;O_1=KTB;N_1=Kiedys To Bylo;Z_1=47:lesiiwro
got event: EVENT_PREGAME_GROUP_ATTRIBUTE_ARBITRATION_REQUEST / RID=7;T_1=47:lesiiwro
got event: EVENT_PREGAME_GROUP_ATTRIBUTE_ARBITRATION_REQUEST / RID=8;J_1=770049:lesiiwro
got event: EVENT_PREGAME_PLAYER_ATTRIBUTE_ARBITRATION_REQUEST / R=1;RID=9;USER_NAME=lesiiwro:lesiiwro
got event: EVENT_PREGAME_PLAYER_ATTRIBUTE_CHANGED / B=1;USER_NAME=MihneaR72:MihneaR72
got event: EVENT_PREGAME_PLAYER_ATTRIBUTE_CHANGED / O=0;USER_NAME=MihneaR72:MihneaR72
got event: EVENT_PREGAME_PLAYER_ATTRIBUTE_CHANGED / B=1;USER_NAME=GeekLom5:GeekLom5
got event: EVENT_PREGAME_PLAYER_ATTRIBUTE_CHANGED / O=0;USER_NAME=GeekLom5:GeekLom5
got event: EVENT_PREGAME_PLAYER_ATTRIBUTE_CHANGED / B=0;USER_NAME=lesiiwro:lesiiwro
got event: EVENT_PREGAME_PLAYER_ATTRIBUTE_CHANGED / O=0;USER_NAME=lesiiwro:lesiiwro
got event: EVENT_PREGAME_PLAYER_ATTRIBUTE_CHANGED / B=2;USER_NAME=Robert9601:Robert9601
got event: EVENT_PREGAME_PLAYER_ATTRIBUTE_CHANGED / O=0;USER_NAME=Robert9601:Robert9601
got event: EVENT_PREGAME_SESSION_ATTRIBUTE_CHANGED / Q=30:-CSP-Tots
got event: EVENT_PREGAME_PLAYER_ATTRIBUTE_CHANGED / P=11;USER_NAME=-CSP-Tots:-CSP-Tots
got event: EVENT_PREGAME_GROUP_FOR_PLAYER_CHANGED / _GI=0;USER_NAME=-CSP-Tots:-CSP-Tots
got event: EVENT_PREGAME_GROUP_ATTRIBUTE_CHANGED / I_0=50543;O_0=CSP;N_0=Shamrock FC;Z_0=78:-CSP-Tots
got event: EVENT_PREGAME_GROUP_ATTRIBUTE_CHANGED / T_0=78:-CSP-Tots
got event: EVENT_PREGAME_GROUP_ATTRIBUTE_CHANGED / J_0=1277952:-CSP-Tots
got event: EVENT_PREGAME_GROUP_ATTRIBUTE_CHANGED / C_0=-CSP-Tots:-CSP-Tots
got event: EVENT_PREGAME_GROUP_ATTRIBUTE_CHANGED / C_0=-CSP-Tots:-CSP-Tots
got event: EVENT_PREGAME_ARBITRATOR_IS_READY / _ARDY=1;USER_NAME=-CSP-Tots:-CSP-Tots
got event: EVENT_PREGAME_SESSION_ATTRIBUTE_CHANGED / Q=29:-CSP-Tots
got event: EVENT_PREGAME_PLAYER_ATTRIBUTE_CHANGED / P=8;USER_NAME=-CSP-FroFro:-CSP-FroFro
got event: EVENT_PREGAME_PLAYER_ATTRIBUTE_CHANGED / P=7;USER_NAME=-CSP-Minelandpvp:-CSP-Minelandpvp
got event: EVENT_PREGAME_GROUP_FOR_PLAYER_CHANGED / _GI=0;USER_NAME=-CSP-FroFro:-CSP-Tots
got event: EVENT_PREGAME_GROUP_FOR_PLAYER_CHANGED / _GI=0;USER_NAME=-CSP-Minelandpvp:-CSP-Tots
got event: EVENT_PREGAME_PLAYER_ATTRIBUTE_CHANGED / P=10;USER_NAME=-CSP-DoKa:-CSP-DoKa
got event: EVENT_PREGAME_PLAYER_ATTRIBUTE_CHANGED / P=11;USER_NAME=MihneaR72:MihneaR72
got event: EVENT_PREGAME_GROUP_FOR_PLAYER_CHANGED / _GI=0;USER_NAME=-CSP-DoKa:-CSP-Tots
got event: EVENT_PREGAME_PLAYER_ATTRIBUTE_CHANGED / R=1;USER_NAME=-CSP-Tots:-CSP-Tots
got event: EVENT_PREGAME_GROUP_FOR_PLAYER_CHANGED / _GI=1;USER_NAME=MihneaR72:-CSP-Tots
got event: EVENT_PREGAME_GROUP_ATTRIBUTE_CHANGED / I_1=822;O_1=HLK;N_1=Hulkfc;Z_1=99080610:MihneaR72
got event: EVENT_PREGAME_SESSION_ATTRIBUTE_CHANGED / Q=28:-CSP-Tots
got event: EVENT_PREGAME_PLAYER_ATTRIBUTE_CHANGED / R=1;USER_NAME=-CSP-FroFro:-CSP-Tots
got event: EVENT_PREGAME_PLAYER_ATTRIBUTE_CHANGED / R=1;USER_NAME=-CSP-Minelandpvp:-CSP-Tots
got event: EVENT_PREGAME_GROUP_FOR_PLAYER_CHANGED / _GI=1;USER_NAME=teeee2011:-CSP-Tots
got event: EVENT_PREGAME_GROUP_ATTRIBUTE_CHANGED / T_1=32:-CSP-Tots
got event: EVENT_PREGAME_GROUP_ATTRIBUTE_CHANGED / J_1=7665:-CSP-Tots
got event: EVENT_PREGAME_PLAYER_ATTRIBUTE_CHANGED / R=1;USER_NAME=-CSP-DoKa:-CSP-Tots
got event: EVENT_PREGAME_PLAYER_ATTRIBUTE_CHANGED / R=1;USER_NAME=MihneaR72:-CSP-Tots
got event: EVENT_PREGAME_GROUP_ATTRIBUTE_CHANGED / C_1=teeee2011:-CSP-Tots
got event: EVENT_PREGAME_GROUP_ATTRIBUTE_CHANGED / C_1=teeee2011:-CSP-Tots
got event: EVENT_PREGAME_PLAYER_ATTRIBUTE_CHANGED / R=1;USER_NAME=teeee2011:-CSP-Tots
got event: EVENT_PREGAME_SESSION_ATTRIBUTE_CHANGED / Q=-1:-CSP-Tots
got event: EVENT_PREGAME_SESSION_ATTRIBUTE_CHANGED / A=USER_READY:-CSP-Tots
got event: EVENT_PREGAME_PLAYER_ATTRIBUTE_CHANGED / R=0;USER_NAME=-CSP-Tots:-CSP-Tots
got event: EVENT_PREGAME_PLAYER_ATTRIBUTE_CHANGED / R=0;USER_NAME=-CSP-FroFro:-CSP-Tots
got event: EVENT_PREGAME_PLAYER_ATTRIBUTE_CHANGED / R=0;USER_NAME=-CSP-Minelandpvp:-CSP-Tots
got event: EVENT_PREGAME_PLAYER_ATTRIBUTE_CHANGED / R=0;USER_NAME=-CSP-DoKa:-CSP-Tots
got event: EVENT_PREGAME_PLAYER_ATTRIBUTE_CHANGED / R=0;USER_NAME=teeee2011:-CSP-Tots
got event: EVENT_PREGAME_PLAYER_ATTRIBUTE_CHANGED / R=0;USER_NAME=MihneaR72:-CSP-Tots
got event: EVENT_PREGAME_PLAYER_ATTRIBUTE_CHANGED / B=0;USER_NAME=-CSP-Tots:-CSP-Tots
got event: EVENT_PREGAME_PLAYER_ATTRIBUTE_CHANGED / O=0;USER_NAME=-CSP-Tots:-CSP-Tots
got event: EVENT_PREGAME_PLAYER_ATTRIBUTE_CHANGED / B=1;USER_NAME=-CSP-FroFro:-CSP-FroFro
got event: EVENT_PREGAME_PLAYER_ATTRIBUTE_CHANGED / O=0;USER_NAME=-CSP-FroFro:-CSP-FroFro
got event: EVENT_PREGAME_PLAYER_ATTRIBUTE_CHANGED / B=0;USER_NAME=MihneaR72:MihneaR72
got event: EVENT_PREGAME_PLAYER_ATTRIBUTE_CHANGED / O=0;USER_NAME=MihneaR72:MihneaR72
got event: EVENT_PREGAME_PLAYER_ATTRIBUTE_CHANGED / B=2;USER_NAME=-CSP-Minelandpvp:-CSP-Minelandpvp
got event: EVENT_PREGAME_PLAYER_ATTRIBUTE_CHANGED / O=0;USER_NAME=-CSP-Minelandpvp:-CSP-Minelandpvp
got event: EVENT_PREGAME_PLAYER_ATTRIBUTE_CHANGED / B=3;USER_NAME=-CSP-DoKa:-CSP-DoKa
got event: EVENT_PREGAME_PLAYER_ATTRIBUTE_CHANGED / O=0;USER_NAME=-CSP-DoKa:-CSP-DoKa
