dll_init!
1418D7EA9: 1 bytes
1418D7EAA: 4 bytes
1418D8115: 24 bytes
1418D812D: 8 bytes
1418D8135: 8 bytes
1418D813D: 2 bytes
1418D813F: 24 bytes
1418D8157: 5 bytes
1418D815C: 1 bytes
1418D815D: 4 bytes
1418D7E97
1418D8115
1418D7EA9
1418D7EAE
[70, 73, 70, 65, 95, 83, 69, 84, 84, 73, 78, 71, 95, 69, 78, 65, 66, 76, 69, 95, 65, 76, 84, 95, 84, 65, 66, 95, 68, 73, 83, 67, 79, 78, 78, 69, 67, 84, 83]
"FIFA_SETTING_ENABLE_ALT_TAB_DISCONNECTS"
1439AD8BF: 1 bytes
1439AD8C0: 4 bytes
1439AD8C4: 1 bytes
extern init call
got event: EVENT_PREGAME_SESSION_ATTRIBUTE_CHANGED / Q=30:Toowax94
got event: EVENT_PREGAME_PLAYER_ATTRIBUTE_CHANGED / P=7;USER_NAME=Toowax94:Toowax94
got event: EVENT_PREGAME_GROUP_FOR_PLAYER_CHANGED / _GI=0;USER_NAME=Toowax94:Toowax94
got event: EVENT_PREGAME_GROUP_ATTRIBUTE_CHANGED / I_0=48323;O_0=DZC;N_0=DZ Corporation;Z_0=9:Toowax94
got event: EVENT_PREGAME_GROUP_ATTRIBUTE_CHANGED / T_0=9:Toowax94
got event: EVENT_PREGAME_GROUP_ATTRIBUTE_CHANGED / J_0=147456:Toowax94
got event: EVENT_PREGAME_GROUP_ATTRIBUTE_CHANGED / C_0=Toowax94:Toowax94
got event: EVENT_PREGAME_GROUP_ATTRIBUTE_CHANGED / C_0=Toowax94:Toowax94
got event: EVENT_PREGAME_PLAYER_ATTRIBUTE_CHANGED / P=9;USER_NAME=FuZzikk19:FuZzikk19
got event: EVENT_PREGAME_PLAYER_ATTRIBUTE_CHANGED / P=8;USER_NAME=LolowU2P:LolowU2P
got event: EVENT_PREGAME_PLAYER_ATTRIBUTE_CHANGED / P=10;USER_NAME=FlacoU2P:FlacoU2P
got event: EVENT_PREGAME_GROUP_FOR_PLAYER_CHANGED / _GI=0;USER_NAME=FuZzikk19:Toowax94
got event: EVENT_PREGAME_PLAYER_ATTRIBUTE_CHANGED / P=1;USER_NAME=Clew_Bibou:Clew_Bibou
got event: EVENT_PREGAME_PLAYER_ATTRIBUTE_CHANGED / P=6;USER_NAME=Sh3msDz:Sh3msDz
got event: EVENT_PREGAME_GROUP_FOR_PLAYER_CHANGED / _GI=0;USER_NAME=LolowU2P:Toowax94
got event: EVENT_PREGAME_PLAYER_ATTRIBUTE_CHANGED / P=11;USER_NAME=AkaLaZup:AkaLaZup
got event: EVENT_PREGAME_PLAYER_ATTRIBUTE_CHANGED / P=6;USER_NAME=crashboomben:crashboomben
got event: EVENT_PREGAME_GROUP_FOR_PLAYER_CHANGED / _GI=0;USER_NAME=FlacoU2P:Toowax94
got event: EVENT_PREGAME_GROUP_FOR_PLAYER_CHANGED / _GI=0;USER_NAME=Clew_Bibou:Toowax94
got event: EVENT_PREGAME_GROUP_FOR_PLAYER_CHANGED / _GI=0;USER_NAME=Sh3msDz:Toowax94
got event: EVENT_PREGAME_GROUP_FOR_PLAYER_CHANGED / _GI=0;USER_NAME=AkaLaZup:Toowax94
got event: EVENT_PREGAME_GROUP_FOR_PLAYER_CHANGED / _GI=1;USER_NAME=crashboomben:Toowax94
got event: EVENT_PREGAME_PLAYER_ATTRIBUTE_CHANGED / P=11;USER_NAME=DominikCZZ:DominikCZZ
got event: EVENT_PREGAME_PLAYER_ATTRIBUTE_CHANGED / R=1;USER_NAME=Toowax94:Toowax94
got event: EVENT_PREGAME_PLAYER_ATTRIBUTE_CHANGED / P=8;USER_NAME=FTerceira:FTerceira
got event: EVENT_PREGAME_GROUP_FOR_PLAYER_CHANGED / _GI=1;USER_NAME=DominikCZZ:Toowax94
got event: EVENT_PREGAME_GROUP_ATTRIBUTE_CHANGED / I_1=822;O_1=HLK;N_1=Hulkfc;Z_1=9:crashboomben
got event: EVENT_PREGAME_GROUP_FOR_PLAYER_CHANGED / _GI=1;USER_NAME=FTerceira:Toowax94
got event: EVENT_PREGAME_GROUP_ATTRIBUTE_CHANGED / T_1=9:Toowax94
got event: EVENT_PREGAME_GROUP_ATTRIBUTE_CHANGED / J_1=147457:Toowax94
got event: EVENT_PREGAME_GROUP_ATTRIBUTE_CHANGED / C_1=crashboomben:Toowax94
got event: EVENT_PREGAME_GROUP_ATTRIBUTE_CHANGED / C_1=crashboomben:Toowax94
got event: EVENT_PREGAME_PLAYER_ATTRIBUTE_CHANGED / R=1;USER_NAME=LolowU2P:Toowax94
got event: EVENT_PREGAME_PLAYER_ATTRIBUTE_CHANGED / P=9;USER_NAME=M3rkner:M3rkner
got event: EVENT_PREGAME_PLAYER_ATTRIBUTE_CHANGED / R=1;USER_NAME=AkaLaZup:Toowax94
got event: EVENT_PREGAME_PLAYER_ATTRIBUTE_CHANGED / R=1;USER_NAME=Clew_Bibou:Toowax94
got event: EVENT_PREGAME_GROUP_FOR_PLAYER_CHANGED / _GI=1;USER_NAME=teeee2011:Toowax94
got event: EVENT_PREGAME_GROUP_FOR_PLAYER_CHANGED / _GI=1;USER_NAME=M3rkner:Toowax94
got event: EVENT_PREGAME_PLAYER_ATTRIBUTE_CHANGED / P=7;USER_NAME=BayernHeynckes:BayernHeynckes
got event: EVENT_PREGAME_PLAYER_ATTRIBUTE_CHANGED / R=1;USER_NAME=FlacoU2P:Toowax94
got event: EVENT_PREGAME_PLAYER_ATTRIBUTE_CHANGED / R=1;USER_NAME=Sh3msDz:Toowax94
got event: EVENT_PREGAME_PLAYER_ATTRIBUTE_CHANGED / R=1;USER_NAME=FuZzikk19:Toowax94
got event: EVENT_PREGAME_GROUP_FOR_PLAYER_CHANGED / _GI=1;USER_NAME=BayernHeynckes:Toowax94
got event: EVENT_PREGAME_PLAYER_ATTRIBUTE_CHANGED / R=1;USER_NAME=crashboomben:Toowax94
got event: EVENT_PREGAME_PLAYER_ATTRIBUTE_CHANGED / R=1;USER_NAME=M3rkner:Toowax94
got event: EVENT_PREGAME_PLAYER_ATTRIBUTE_CHANGED / R=1;USER_NAME=DominikCZZ:Toowax94
got event: EVENT_PREGAME_PLAYER_ATTRIBUTE_CHANGED / R=1;USER_NAME=FTerceira:Toowax94
got event: EVENT_PREGAME_PLAYER_ATTRIBUTE_CHANGED / R=1;USER_NAME=teeee2011:Toowax94
got event: EVENT_PREGAME_PLAYER_ATTRIBUTE_CHANGED / R=1;USER_NAME=BayernHeynckes:Toowax94
got event: EVENT_PREGAME_SESSION_ATTRIBUTE_CHANGED / Q=-1:Toowax94
got event: EVENT_PREGAME_SESSION_ATTRIBUTE_CHANGED / A=USER_READY:Toowax94
got event: EVENT_PREGAME_PLAYER_ATTRIBUTE_CHANGED / R=0;USER_NAME=Toowax94:Toowax94
got event: EVENT_PREGAME_PLAYER_ATTRIBUTE_CHANGED / R=0;USER_NAME=FuZzikk19:Toowax94
got event: EVENT_PREGAME_PLAYER_ATTRIBUTE_CHANGED / R=0;USER_NAME=FlacoU2P:Toowax94
got event: EVENT_PREGAME_PLAYER_ATTRIBUTE_CHANGED / R=0;USER_NAME=Sh3msDz:Toowax94
got event: EVENT_PREGAME_PLAYER_ATTRIBUTE_CHANGED / R=0;USER_NAME=LolowU2P:Toowax94
got event: EVENT_PREGAME_PLAYER_ATTRIBUTE_CHANGED / R=0;USER_NAME=Clew_Bibou:Toowax94
got event: EVENT_PREGAME_PLAYER_ATTRIBUTE_CHANGED / R=0;USER_NAME=AkaLaZup:Toowax94
got event: EVENT_PREGAME_PLAYER_ATTRIBUTE_CHANGED / R=0;USER_NAME=crashboomben:Toowax94
got event: EVENT_PREGAME_PLAYER_ATTRIBUTE_CHANGED / R=0;USER_NAME=DominikCZZ:Toowax94
got event: EVENT_PREGAME_PLAYER_ATTRIBUTE_CHANGED / R=0;USER_NAME=FTerceira:Toowax94
got event: EVENT_PREGAME_PLAYER_ATTRIBUTE_CHANGED / R=0;USER_NAME=BayernHeynckes:Toowax94
got event: EVENT_PREGAME_PLAYER_ATTRIBUTE_CHANGED / R=0;USER_NAME=M3rkner:Toowax94
got event: EVENT_PREGAME_PLAYER_ATTRIBUTE_CHANGED / R=0;USER_NAME=teeee2011:Toowax94
got event: EVENT_PREGAME_PLAYER_ATTRIBUTE_CHANGED / B=0;USER_NAME=Toowax94:Toowax94
got event: EVENT_PREGAME_PLAYER_ATTRIBUTE_CHANGED / O=0;USER_NAME=Toowax94:Toowax94
got event: EVENT_PREGAME_PLAYER_ATTRIBUTE_CHANGED / B=2;USER_NAME=LolowU2P:LolowU2P
got event: EVENT_PREGAME_PLAYER_ATTRIBUTE_CHANGED / O=0;USER_NAME=LolowU2P:LolowU2P
got event: EVENT_PREGAME_PLAYER_ATTRIBUTE_CHANGED / B=4;USER_NAME=Clew_Bibou:Clew_Bibou
got event: EVENT_PREGAME_PLAYER_ATTRIBUTE_CHANGED / O=0;USER_NAME=Clew_Bibou:Clew_Bibou
got event: EVENT_PREGAME_PLAYER_ATTRIBUTE_CHANGED / B=6;USER_NAME=AkaLaZup:AkaLaZup
got event: EVENT_PREGAME_PLAYER_ATTRIBUTE_CHANGED / O=0;USER_NAME=AkaLaZup:AkaLaZup
got event: EVENT_PREGAME_PLAYER_ATTRIBUTE_CHANGED / B=1;USER_NAME=DominikCZZ:DominikCZZ
got event: EVENT_PREGAME_PLAYER_ATTRIBUTE_CHANGED / O=0;USER_NAME=DominikCZZ:DominikCZZ
got event: EVENT_PREGAME_PLAYER_ATTRIBUTE_CHANGED / B=0;USER_NAME=crashboomben:crashboomben
got event: EVENT_PREGAME_PLAYER_ATTRIBUTE_CHANGED / O=0;USER_NAME=crashboomben:crashboomben
got event: EVENT_PREGAME_PLAYER_ATTRIBUTE_CHANGED / B=4;USER_NAME=M3rkner:M3rkner
got event: EVENT_PREGAME_PLAYER_ATTRIBUTE_CHANGED / O=0;USER_NAME=M3rkner:M3rkner
got event: EVENT_PREGAME_PLAYER_ATTRIBUTE_CHANGED / B=1;USER_NAME=FuZzikk19:FuZzikk19
got event: EVENT_PREGAME_PLAYER_ATTRIBUTE_CHANGED / O=0;USER_NAME=FuZzikk19:FuZzikk19
got event: EVENT_PREGAME_PLAYER_ATTRIBUTE_CHANGED / B=3;USER_NAME=FlacoU2P:FlacoU2P
got event: EVENT_PREGAME_PLAYER_ATTRIBUTE_CHANGED / O=0;USER_NAME=FlacoU2P:FlacoU2P
got event: EVENT_PREGAME_PLAYER_ATTRIBUTE_CHANGED / B=5;USER_NAME=Sh3msDz:Sh3msDz
got event: EVENT_PREGAME_PLAYER_ATTRIBUTE_CHANGED / O=0;USER_NAME=Sh3msDz:Sh3msDz
got event: EVENT_PREGAME_PLAYER_ATTRIBUTE_CHANGED / B=2;USER_NAME=FTerceira:FTerceira
got event: EVENT_PREGAME_PLAYER_ATTRIBUTE_CHANGED / O=0;USER_NAME=FTerceira:FTerceira
got event: EVENT_PREGAME_ARBITRATOR_IS_READY / _ARDY=1;USER_NAME=Toowax94:Toowax94
got event: EVENT_PREGAME_SESSION_ATTRIBUTE_CHANGED / Q=30:Toowax94
got event: EVENT_PREGAME_PLAYER_ATTRIBUTE_CHANGED / B=5;USER_NAME=BayernHeynckes:BayernHeynckes
got event: EVENT_PREGAME_PLAYER_ATTRIBUTE_CHANGED / O=0;USER_NAME=BayernHeynckes:BayernHeynckes
got event: EVENT_PREGAME_SESSION_ATTRIBUTE_CHANGED / Q=29:Toowax94
got event: EVENT_PREGAME_SESSION_ATTRIBUTE_CHANGED / Q=28:Toowax94
got event: EVENT_PREGAME_GROUP_ATTRIBUTE_CHANGED / C_0=undefined:DominikCZZ
got event: EVENT_PREGAME_GROUP_ATTRIBUTE_CHANGED / C_0=undefined:DominikCZZ
got event: EVENT_PREGAME_SESSION_ATTRIBUTE_CHANGED / Q=30:DominikCZZ
got event: EVENT_PREGAME_PLAYER_ATTRIBUTE_CHANGED / P=11;USER_NAME=DominikCZZ:DominikCZZ
got event: EVENT_PREGAME_GROUP_FOR_PLAYER_CHANGED / _GI=0;USER_NAME=DominikCZZ:DominikCZZ
got event: EVENT_PREGAME_GROUP_ATTRIBUTE_CHANGED / I_0=822;O_0=HLK;N_0=Hulkfc;Z_0=9:DominikCZZ
got event: EVENT_PREGAME_GROUP_ATTRIBUTE_CHANGED / T_0=9:DominikCZZ
got event: EVENT_PREGAME_GROUP_ATTRIBUTE_CHANGED / J_0=147456:DominikCZZ
got event: EVENT_PREGAME_PLAYER_ATTRIBUTE_CHANGED / P=9;USER_NAME=crashboomben:crashboomben
got event: EVENT_PREGAME_GROUP_FOR_PLAYER_CHANGED / _GI=0;USER_NAME=crashboomben:DominikCZZ
got event: EVENT_PREGAME_GROUP_FOR_PLAYER_CHANGED / _GI=0;USER_NAME=teeee2011:DominikCZZ
got event: EVENT_PREGAME_PLAYER_ATTRIBUTE_CHANGED / P=7;USER_NAME=BayernHeynckes:BayernHeynckes
got event: EVENT_PREGAME_GROUP_FOR_PLAYER_CHANGED / _GI=0;USER_NAME=BayernHeynckes:DominikCZZ
got event: EVENT_PREGAME_ARBITRATOR_IS_READY / _ARDY=1;USER_NAME=DominikCZZ:DominikCZZ
got event: EVENT_PREGAME_SESSION_ATTRIBUTE_CHANGED / Q=29:DominikCZZ
got event: EVENT_PREGAME_SESSION_ATTRIBUTE_CHANGED / Q=28:DominikCZZ
got event: EVENT_PREGAME_SESSION_ATTRIBUTE_CHANGED / Q=27:DominikCZZ
got event: EVENT_PREGAME_SESSION_ATTRIBUTE_CHANGED / Q=26:DominikCZZ
got event: EVENT_PREGAME_SESSION_ATTRIBUTE_CHANGED / Q=25:DominikCZZ
got event: EVENT_PREGAME_SESSION_ATTRIBUTE_CHANGED / Q=24:DominikCZZ
got event: EVENT_PREGAME_SESSION_ATTRIBUTE_CHANGED / Q=23:DominikCZZ
got event: EVENT_PREGAME_SESSION_ATTRIBUTE_CHANGED / Q=22:DominikCZZ
got event: EVENT_PREGAME_SESSION_ATTRIBUTE_CHANGED / Q=21:DominikCZZ
got event: EVENT_PREGAME_SESSION_ATTRIBUTE_CHANGED / Q=20:DominikCZZ
got event: EVENT_PREGAME_SESSION_ATTRIBUTE_CHANGED / Q=19:DominikCZZ
got event: EVENT_PREGAME_SESSION_ATTRIBUTE_CHANGED / Q=18:DominikCZZ
got event: EVENT_PREGAME_SESSION_ATTRIBUTE_CHANGED / Q=17:DominikCZZ
got event: EVENT_PREGAME_SESSION_ATTRIBUTE_CHANGED / Q=16:DominikCZZ
got event: EVENT_PREGAME_SESSION_ATTRIBUTE_CHANGED / Q=15:DominikCZZ
got event: EVENT_PREGAME_SESSION_ATTRIBUTE_CHANGED / Q=14:DominikCZZ
got event: EVENT_PREGAME_SESSION_ATTRIBUTE_CHANGED / Q=13:DominikCZZ
got event: EVENT_PREGAME_SESSION_ATTRIBUTE_CHANGED / Q=12:DominikCZZ
got event: EVENT_PREGAME_SESSION_ATTRIBUTE_CHANGED / Q=11:DominikCZZ
got event: EVENT_PREGAME_SESSION_ATTRIBUTE_CHANGED / Q=10:DominikCZZ
got event: EVENT_PREGAME_SESSION_ATTRIBUTE_CHANGED / Q=9:DominikCZZ
got event: EVENT_PREGAME_SESSION_ATTRIBUTE_CHANGED / Q=8:DominikCZZ
got event: EVENT_PREGAME_SESSION_ATTRIBUTE_CHANGED / Q=7:DominikCZZ
got event: EVENT_PREGAME_SESSION_ATTRIBUTE_CHANGED / Q=6:DominikCZZ
got event: EVENT_PREGAME_SESSION_ATTRIBUTE_CHANGED / Q=5:DominikCZZ
got event: EVENT_PREGAME_SESSION_ATTRIBUTE_CHANGED / Q=4:DominikCZZ
got event: EVENT_PREGAME_SESSION_ATTRIBUTE_CHANGED / Q=3:DominikCZZ
got event: EVENT_PREGAME_SESSION_ATTRIBUTE_CHANGED / Q=2:DominikCZZ
got event: EVENT_PREGAME_SESSION_ATTRIBUTE_CHANGED / Q=1:DominikCZZ
got event: EVENT_PREGAME_SESSION_ATTRIBUTE_CHANGED / Q=-1:DominikCZZ
got event: EVENT_PREGAME_SESSION_ATTRIBUTE_CHANGED / A=TIMER_EXPIRE:DominikCZZ
got event: EVENT_PREGAME_PLAYER_ATTRIBUTE_CHANGED / B=0;USER_NAME=DominikCZZ:DominikCZZ
got event: EVENT_PREGAME_PLAYER_ATTRIBUTE_CHANGED / O=0;USER_NAME=DominikCZZ:DominikCZZ
got event: EVENT_PREGAME_PLAYER_ATTRIBUTE_CHANGED / B=1;USER_NAME=crashboomben:crashboomben
got event: EVENT_PREGAME_PLAYER_ATTRIBUTE_CHANGED / O=0;USER_NAME=crashboomben:crashboomben
got event: EVENT_PREGAME_SESSION_ATTRIBUTE_CHANGED / Q=30:Metorboat
got event: EVENT_PREGAME_PLAYER_ATTRIBUTE_CHANGED / P=9;USER_NAME=Metorboat:Metorboat
got event: EVENT_PREGAME_GROUP_FOR_PLAYER_CHANGED / _GI=0;USER_NAME=Metorboat:Metorboat
got event: EVENT_PREGAME_GROUP_ATTRIBUTE_CHANGED / I_0=3638;O_0=ARS;N_0=Arsenal FC;Z_0=1:Metorboat
got event: EVENT_PREGAME_GROUP_ATTRIBUTE_CHANGED / T_0=1:Metorboat
got event: EVENT_PREGAME_GROUP_ATTRIBUTE_CHANGED / J_0=16384:Metorboat
got event: EVENT_PREGAME_GROUP_ATTRIBUTE_CHANGED / C_0=Metorboat:Metorboat
got event: EVENT_PREGAME_GROUP_ATTRIBUTE_CHANGED / C_0=Metorboat:Metorboat
got event: EVENT_PREGAME_PLAYER_ATTRIBUTE_CHANGED / P=9;USER_NAME=crashboomben:crashboomben
got event: EVENT_PREGAME_PLAYER_ATTRIBUTE_CHANGED / P=11;USER_NAME=DominikCZZ:DominikCZZ
got event: EVENT_PREGAME_PLAYER_ATTRIBUTE_CHANGED / P=11;USER_NAME=Fr3nkMara:Fr3nkMara
got event: EVENT_PREGAME_PLAYER_ATTRIBUTE_CHANGED / P=10;USER_NAME=Tom8787zed:Tom8787zed
got event: EVENT_PREGAME_GROUP_FOR_PLAYER_CHANGED / _GI=1;USER_NAME=crashboomben:Metorboat
got event: EVENT_PREGAME_PLAYER_ATTRIBUTE_CHANGED / P=7;USER_NAME=BayernHeynckes:BayernHeynckes
got event: EVENT_PREGAME_GROUP_FOR_PLAYER_CHANGED / _GI=1;USER_NAME=DominikCZZ:Metorboat
got event: EVENT_PREGAME_GROUP_FOR_PLAYER_CHANGED / _GI=0;USER_NAME=Fr3nkMara:Metorboat
got event: EVENT_PREGAME_GROUP_ATTRIBUTE_CHANGED / I_1=822;O_1=HLK;N_1=Hulkfc;Z_1=9:crashboomben
got event: EVENT_PREGAME_GROUP_FOR_PLAYER_CHANGED / _GI=1;USER_NAME=teeee2011:Metorboat
got event: EVENT_PREGAME_GROUP_FOR_PLAYER_CHANGED / _GI=0;USER_NAME=Tom8787zed:Metorboat
got event: EVENT_PREGAME_PLAYER_ATTRIBUTE_CHANGED / R=1;USER_NAME=Metorboat:Metorboat
got event: EVENT_PREGAME_GROUP_FOR_PLAYER_CHANGED / _GI=1;USER_NAME=BayernHeynckes:Metorboat
got event: EVENT_PREGAME_GROUP_ATTRIBUTE_CHANGED / T_1=9:Metorboat
got event: EVENT_PREGAME_GROUP_ATTRIBUTE_CHANGED / J_1=147457:Metorboat
got event: EVENT_PREGAME_GROUP_ATTRIBUTE_CHANGED / C_1=crashboomben:Metorboat
got event: EVENT_PREGAME_GROUP_ATTRIBUTE_CHANGED / C_1=crashboomben:Metorboat
got event: EVENT_PREGAME_PLAYER_ATTRIBUTE_CHANGED / R=1;USER_NAME=Fr3nkMara:Metorboat
got event: EVENT_PREGAME_PLAYER_ATTRIBUTE_CHANGED / R=1;USER_NAME=Tom8787zed:Metorboat
got event: EVENT_PREGAME_PLAYER_ATTRIBUTE_CHANGED / R=1;USER_NAME=crashboomben:Metorboat
got event: EVENT_PREGAME_PLAYER_ATTRIBUTE_CHANGED / R=1;USER_NAME=DominikCZZ:Metorboat
got event: EVENT_PREGAME_PLAYER_ATTRIBUTE_CHANGED / R=1;USER_NAME=teeee2011:Metorboat
got event: EVENT_PREGAME_PLAYER_ATTRIBUTE_CHANGED / R=1;USER_NAME=BayernHeynckes:Metorboat
got event: EVENT_PREGAME_SESSION_ATTRIBUTE_CHANGED / Q=-1:Metorboat
got event: EVENT_PREGAME_SESSION_ATTRIBUTE_CHANGED / A=USER_READY:Metorboat
got event: EVENT_PREGAME_PLAYER_ATTRIBUTE_CHANGED / R=0;USER_NAME=Metorboat:Metorboat
got event: EVENT_PREGAME_PLAYER_ATTRIBUTE_CHANGED / R=0;USER_NAME=Tom8787zed:Metorboat
got event: EVENT_PREGAME_PLAYER_ATTRIBUTE_CHANGED / R=0;USER_NAME=Fr3nkMara:Metorboat
got event: EVENT_PREGAME_PLAYER_ATTRIBUTE_CHANGED / R=0;USER_NAME=crashboomben:Metorboat
got event: EVENT_PREGAME_PLAYER_ATTRIBUTE_CHANGED / R=0;USER_NAME=DominikCZZ:Metorboat
got event: EVENT_PREGAME_PLAYER_ATTRIBUTE_CHANGED / R=0;USER_NAME=teeee2011:Metorboat
got event: EVENT_PREGAME_PLAYER_ATTRIBUTE_CHANGED / R=0;USER_NAME=BayernHeynckes:Metorboat
got event: EVENT_PREGAME_PLAYER_ATTRIBUTE_CHANGED / B=0;USER_NAME=crashboomben:crashboomben
got event: EVENT_PREGAME_PLAYER_ATTRIBUTE_CHANGED / O=0;USER_NAME=crashboomben:crashboomben
got event: EVENT_PREGAME_PLAYER_ATTRIBUTE_CHANGED / B=1;USER_NAME=DominikCZZ:DominikCZZ
got event: EVENT_PREGAME_PLAYER_ATTRIBUTE_CHANGED / O=0;USER_NAME=DominikCZZ:DominikCZZ
got event: EVENT_PREGAME_PLAYER_ATTRIBUTE_CHANGED / B=0;USER_NAME=Metorboat:Metorboat
got event: EVENT_PREGAME_PLAYER_ATTRIBUTE_CHANGED / O=4;USER_NAME=Metorboat:Metorboat
got event: EVENT_PREGAME_PLAYER_ATTRIBUTE_CHANGED / B=1;USER_NAME=Fr3nkMara:Fr3nkMara
got event: EVENT_PREGAME_PLAYER_ATTRIBUTE_CHANGED / O=0;USER_NAME=Fr3nkMara:Fr3nkMara
got event: EVENT_PREGAME_PLAYER_ATTRIBUTE_CHANGED / B=2;USER_NAME=Tom8787zed:Tom8787zed
got event: EVENT_PREGAME_PLAYER_ATTRIBUTE_CHANGED / O=0;USER_NAME=Tom8787zed:Tom8787zed
got event: EVENT_PREGAME_PLAYER_ATTRIBUTE_CHANGED / B=3;USER_NAME=BayernHeynckes:BayernHeynckes
got event: EVENT_PREGAME_PLAYER_ATTRIBUTE_CHANGED / O=0;USER_NAME=BayernHeynckes:BayernHeynckes
got event: EVENT_PREGAME_ARBITRATOR_IS_READY / _ARDY=1;USER_NAME=Metorboat:Metorboat
got event: EVENT_PREGAME_SESSION_ATTRIBUTE_CHANGED / Q=30:Metorboat
got event: EVENT_PREGAME_SESSION_ATTRIBUTE_CHANGED / Q=29:Metorboat
got event: EVENT_PREGAME_SESSION_ATTRIBUTE_CHANGED / Q=28:Metorboat
got event: EVENT_PREGAME_SESSION_ATTRIBUTE_CHANGED / Q=30:RDG-Bouduxx
got event: EVENT_PREGAME_PLAYER_ATTRIBUTE_CHANGED / P=9;USER_NAME=RDG-Bouduxx:RDG-Bouduxx
got event: EVENT_PREGAME_GROUP_FOR_PLAYER_CHANGED / _GI=0;USER_NAME=RDG-Bouduxx:RDG-Bouduxx
got event: EVENT_PREGAME_GROUP_ATTRIBUTE_CHANGED / I_0=32968;O_0=C14;N_0=Carbon 14;Z_0=99040603:RDG-Bouduxx
got event: EVENT_PREGAME_GROUP_ATTRIBUTE_CHANGED / T_0=1808:RDG-Bouduxx
got event: EVENT_PREGAME_GROUP_ATTRIBUTE_CHANGED / J_0=7623:RDG-Bouduxx
got event: EVENT_PREGAME_GROUP_ATTRIBUTE_CHANGED / C_0=RDG-Bouduxx:RDG-Bouduxx
got event: EVENT_PREGAME_GROUP_ATTRIBUTE_CHANGED / C_0=RDG-Bouduxx:RDG-Bouduxx
got event: EVENT_PREGAME_ARBITRATOR_IS_READY / _ARDY=1;USER_NAME=RDG-Bouduxx:RDG-Bouduxx
got event: EVENT_PREGAME_SESSION_ATTRIBUTE_CHANGED / Q=29:RDG-Bouduxx
got event: EVENT_PREGAME_PLAYER_ATTRIBUTE_CHANGED / P=1;USER_NAME=C14_MangoMilano:C14_MangoMilano
got event: EVENT_PREGAME_GROUP_FOR_PLAYER_CHANGED / _GI=0;USER_NAME=C14_MangoMilano:RDG-Bouduxx
got event: EVENT_PREGAME_PLAYER_ATTRIBUTE_CHANGED / P=10;USER_NAME=BigTom57-Fr:BigTom57-Fr
got event: EVENT_PREGAME_PLAYER_ATTRIBUTE_CHANGED / P=4;USER_NAME=gL_MKaroto:gL_MKaroto
got event: EVENT_PREGAME_PLAYER_ATTRIBUTE_CHANGED / P=8;USER_NAME=gL_iSanGaa:gL_iSanGaa
got event: EVENT_PREGAME_GROUP_FOR_PLAYER_CHANGED / _GI=0;USER_NAME=BigTom57-Fr:RDG-Bouduxx
got event: EVENT_PREGAME_GROUP_FOR_PLAYER_CHANGED / _GI=0;USER_NAME=gL_MKaroto:RDG-Bouduxx
got event: EVENT_PREGAME_PLAYER_ATTRIBUTE_CHANGED / P=11;USER_NAME=cocodu51:cocodu51
got event: EVENT_PREGAME_GROUP_FOR_PLAYER_CHANGED / _GI=0;USER_NAME=gL_iSanGaa:RDG-Bouduxx
got event: EVENT_PREGAME_PLAYER_ATTRIBUTE_CHANGED / P=7;USER_NAME=ObX-Weesco:ObX-Weesco
got event: EVENT_PREGAME_GROUP_FOR_PLAYER_CHANGED / _GI=0;USER_NAME=cocodu51:RDG-Bouduxx
got event: EVENT_PREGAME_PLAYER_ATTRIBUTE_CHANGED / P=6;USER_NAME=ObX-shugy:ObX-shugy
got event: EVENT_PREGAME_GROUP_FOR_PLAYER_CHANGED / _GI=0;USER_NAME=ObX-Weesco:RDG-Bouduxx
got event: EVENT_PREGAME_GROUP_FOR_PLAYER_CHANGED / _GI=0;USER_NAME=ObX-shugy:RDG-Bouduxx
got event: EVENT_PREGAME_PLAYER_ATTRIBUTE_CHANGED / P=11;USER_NAME=DominikCZZ:DominikCZZ
got event: EVENT_PREGAME_PLAYER_ATTRIBUTE_CHANGED / R=1;USER_NAME=RDG-Bouduxx:RDG-Bouduxx
got event: EVENT_PREGAME_PLAYER_ATTRIBUTE_CHANGED / P=9;USER_NAME=crashboomben:crashboomben
got event: EVENT_PREGAME_GROUP_FOR_PLAYER_CHANGED / _GI=1;USER_NAME=teeee2011:RDG-Bouduxx
got event: EVENT_PREGAME_GROUP_FOR_PLAYER_CHANGED / _GI=1;USER_NAME=DominikCZZ:RDG-Bouduxx
got event: EVENT_PREGAME_GROUP_FOR_PLAYER_CHANGED / _GI=1;USER_NAME=crashboomben:RDG-Bouduxx
got event: EVENT_PREGAME_PLAYER_ATTRIBUTE_CHANGED / R=1;USER_NAME=gL_MKaroto:RDG-Bouduxx
got event: EVENT_PREGAME_PLAYER_ATTRIBUTE_CHANGED / R=1;USER_NAME=ObX-shugy:RDG-Bouduxx
got event: EVENT_PREGAME_PLAYER_ATTRIBUTE_CHANGED / R=1;USER_NAME=C14_MangoMilano:RDG-Bouduxx
got event: EVENT_PREGAME_PLAYER_ATTRIBUTE_CHANGED / R=1;USER_NAME=ObX-Weesco:RDG-Bouduxx
got event: EVENT_PREGAME_PLAYER_ATTRIBUTE_CHANGED / R=1;USER_NAME=BigTom57-Fr:RDG-Bouduxx
got event: EVENT_PREGAME_PLAYER_ATTRIBUTE_CHANGED / R=1;USER_NAME=cocodu51:RDG-Bouduxx
got event: EVENT_PREGAME_GROUP_ATTRIBUTE_CHANGED / T_1=9:RDG-Bouduxx
got event: EVENT_PREGAME_GROUP_ATTRIBUTE_CHANGED / J_1=147457:RDG-Bouduxx
got event: EVENT_PREGAME_GROUP_ATTRIBUTE_CHANGED / C_1=teeee2011:RDG-Bouduxx
got event: EVENT_PREGAME_GROUP_ATTRIBUTE_CHANGED / C_1=teeee2011:RDG-Bouduxx
got event: EVENT_PREGAME_PLAYER_ATTRIBUTE_CHANGED / R=1;USER_NAME=gL_iSanGaa:RDG-Bouduxx
got event: EVENT_PREGAME_PLAYER_ATTRIBUTE_CHANGED / P=7;USER_NAME=BayernHeynckes:BayernHeynckes
got event: EVENT_PREGAME_GROUP_FOR_PLAYER_CHANGED / _GI=1;USER_NAME=BayernHeynckes:RDG-Bouduxx
got event: EVENT_PREGAME_PLAYER_ATTRIBUTE_CHANGED / R=1;USER_NAME=teeee2011:RDG-Bouduxx
got event: EVENT_PREGAME_PLAYER_ATTRIBUTE_CHANGED / R=1;USER_NAME=crashboomben:RDG-Bouduxx
got event: EVENT_PREGAME_PLAYER_ATTRIBUTE_CHANGED / R=1;USER_NAME=DominikCZZ:RDG-Bouduxx
got event: EVENT_PREGAME_PLAYER_ATTRIBUTE_CHANGED / R=1;USER_NAME=BayernHeynckes:RDG-Bouduxx
got event: EVENT_PREGAME_SESSION_ATTRIBUTE_CHANGED / Q=-1:RDG-Bouduxx
got event: EVENT_PREGAME_SESSION_ATTRIBUTE_CHANGED / A=USER_READY:RDG-Bouduxx
got event: EVENT_PREGAME_PLAYER_ATTRIBUTE_CHANGED / R=0;USER_NAME=RDG-Bouduxx:RDG-Bouduxx
got event: EVENT_PREGAME_PLAYER_ATTRIBUTE_CHANGED / R=0;USER_NAME=C14_MangoMilano:RDG-Bouduxx
got event: EVENT_PREGAME_PLAYER_ATTRIBUTE_CHANGED / R=0;USER_NAME=gL_iSanGaa:RDG-Bouduxx
got event: EVENT_PREGAME_PLAYER_ATTRIBUTE_CHANGED / R=0;USER_NAME=BigTom57-Fr:RDG-Bouduxx
got event: EVENT_PREGAME_PLAYER_ATTRIBUTE_CHANGED / R=0;USER_NAME=gL_MKaroto:RDG-Bouduxx
got event: EVENT_PREGAME_PLAYER_ATTRIBUTE_CHANGED / R=0;USER_NAME=cocodu51:RDG-Bouduxx
got event: EVENT_PREGAME_PLAYER_ATTRIBUTE_CHANGED / R=0;USER_NAME=ObX-Weesco:RDG-Bouduxx
got event: EVENT_PREGAME_PLAYER_ATTRIBUTE_CHANGED / R=0;USER_NAME=ObX-shugy:RDG-Bouduxx
got event: EVENT_PREGAME_PLAYER_ATTRIBUTE_CHANGED / R=0;USER_NAME=teeee2011:RDG-Bouduxx
got event: EVENT_PREGAME_PLAYER_ATTRIBUTE_CHANGED / R=0;USER_NAME=DominikCZZ:RDG-Bouduxx
got event: EVENT_PREGAME_PLAYER_ATTRIBUTE_CHANGED / R=0;USER_NAME=crashboomben:RDG-Bouduxx
got event: EVENT_PREGAME_PLAYER_ATTRIBUTE_CHANGED / B=1;USER_NAME=C14_MangoMilano:C14_MangoMilano
got event: EVENT_PREGAME_PLAYER_ATTRIBUTE_CHANGED / O=0;USER_NAME=C14_MangoMilano:C14_MangoMilano
got event: EVENT_PREGAME_PLAYER_ATTRIBUTE_CHANGED / B=2;USER_NAME=crashboomben:crashboomben
got event: EVENT_PREGAME_PLAYER_ATTRIBUTE_CHANGED / O=0;USER_NAME=crashboomben:crashboomben
got event: EVENT_PREGAME_PLAYER_ATTRIBUTE_CHANGED / B=7;USER_NAME=ObX-shugy:ObX-shugy
got event: EVENT_PREGAME_PLAYER_ATTRIBUTE_CHANGED / O=0;USER_NAME=ObX-shugy:ObX-shugy
got event: EVENT_PREGAME_PLAYER_ATTRIBUTE_CHANGED / B=2;USER_NAME=BigTom57-Fr:BigTom57-Fr
got event: EVENT_PREGAME_PLAYER_ATTRIBUTE_CHANGED / O=0;USER_NAME=BigTom57-Fr:BigTom57-Fr
got event: EVENT_PREGAME_PLAYER_ATTRIBUTE_CHANGED / R=0;USER_NAME=BayernHeynckes:RDG-Bouduxx
got event: EVENT_PREGAME_PLAYER_ATTRIBUTE_CHANGED / B=0;USER_NAME=RDG-Bouduxx:RDG-Bouduxx
got event: EVENT_PREGAME_PLAYER_ATTRIBUTE_CHANGED / O=0;USER_NAME=RDG-Bouduxx:RDG-Bouduxx
got event: EVENT_PREGAME_PLAYER_ATTRIBUTE_CHANGED / B=6;USER_NAME=ObX-Weesco:ObX-Weesco
got event: EVENT_PREGAME_PLAYER_ATTRIBUTE_CHANGED / O=0;USER_NAME=ObX-Weesco:ObX-Weesco
got event: EVENT_PREGAME_PLAYER_ATTRIBUTE_CHANGED / B=5;USER_NAME=cocodu51:cocodu51
got event: EVENT_PREGAME_PLAYER_ATTRIBUTE_CHANGED / B=3;USER_NAME=gL_MKaroto:gL_MKaroto
got event: EVENT_PREGAME_PLAYER_ATTRIBUTE_CHANGED / B=1;USER_NAME=DominikCZZ:DominikCZZ
got event: EVENT_PREGAME_PLAYER_ATTRIBUTE_CHANGED / O=0;USER_NAME=DominikCZZ:DominikCZZ
got event: EVENT_PREGAME_PLAYER_ATTRIBUTE_CHANGED / O=0;USER_NAME=gL_MKaroto:gL_MKaroto
got event: EVENT_PREGAME_PLAYER_ATTRIBUTE_CHANGED / O=0;USER_NAME=cocodu51:cocodu51
got event: EVENT_PREGAME_PLAYER_ATTRIBUTE_CHANGED / B=4;USER_NAME=gL_iSanGaa:gL_iSanGaa
got event: EVENT_PREGAME_PLAYER_ATTRIBUTE_CHANGED / O=0;USER_NAME=gL_iSanGaa:gL_iSanGaa
got event: EVENT_PREGAME_PLAYER_ATTRIBUTE_CHANGED / B=3;USER_NAME=BayernHeynckes:BayernHeynckes
got event: EVENT_PREGAME_PLAYER_ATTRIBUTE_CHANGED / O=0;USER_NAME=BayernHeynckes:BayernHeynckes
got event: EVENT_PREGAME_SESSION_ATTRIBUTE_CHANGED / Q=30:RaphaelU2P
got event: EVENT_PREGAME_PLAYER_ATTRIBUTE_CHANGED / P=0;USER_NAME=RaphaelU2P:RaphaelU2P
got event: EVENT_PREGAME_GROUP_FOR_PLAYER_CHANGED / _GI=0;USER_NAME=RaphaelU2P:RaphaelU2P
got event: EVENT_PREGAME_GROUP_ATTRIBUTE_CHANGED / I_0=48323;O_0=DZC;N_0=DZ Corporation;Z_0=9:RaphaelU2P
got event: EVENT_PREGAME_GROUP_ATTRIBUTE_CHANGED / T_0=9:RaphaelU2P
got event: EVENT_PREGAME_GROUP_ATTRIBUTE_CHANGED / J_0=147456:RaphaelU2P
got event: EVENT_PREGAME_GROUP_ATTRIBUTE_CHANGED / C_0=RaphaelU2P:RaphaelU2P
got event: EVENT_PREGAME_GROUP_ATTRIBUTE_CHANGED / C_0=RaphaelU2P:RaphaelU2P
got event: EVENT_PREGAME_ARBITRATOR_IS_READY / _ARDY=1;USER_NAME=RaphaelU2P:RaphaelU2P
got event: EVENT_PREGAME_SESSION_ATTRIBUTE_CHANGED / Q=29:RaphaelU2P
got event: EVENT_PREGAME_PLAYER_ATTRIBUTE_CHANGED / P=9;USER_NAME=FuZzikk19:FuZzikk19
got event: EVENT_PREGAME_PLAYER_ATTRIBUTE_CHANGED / P=10;USER_NAME=FlacoU2P:FlacoU2P
got event: EVENT_PREGAME_PLAYER_ATTRIBUTE_CHANGED / P=6;USER_NAME=Sh3msDz:Sh3msDz
got event: EVENT_PREGAME_GROUP_FOR_PLAYER_CHANGED / _GI=0;USER_NAME=FuZzikk19:RaphaelU2P
got event: EVENT_PREGAME_PLAYER_ATTRIBUTE_CHANGED / P=8;USER_NAME=LolowU2P:LolowU2P
got event: EVENT_PREGAME_PLAYER_ATTRIBUTE_CHANGED / P=7;USER_NAME=Toowax94:Toowax94
got event: EVENT_PREGAME_GROUP_FOR_PLAYER_CHANGED / _GI=0;USER_NAME=FlacoU2P:RaphaelU2P
got event: EVENT_PREGAME_GROUP_FOR_PLAYER_CHANGED / _GI=0;USER_NAME=Sh3msDz:RaphaelU2P
got event: EVENT_PREGAME_GROUP_FOR_PLAYER_CHANGED / _GI=0;USER_NAME=LolowU2P:RaphaelU2P
got event: EVENT_PREGAME_PLAYER_ATTRIBUTE_CHANGED / P=1;USER_NAME=Clew_Bibou:Clew_Bibou
got event: EVENT_PREGAME_GROUP_FOR_PLAYER_CHANGED / _GI=0;USER_NAME=Toowax94:RaphaelU2P
got event: EVENT_PREGAME_PLAYER_ATTRIBUTE_CHANGED / P=11;USER_NAME=AkaLaZup:AkaLaZup
got event: EVENT_PREGAME_GROUP_FOR_PLAYER_CHANGED / _GI=0;USER_NAME=Clew_Bibou:RaphaelU2P
got event: EVENT_PREGAME_GROUP_FOR_PLAYER_CHANGED / _GI=0;USER_NAME=AkaLaZup:RaphaelU2P
got event: EVENT_PREGAME_PLAYER_ATTRIBUTE_CHANGED / P=9;USER_NAME=crashboomben:crashboomben
got event: EVENT_PREGAME_PLAYER_ATTRIBUTE_CHANGED / P=11;USER_NAME=DominikCZZ:DominikCZZ
got event: EVENT_PREGAME_PLAYER_ATTRIBUTE_CHANGED / R=1;USER_NAME=RaphaelU2P:RaphaelU2P
got event: EVENT_PREGAME_GROUP_FOR_PLAYER_CHANGED / _GI=1;USER_NAME=crashboomben:RaphaelU2P
got event: EVENT_PREGAME_GROUP_FOR_PLAYER_CHANGED / _GI=1;USER_NAME=DominikCZZ:RaphaelU2P
got event: EVENT_PREGAME_GROUP_ATTRIBUTE_CHANGED / I_1=822;O_1=HLK;N_1=Hulkfc;Z_1=9:crashboomben
got event: EVENT_PREGAME_GROUP_FOR_PLAYER_CHANGED / _GI=1;USER_NAME=teeee2011:RaphaelU2P
got event: EVENT_PREGAME_PLAYER_ATTRIBUTE_CHANGED / R=1;USER_NAME=LolowU2P:RaphaelU2P
got event: EVENT_PREGAME_PLAYER_ATTRIBUTE_CHANGED / R=1;USER_NAME=Clew_Bibou:RaphaelU2P
got event: EVENT_PREGAME_PLAYER_ATTRIBUTE_CHANGED / R=1;USER_NAME=Sh3msDz:RaphaelU2P
got event: EVENT_PREGAME_PLAYER_ATTRIBUTE_CHANGED / R=1;USER_NAME=FuZzikk19:RaphaelU2P
got event: EVENT_PREGAME_PLAYER_ATTRIBUTE_CHANGED / R=1;USER_NAME=FlacoU2P:RaphaelU2P
got event: EVENT_PREGAME_PLAYER_ATTRIBUTE_CHANGED / R=1;USER_NAME=AkaLaZup:RaphaelU2P
got event: EVENT_PREGAME_PLAYER_ATTRIBUTE_CHANGED / R=1;USER_NAME=Toowax94:RaphaelU2P
got event: EVENT_PREGAME_GROUP_ATTRIBUTE_CHANGED / T_1=9:RaphaelU2P
got event: EVENT_PREGAME_GROUP_ATTRIBUTE_CHANGED / J_1=147457:RaphaelU2P
got event: EVENT_PREGAME_GROUP_ATTRIBUTE_CHANGED / C_1=crashboomben:RaphaelU2P
got event: EVENT_PREGAME_GROUP_ATTRIBUTE_CHANGED / C_1=crashboomben:RaphaelU2P
got event: EVENT_PREGAME_PLAYER_ATTRIBUTE_CHANGED / P=7;USER_NAME=BayernHeynckes:BayernHeynckes
got event: EVENT_PREGAME_GROUP_FOR_PLAYER_CHANGED / _GI=1;USER_NAME=BayernHeynckes:RaphaelU2P
got event: EVENT_PREGAME_PLAYER_ATTRIBUTE_CHANGED / R=1;USER_NAME=crashboomben:RaphaelU2P
got event: EVENT_PREGAME_PLAYER_ATTRIBUTE_CHANGED / R=1;USER_NAME=DominikCZZ:RaphaelU2P
got event: EVENT_PREGAME_PLAYER_ATTRIBUTE_CHANGED / R=1;USER_NAME=teeee2011:RaphaelU2P
got event: EVENT_PREGAME_SESSION_ATTRIBUTE_CHANGED / Q=28:RaphaelU2P
got event: EVENT_PREGAME_PLAYER_ATTRIBUTE_CHANGED / R=1;USER_NAME=BayernHeynckes:RaphaelU2P
got event: EVENT_PREGAME_SESSION_ATTRIBUTE_CHANGED / Q=-1:RaphaelU2P
got event: EVENT_PREGAME_SESSION_ATTRIBUTE_CHANGED / A=USER_READY:RaphaelU2P
got event: EVENT_PREGAME_PLAYER_ATTRIBUTE_CHANGED / R=0;USER_NAME=RaphaelU2P:RaphaelU2P
got event: EVENT_PREGAME_PLAYER_ATTRIBUTE_CHANGED / R=0;USER_NAME=FuZzikk19:RaphaelU2P
got event: EVENT_PREGAME_PLAYER_ATTRIBUTE_CHANGED / R=0;USER_NAME=FlacoU2P:RaphaelU2P
got event: EVENT_PREGAME_PLAYER_ATTRIBUTE_CHANGED / R=0;USER_NAME=Sh3msDz:RaphaelU2P
got event: EVENT_PREGAME_PLAYER_ATTRIBUTE_CHANGED / R=0;USER_NAME=LolowU2P:RaphaelU2P
got event: EVENT_PREGAME_PLAYER_ATTRIBUTE_CHANGED / R=0;USER_NAME=Toowax94:RaphaelU2P
got event: EVENT_PREGAME_PLAYER_ATTRIBUTE_CHANGED / R=0;USER_NAME=Clew_Bibou:RaphaelU2P
got event: EVENT_PREGAME_PLAYER_ATTRIBUTE_CHANGED / R=0;USER_NAME=AkaLaZup:RaphaelU2P
got event: EVENT_PREGAME_PLAYER_ATTRIBUTE_CHANGED / R=0;USER_NAME=crashboomben:RaphaelU2P
got event: EVENT_PREGAME_PLAYER_ATTRIBUTE_CHANGED / R=0;USER_NAME=DominikCZZ:RaphaelU2P
got event: EVENT_PREGAME_PLAYER_ATTRIBUTE_CHANGED / R=0;USER_NAME=BayernHeynckes:RaphaelU2P
got event: EVENT_PREGAME_PLAYER_ATTRIBUTE_CHANGED / B=4;USER_NAME=LolowU2P:LolowU2P
got event: EVENT_PREGAME_PLAYER_ATTRIBUTE_CHANGED / O=0;USER_NAME=LolowU2P:LolowU2P
got event: EVENT_PREGAME_PLAYER_ATTRIBUTE_CHANGED / B=6;USER_NAME=Clew_Bibou:Clew_Bibou
got event: EVENT_PREGAME_PLAYER_ATTRIBUTE_CHANGED / O=0;USER_NAME=Clew_Bibou:Clew_Bibou
got event: EVENT_PREGAME_PLAYER_ATTRIBUTE_CHANGED / B=1;USER_NAME=FuZzikk19:FuZzikk19
got event: EVENT_PREGAME_PLAYER_ATTRIBUTE_CHANGED / O=0;USER_NAME=FuZzikk19:FuZzikk19
got event: EVENT_PREGAME_PLAYER_ATTRIBUTE_CHANGED / B=3;USER_NAME=Sh3msDz:Sh3msDz
got event: EVENT_PREGAME_PLAYER_ATTRIBUTE_CHANGED / O=0;USER_NAME=Sh3msDz:Sh3msDz
got event: EVENT_PREGAME_PLAYER_ATTRIBUTE_CHANGED / B=0;USER_NAME=crashboomben:crashboomben
got event: EVENT_PREGAME_PLAYER_ATTRIBUTE_CHANGED / O=0;USER_NAME=crashboomben:crashboomben
got event: EVENT_PREGAME_PLAYER_ATTRIBUTE_CHANGED / B=7;USER_NAME=AkaLaZup:AkaLaZup
got event: EVENT_PREGAME_PLAYER_ATTRIBUTE_CHANGED / O=0;USER_NAME=AkaLaZup:AkaLaZup
got event: EVENT_PREGAME_PLAYER_ATTRIBUTE_CHANGED / B=5;USER_NAME=Toowax94:Toowax94
got event: EVENT_PREGAME_PLAYER_ATTRIBUTE_CHANGED / O=0;USER_NAME=Toowax94:Toowax94
got event: EVENT_PREGAME_PLAYER_ATTRIBUTE_CHANGED / R=0;USER_NAME=teeee2011:RaphaelU2P
got event: EVENT_PREGAME_PLAYER_ATTRIBUTE_CHANGED / B=0;USER_NAME=RaphaelU2P:RaphaelU2P
got event: EVENT_PREGAME_PLAYER_ATTRIBUTE_CHANGED / O=0;USER_NAME=RaphaelU2P:RaphaelU2P
got event: EVENT_PREGAME_PLAYER_ATTRIBUTE_CHANGED / B=1;USER_NAME=DominikCZZ:DominikCZZ
got event: EVENT_PREGAME_PLAYER_ATTRIBUTE_CHANGED / O=0;USER_NAME=DominikCZZ:DominikCZZ
got event: EVENT_PREGAME_PLAYER_ATTRIBUTE_CHANGED / B=2;USER_NAME=FlacoU2P:FlacoU2P
got event: EVENT_PREGAME_PLAYER_ATTRIBUTE_CHANGED / O=0;USER_NAME=FlacoU2P:FlacoU2P
got event: EVENT_PREGAME_PLAYER_ATTRIBUTE_CHANGED / B=3;USER_NAME=BayernHeynckes:BayernHeynckes
got event: EVENT_PREGAME_PLAYER_ATTRIBUTE_CHANGED / O=0;USER_NAME=BayernHeynckes:BayernHeynckes
got event: EVENT_PREGAME_SESSION_ATTRIBUTE_CHANGED / Q=30:maxeem14
got event: EVENT_PREGAME_PLAYER_ATTRIBUTE_CHANGED / P=9;USER_NAME=maxeem14:maxeem14
got event: EVENT_PREGAME_GROUP_FOR_PLAYER_CHANGED / _GI=0;USER_NAME=maxeem14:maxeem14
got event: EVENT_PREGAME_GROUP_ATTRIBUTE_CHANGED / I_0=4271;O_0=FTG;N_0=Fc For The Goux;Z_0=64:maxeem14
got event: EVENT_PREGAME_GROUP_ATTRIBUTE_CHANGED / T_0=64:maxeem14
got event: EVENT_PREGAME_GROUP_ATTRIBUTE_CHANGED / J_0=1048576:maxeem14
got event: EVENT_PREGAME_GROUP_ATTRIBUTE_CHANGED / C_0=maxeem14:maxeem14
got event: EVENT_PREGAME_GROUP_ATTRIBUTE_CHANGED / C_0=maxeem14:maxeem14
got event: EVENT_PREGAME_ARBITRATOR_IS_READY / _ARDY=1;USER_NAME=maxeem14:maxeem14
got event: EVENT_PREGAME_SESSION_ATTRIBUTE_CHANGED / Q=29:maxeem14
got event: EVENT_PREGAME_PLAYER_ATTRIBUTE_CHANGED / P=5;USER_NAME=xoxo_PC:xoxo_PC
got event: EVENT_PREGAME_PLAYER_ATTRIBUTE_CHANGED / P=4;USER_NAME=Daggy820:Daggy820
got event: EVENT_PREGAME_PLAYER_ATTRIBUTE_CHANGED / P=8;USER_NAME=BLUE-Sasco_esu:BLUE-Sasco_esu
got event: EVENT_PREGAME_GROUP_FOR_PLAYER_CHANGED / _GI=0;USER_NAME=xoxo_PC:maxeem14
got event: EVENT_PREGAME_GROUP_FOR_PLAYER_CHANGED / _GI=0;USER_NAME=Daggy820:maxeem14
got event: EVENT_PREGAME_PLAYER_ATTRIBUTE_CHANGED / P=7;USER_NAME=BLUE-BertBeats88:BLUE-BertBeats88
got event: EVENT_PREGAME_GROUP_FOR_PLAYER_CHANGED / _GI=0;USER_NAME=BLUE-Sasco_esu:maxeem14
got event: EVENT_PREGAME_PLAYER_ATTRIBUTE_CHANGED / P=1;USER_NAME=BiG_PollersBlack:BiG_PollersBlack
got event: EVENT_PREGAME_GROUP_FOR_PLAYER_CHANGED / _GI=0;USER_NAME=BLUE-BertBeats88:maxeem14
got event: EVENT_PREGAME_GROUP_FOR_PLAYER_CHANGED / _GI=0;USER_NAME=BiG_PollersBlack:maxeem14
got event: EVENT_PREGAME_PLAYER_ATTRIBUTE_CHANGED / P=2;USER_NAME=n0ob_de:n0ob_de
got event: EVENT_PREGAME_PLAYER_ATTRIBUTE_CHANGED / P=10;USER_NAME=ALL4TheFinish:ALL4TheFinish
got event: EVENT_PREGAME_PLAYER_ATTRIBUTE_CHANGED / P=3;USER_NAME=BoyZ-Chica:BoyZ-Chica
got event: EVENT_PREGAME_GROUP_FOR_PLAYER_CHANGED / _GI=0;USER_NAME=n0ob_de:maxeem14
got event: EVENT_PREGAME_GROUP_FOR_PLAYER_CHANGED / _GI=0;USER_NAME=ALL4TheFinish:maxeem14
got event: EVENT_PREGAME_GROUP_FOR_PLAYER_CHANGED / _GI=0;USER_NAME=BoyZ-Chica:maxeem14
got event: EVENT_PREGAME_PLAYER_ATTRIBUTE_CHANGED / P=11;USER_NAME=BoyZ-ALL4TheSave:BoyZ-ALL4TheSave
got event: EVENT_PREGAME_PLAYER_ATTRIBUTE_CHANGED / P=11;USER_NAME=DominikCZZ:DominikCZZ
got event: EVENT_PREGAME_GROUP_FOR_PLAYER_CHANGED / _GI=0;USER_NAME=BoyZ-ALL4TheSave:maxeem14
got event: EVENT_PREGAME_PLAYER_ATTRIBUTE_CHANGED / P=6;USER_NAME=EQ-JackSlizer:EQ-JackSlizer
got event: EVENT_PREGAME_PLAYER_ATTRIBUTE_CHANGED / P=9;USER_NAME=crashboomben:crashboomben
got event: EVENT_PREGAME_GROUP_FOR_PLAYER_CHANGED / _GI=1;USER_NAME=DominikCZZ:maxeem14
got event: EVENT_PREGAME_GROUP_FOR_PLAYER_CHANGED / _GI=0;USER_NAME=EQ-JackSlizer:maxeem14
got event: EVENT_PREGAME_GROUP_FOR_PLAYER_CHANGED / _GI=1;USER_NAME=crashboomben:maxeem14
got event: EVENT_PREGAME_GROUP_ATTRIBUTE_CHANGED / I_1=822;O_1=HLK;N_1=Hulkfc;Z_1=9:DominikCZZ
got event: EVENT_PREGAME_PLAYER_ATTRIBUTE_CHANGED / R=1;USER_NAME=maxeem14:maxeem14
got event: EVENT_PREGAME_GROUP_ATTRIBUTE_CHANGED / T_1=9:maxeem14
got event: EVENT_PREGAME_GROUP_ATTRIBUTE_CHANGED / J_1=147457:maxeem14
got event: EVENT_PREGAME_GROUP_ATTRIBUTE_CHANGED / C_1=DominikCZZ:maxeem14
got event: EVENT_PREGAME_GROUP_ATTRIBUTE_CHANGED / C_1=DominikCZZ:maxeem14
got event: EVENT_PREGAME_GROUP_FOR_PLAYER_CHANGED / _GI=1;USER_NAME=teeee2011:maxeem14
got event: EVENT_PREGAME_PLAYER_ATTRIBUTE_CHANGED / R=1;USER_NAME=BiG_PollersBlack:maxeem14
got event: EVENT_PREGAME_PLAYER_ATTRIBUTE_CHANGED / R=1;USER_NAME=BoyZ-Chica:maxeem14
got event: EVENT_PREGAME_PLAYER_ATTRIBUTE_CHANGED / R=1;USER_NAME=ALL4TheFinish:maxeem14
got event: EVENT_PREGAME_PLAYER_ATTRIBUTE_CHANGED / R=1;USER_NAME=Daggy820:maxeem14
got event: EVENT_PREGAME_PLAYER_ATTRIBUTE_CHANGED / R=1;USER_NAME=BLUE-Sasco_esu:maxeem14
got event: EVENT_PREGAME_PLAYER_ATTRIBUTE_CHANGED / R=1;USER_NAME=n0ob_de:maxeem14
got event: EVENT_PREGAME_PLAYER_ATTRIBUTE_CHANGED / R=1;USER_NAME=BoyZ-ALL4TheSave:maxeem14
got event: EVENT_PREGAME_PLAYER_ATTRIBUTE_CHANGED / R=1;USER_NAME=BLUE-BertBeats88:maxeem14
got event: EVENT_PREGAME_PLAYER_ATTRIBUTE_CHANGED / P=7;USER_NAME=BayernHeynckes:BayernHeynckes
got event: EVENT_PREGAME_PLAYER_ATTRIBUTE_CHANGED / R=1;USER_NAME=xoxo_PC:maxeem14
got event: EVENT_PREGAME_PLAYER_ATTRIBUTE_CHANGED / R=1;USER_NAME=EQ-JackSlizer:maxeem14
got event: EVENT_PREGAME_GROUP_FOR_PLAYER_CHANGED / _GI=1;USER_NAME=BayernHeynckes:maxeem14
got event: EVENT_PREGAME_PLAYER_ATTRIBUTE_CHANGED / R=1;USER_NAME=DominikCZZ:maxeem14
got event: EVENT_PREGAME_PLAYER_ATTRIBUTE_CHANGED / R=1;USER_NAME=crashboomben:maxeem14
got event: EVENT_PREGAME_PLAYER_ATTRIBUTE_CHANGED / R=1;USER_NAME=teeee2011:maxeem14
got event: EVENT_PREGAME_PLAYER_ATTRIBUTE_CHANGED / R=1;USER_NAME=BayernHeynckes:maxeem14
got event: EVENT_PREGAME_SESSION_ATTRIBUTE_CHANGED / Q=-1:maxeem14
got event: EVENT_PREGAME_SESSION_ATTRIBUTE_CHANGED / A=USER_READY:maxeem14
got event: EVENT_PREGAME_PLAYER_ATTRIBUTE_CHANGED / R=0;USER_NAME=maxeem14:maxeem14
got event: EVENT_PREGAME_PLAYER_ATTRIBUTE_CHANGED / R=0;USER_NAME=xoxo_PC:maxeem14
got event: EVENT_PREGAME_PLAYER_ATTRIBUTE_CHANGED / R=0;USER_NAME=Daggy820:maxeem14
got event: EVENT_PREGAME_PLAYER_ATTRIBUTE_CHANGED / R=0;USER_NAME=BLUE-Sasco_esu:maxeem14
got event: EVENT_PREGAME_PLAYER_ATTRIBUTE_CHANGED / R=0;USER_NAME=BLUE-BertBeats88:maxeem14
got event: EVENT_PREGAME_PLAYER_ATTRIBUTE_CHANGED / R=0;USER_NAME=BiG_PollersBlack:maxeem14
got event: EVENT_PREGAME_PLAYER_ATTRIBUTE_CHANGED / R=0;USER_NAME=n0ob_de:maxeem14
got event: EVENT_PREGAME_PLAYER_ATTRIBUTE_CHANGED / R=0;USER_NAME=ALL4TheFinish:maxeem14
got event: EVENT_PREGAME_PLAYER_ATTRIBUTE_CHANGED / R=0;USER_NAME=BoyZ-Chica:maxeem14
got event: EVENT_PREGAME_PLAYER_ATTRIBUTE_CHANGED / R=0;USER_NAME=BoyZ-ALL4TheSave:maxeem14
got event: EVENT_PREGAME_PLAYER_ATTRIBUTE_CHANGED / R=0;USER_NAME=EQ-JackSlizer:maxeem14
got event: EVENT_PREGAME_PLAYER_ATTRIBUTE_CHANGED / B=8;USER_NAME=BoyZ-Chica:BoyZ-Chica
got event: EVENT_PREGAME_PLAYER_ATTRIBUTE_CHANGED / O=0;USER_NAME=BoyZ-Chica:BoyZ-Chica
got event: EVENT_PREGAME_PLAYER_ATTRIBUTE_CHANGED / B=5;USER_NAME=BiG_PollersBlack:BiG_PollersBlack
got event: EVENT_PREGAME_PLAYER_ATTRIBUTE_CHANGED / O=0;USER_NAME=BiG_PollersBlack:BiG_PollersBlack
got event: EVENT_PREGAME_PLAYER_ATTRIBUTE_CHANGED / B=7;USER_NAME=ALL4TheFinish:ALL4TheFinish
got event: EVENT_PREGAME_PLAYER_ATTRIBUTE_CHANGED / O=0;USER_NAME=ALL4TheFinish:ALL4TheFinish
got event: EVENT_PREGAME_PLAYER_ATTRIBUTE_CHANGED / B=0;USER_NAME=DominikCZZ:DominikCZZ
got event: EVENT_PREGAME_PLAYER_ATTRIBUTE_CHANGED / O=0;USER_NAME=DominikCZZ:DominikCZZ
got event: EVENT_PREGAME_PLAYER_ATTRIBUTE_CHANGED / B=2;USER_NAME=Daggy820:Daggy820
got event: EVENT_PREGAME_PLAYER_ATTRIBUTE_CHANGED / O=0;USER_NAME=Daggy820:Daggy820
got event: EVENT_PREGAME_PLAYER_ATTRIBUTE_CHANGED / B=4;USER_NAME=BLUE-BertBeats88:BLUE-BertBeats88
got event: EVENT_PREGAME_PLAYER_ATTRIBUTE_CHANGED / O=0;USER_NAME=BLUE-BertBeats88:BLUE-BertBeats88
got event: EVENT_PREGAME_PLAYER_ATTRIBUTE_CHANGED / B=1;USER_NAME=crashboomben:crashboomben
got event: EVENT_PREGAME_PLAYER_ATTRIBUTE_CHANGED / O=0;USER_NAME=crashboomben:crashboomben
got event: EVENT_PREGAME_PLAYER_ATTRIBUTE_CHANGED / B=9;USER_NAME=BoyZ-ALL4TheSave:BoyZ-ALL4TheSave
got event: EVENT_PREGAME_PLAYER_ATTRIBUTE_CHANGED / O=0;USER_NAME=BoyZ-ALL4TheSave:BoyZ-ALL4TheSave
got event: EVENT_PREGAME_PLAYER_ATTRIBUTE_CHANGED / B=3;USER_NAME=BLUE-Sasco_esu:BLUE-Sasco_esu
got event: EVENT_PREGAME_PLAYER_ATTRIBUTE_CHANGED / O=0;USER_NAME=BLUE-Sasco_esu:BLUE-Sasco_esu
got event: EVENT_PREGAME_PLAYER_ATTRIBUTE_CHANGED / B=6;USER_NAME=n0ob_de:n0ob_de
got event: EVENT_PREGAME_PLAYER_ATTRIBUTE_CHANGED / O=0;USER_NAME=n0ob_de:n0ob_de
got event: EVENT_PREGAME_PLAYER_ATTRIBUTE_CHANGED / R=0;USER_NAME=DominikCZZ:maxeem14
got event: EVENT_PREGAME_PLAYER_ATTRIBUTE_CHANGED / R=0;USER_NAME=crashboomben:maxeem14
got event: EVENT_PREGAME_PLAYER_ATTRIBUTE_CHANGED / R=0;USER_NAME=BayernHeynckes:maxeem14
got event: EVENT_PREGAME_PLAYER_ATTRIBUTE_CHANGED / R=0;USER_NAME=teeee2011:maxeem14
got event: EVENT_PREGAME_PLAYER_ATTRIBUTE_CHANGED / B=0;USER_NAME=maxeem14:maxeem14
got event: EVENT_PREGAME_PLAYER_ATTRIBUTE_CHANGED / O=0;USER_NAME=maxeem14:maxeem14
got event: EVENT_PREGAME_PLAYER_ATTRIBUTE_CHANGED / B=1;USER_NAME=xoxo_PC:xoxo_PC
got event: EVENT_PREGAME_PLAYER_ATTRIBUTE_CHANGED / O=0;USER_NAME=xoxo_PC:xoxo_PC
got event: EVENT_PREGAME_PLAYER_ATTRIBUTE_CHANGED / B=10;USER_NAME=EQ-JackSlizer:EQ-JackSlizer
got event: EVENT_PREGAME_PLAYER_ATTRIBUTE_CHANGED / O=0;USER_NAME=EQ-JackSlizer:EQ-JackSlizer
got event: EVENT_PREGAME_PLAYER_ATTRIBUTE_CHANGED / B=3;USER_NAME=BayernHeynckes:BayernHeynckes
got event: EVENT_PREGAME_PLAYER_ATTRIBUTE_CHANGED / O=0;USER_NAME=BayernHeynckes:BayernHeynckes
got event: EVENT_PREGAME_SESSION_ATTRIBUTE_CHANGED / Q=30:reinazz
got event: EVENT_PREGAME_PLAYER_ATTRIBUTE_CHANGED / P=0;USER_NAME=reinazz:reinazz
got event: EVENT_PREGAME_GROUP_FOR_PLAYER_CHANGED / _GI=0;USER_NAME=reinazz:reinazz
got event: EVENT_PREGAME_GROUP_ATTRIBUTE_CHANGED / I_0=11032;O_0=FTM;N_0=Fatima;Z_0=99010205:reinazz
got event: EVENT_PREGAME_GROUP_ATTRIBUTE_CHANGED / T_0=45:reinazz
got event: EVENT_PREGAME_GROUP_ATTRIBUTE_CHANGED / J_0=7616:reinazz
got event: EVENT_PREGAME_GROUP_ATTRIBUTE_CHANGED / C_0=reinazz:reinazz
got event: EVENT_PREGAME_GROUP_ATTRIBUTE_CHANGED / C_0=reinazz:reinazz
got event: EVENT_PREGAME_ARBITRATOR_IS_READY / _ARDY=1;USER_NAME=reinazz:reinazz
got event: EVENT_PREGAME_SESSION_ATTRIBUTE_CHANGED / Q=29:reinazz
got event: EVENT_PREGAME_PLAYER_ATTRIBUTE_CHANGED / P=6;USER_NAME=LPRoque:LPRoque
got event: EVENT_PREGAME_PLAYER_ATTRIBUTE_CHANGED / P=10;USER_NAME=uP_Salgueiro:uP_Salgueiro
got event: EVENT_PREGAME_PLAYER_ATTRIBUTE_CHANGED / P=0;USER_NAME=Rafa_PoliceMan:Rafa_PoliceMan
got event: EVENT_PREGAME_PLAYER_ATTRIBUTE_CHANGED / P=11;USER_NAME=DominikCZZ:DominikCZZ
got event: EVENT_PREGAME_PLAYER_ATTRIBUTE_CHANGED / P=9;USER_NAME=crashboomben:crashboomben
got event: EVENT_PREGAME_GROUP_FOR_PLAYER_CHANGED / _GI=0;USER_NAME=LPRoque:reinazz
got event: EVENT_PREGAME_GROUP_FOR_PLAYER_CHANGED / _GI=0;USER_NAME=uP_Salgueiro:reinazz
got event: EVENT_PREGAME_GROUP_FOR_PLAYER_CHANGED / _GI=1;USER_NAME=Rafa_PoliceMan:reinazz
got event: EVENT_PREGAME_GROUP_FOR_PLAYER_CHANGED / _GI=1;USER_NAME=DominikCZZ:reinazz
got event: EVENT_PREGAME_PLAYER_ATTRIBUTE_CHANGED / R=1;USER_NAME=reinazz:reinazz
got event: EVENT_PREGAME_GROUP_FOR_PLAYER_CHANGED / _GI=1;USER_NAME=crashboomben:reinazz
got event: EVENT_PREGAME_GROUP_FOR_PLAYER_CHANGED / _GI=1;USER_NAME=teeee2011:reinazz
got event: EVENT_PREGAME_GROUP_ATTRIBUTE_CHANGED / I_1=822;O_1=HLK;N_1=Hulkfc;Z_1=9:Rafa_PoliceMan
got event: EVENT_PREGAME_GROUP_ATTRIBUTE_CHANGED / T_1=9:reinazz
got event: EVENT_PREGAME_GROUP_ATTRIBUTE_CHANGED / J_1=147457:reinazz
got event: EVENT_PREGAME_GROUP_ATTRIBUTE_CHANGED / C_1=Rafa_PoliceMan:reinazz
got event: EVENT_PREGAME_GROUP_ATTRIBUTE_CHANGED / C_1=Rafa_PoliceMan:reinazz
got event: EVENT_PREGAME_PLAYER_ATTRIBUTE_CHANGED / R=1;USER_NAME=uP_Salgueiro:reinazz
got event: EVENT_PREGAME_PLAYER_ATTRIBUTE_CHANGED / R=1;USER_NAME=LPRoque:reinazz
got event: EVENT_PREGAME_PLAYER_ATTRIBUTE_CHANGED / R=1;USER_NAME=Rafa_PoliceMan:reinazz
got event: EVENT_PREGAME_PLAYER_ATTRIBUTE_CHANGED / R=1;USER_NAME=crashboomben:reinazz
got event: EVENT_PREGAME_PLAYER_ATTRIBUTE_CHANGED / R=1;USER_NAME=DominikCZZ:reinazz
got event: EVENT_PREGAME_PLAYER_ATTRIBUTE_CHANGED / R=1;USER_NAME=teeee2011:reinazz
got event: EVENT_PREGAME_SESSION_ATTRIBUTE_CHANGED / Q=-1:reinazz
got event: EVENT_PREGAME_SESSION_ATTRIBUTE_CHANGED / A=USER_READY:reinazz
got event: EVENT_PREGAME_PLAYER_ATTRIBUTE_CHANGED / R=0;USER_NAME=reinazz:reinazz
got event: EVENT_PREGAME_PLAYER_ATTRIBUTE_CHANGED / R=0;USER_NAME=LPRoque:reinazz
got event: EVENT_PREGAME_PLAYER_ATTRIBUTE_CHANGED / R=0;USER_NAME=uP_Salgueiro:reinazz
got event: EVENT_PREGAME_PLAYER_ATTRIBUTE_CHANGED / R=0;USER_NAME=Rafa_PoliceMan:reinazz
got event: EVENT_PREGAME_PLAYER_ATTRIBUTE_CHANGED / R=0;USER_NAME=DominikCZZ:reinazz
got event: EVENT_PREGAME_PLAYER_ATTRIBUTE_CHANGED / R=0;USER_NAME=crashboomben:reinazz
got event: EVENT_PREGAME_PLAYER_ATTRIBUTE_CHANGED / R=0;USER_NAME=teeee2011:reinazz
got event: EVENT_PREGAME_PLAYER_ATTRIBUTE_CHANGED / B=2;USER_NAME=crashboomben:crashboomben
got event: EVENT_PREGAME_PLAYER_ATTRIBUTE_CHANGED / O=0;USER_NAME=crashboomben:crashboomben
got event: EVENT_PREGAME_PLAYER_ATTRIBUTE_CHANGED / B=1;USER_NAME=DominikCZZ:DominikCZZ
got event: EVENT_PREGAME_PLAYER_ATTRIBUTE_CHANGED / O=0;USER_NAME=DominikCZZ:DominikCZZ
got event: EVENT_PREGAME_PLAYER_ATTRIBUTE_CHANGED / B=2;USER_NAME=uP_Salgueiro:uP_Salgueiro
got event: EVENT_PREGAME_PLAYER_ATTRIBUTE_CHANGED / O=0;USER_NAME=uP_Salgueiro:uP_Salgueiro
got event: EVENT_PREGAME_PLAYER_ATTRIBUTE_CHANGED / B=0;USER_NAME=Rafa_PoliceMan:Rafa_PoliceMan
got event: EVENT_PREGAME_PLAYER_ATTRIBUTE_CHANGED / O=0;USER_NAME=Rafa_PoliceMan:Rafa_PoliceMan
got event: EVENT_PREGAME_PLAYER_ATTRIBUTE_CHANGED / B=1;USER_NAME=LPRoque:LPRoque
got event: EVENT_PREGAME_PLAYER_ATTRIBUTE_CHANGED / O=0;USER_NAME=LPRoque:LPRoque
got event: EVENT_PREGAME_PLAYER_ATTRIBUTE_CHANGED / B=0;USER_NAME=reinazz:reinazz
got event: EVENT_PREGAME_PLAYER_ATTRIBUTE_CHANGED / O=0;USER_NAME=reinazz:reinazz
got event: EVENT_PREGAME_SESSION_ATTRIBUTE_CHANGED / Q=30:ABEJA_IN_DA_JAUS
got event: EVENT_PREGAME_PLAYER_ATTRIBUTE_CHANGED / P=0;USER_NAME=ABEJA_IN_DA_JAUS:ABEJA_IN_DA_JAUS
got event: EVENT_PREGAME_GROUP_FOR_PLAYER_CHANGED / _GI=0;USER_NAME=ABEJA_IN_DA_JAUS:ABEJA_IN_DA_JAUS
got event: EVENT_PREGAME_GROUP_ATTRIBUTE_CHANGED / I_0=48265;O_0=ESP;N_0=FVPA Spain;Z_0=1362:ABEJA_IN_DA_JAUS
got event: EVENT_PREGAME_GROUP_ATTRIBUTE_CHANGED / T_0=1362:ABEJA_IN_DA_JAUS
got event: EVENT_PREGAME_GROUP_ATTRIBUTE_CHANGED / J_0=22315008:ABEJA_IN_DA_JAUS
got event: EVENT_PREGAME_GROUP_ATTRIBUTE_CHANGED / C_0=ABEJA_IN_DA_JAUS:ABEJA_IN_DA_JAUS
got event: EVENT_PREGAME_GROUP_ATTRIBUTE_CHANGED / C_0=ABEJA_IN_DA_JAUS:ABEJA_IN_DA_JAUS
got event: EVENT_PREGAME_ARBITRATOR_IS_READY / _ARDY=1;USER_NAME=ABEJA_IN_DA_JAUS:ABEJA_IN_DA_JAUS
got event: EVENT_PREGAME_SESSION_ATTRIBUTE_CHANGED / Q=29:ABEJA_IN_DA_JAUS
got event: EVENT_PREGAME_PLAYER_ATTRIBUTE_CHANGED / P=11;USER_NAME=MagicDavids:MagicDavids
got event: EVENT_PREGAME_PLAYER_ATTRIBUTE_CHANGED / P=10;USER_NAME=LpK-03:LpK-03
got event: EVENT_PREGAME_PLAYER_ATTRIBUTE_CHANGED / P=6;USER_NAME=cany7:cany7
got event: EVENT_PREGAME_PLAYER_ATTRIBUTE_CHANGED / P=7;USER_NAME=Oliverr24:Oliverr24
got event: EVENT_PREGAME_PLAYER_ATTRIBUTE_CHANGED / P=8;USER_NAME=Raven-x20x-:Raven-x20x-
got event: EVENT_PREGAME_GROUP_FOR_PLAYER_CHANGED / _GI=0;USER_NAME=MagicDavids:ABEJA_IN_DA_JAUS
got event: EVENT_PREGAME_GROUP_FOR_PLAYER_CHANGED / _GI=0;USER_NAME=LpK-03:ABEJA_IN_DA_JAUS
got event: EVENT_PREGAME_PLAYER_ATTRIBUTE_CHANGED / P=1;USER_NAME=Txiky69:Txiky69
got event: EVENT_PREGAME_GROUP_FOR_PLAYER_CHANGED / _GI=0;USER_NAME=cany7:ABEJA_IN_DA_JAUS
got event: EVENT_PREGAME_PLAYER_ATTRIBUTE_CHANGED / P=9;USER_NAME=Juanitopl12:Juanitopl12
got event: EVENT_PREGAME_PLAYER_ATTRIBUTE_CHANGED / P=6;USER_NAME=crashboomben:crashboomben
got event: EVENT_PREGAME_PLAYER_ATTRIBUTE_CHANGED / P=0;USER_NAME=Rafa_PoliceMan:Rafa_PoliceMan
got event: EVENT_PREGAME_PLAYER_ATTRIBUTE_CHANGED / P=11;USER_NAME=DominikCZZ:DominikCZZ
got event: EVENT_PREGAME_GROUP_FOR_PLAYER_CHANGED / _GI=0;USER_NAME=Oliverr24:ABEJA_IN_DA_JAUS
got event: EVENT_PREGAME_GROUP_FOR_PLAYER_CHANGED / _GI=0;USER_NAME=Raven-x20x-:ABEJA_IN_DA_JAUS
got event: EVENT_PREGAME_GROUP_FOR_PLAYER_CHANGED / _GI=0;USER_NAME=Txiky69:ABEJA_IN_DA_JAUS
got event: EVENT_PREGAME_GROUP_FOR_PLAYER_CHANGED / _GI=0;USER_NAME=Juanitopl12:ABEJA_IN_DA_JAUS
got event: EVENT_PREGAME_PLAYER_ATTRIBUTE_CHANGED / P=9;USER_NAME=M3rkner:M3rkner
got event: EVENT_PREGAME_GROUP_FOR_PLAYER_CHANGED / _GI=1;USER_NAME=crashboomben:ABEJA_IN_DA_JAUS
got event: EVENT_PREGAME_GROUP_FOR_PLAYER_CHANGED / _GI=1;USER_NAME=Rafa_PoliceMan:ABEJA_IN_DA_JAUS
got event: EVENT_PREGAME_GROUP_FOR_PLAYER_CHANGED / _GI=1;USER_NAME=DominikCZZ:ABEJA_IN_DA_JAUS
got event: EVENT_PREGAME_PLAYER_ATTRIBUTE_CHANGED / R=1;USER_NAME=ABEJA_IN_DA_JAUS:ABEJA_IN_DA_JAUS
got event: EVENT_PREGAME_GROUP_FOR_PLAYER_CHANGED / _GI=1;USER_NAME=teeee2011:ABEJA_IN_DA_JAUS
got event: EVENT_PREGAME_GROUP_ATTRIBUTE_CHANGED / I_1=822;O_1=HLK;N_1=Hulkfc;Z_1=9:crashboomben
got event: EVENT_PREGAME_GROUP_FOR_PLAYER_CHANGED / _GI=1;USER_NAME=M3rkner:ABEJA_IN_DA_JAUS
got event: EVENT_PREGAME_GROUP_ATTRIBUTE_CHANGED / T_1=9:ABEJA_IN_DA_JAUS
got event: EVENT_PREGAME_GROUP_ATTRIBUTE_CHANGED / J_1=147457:ABEJA_IN_DA_JAUS
got event: EVENT_PREGAME_PLAYER_ATTRIBUTE_CHANGED / R=1;USER_NAME=Raven-x20x-:ABEJA_IN_DA_JAUS
got event: EVENT_PREGAME_PLAYER_ATTRIBUTE_CHANGED / R=1;USER_NAME=MagicDavids:ABEJA_IN_DA_JAUS
got event: EVENT_PREGAME_PLAYER_ATTRIBUTE_CHANGED / R=1;USER_NAME=LpK-03:ABEJA_IN_DA_JAUS
got event: EVENT_PREGAME_GROUP_ATTRIBUTE_CHANGED / C_1=Rafa_PoliceMan:ABEJA_IN_DA_JAUS
got event: EVENT_PREGAME_GROUP_ATTRIBUTE_CHANGED / C_1=Rafa_PoliceMan:ABEJA_IN_DA_JAUS
got event: EVENT_PREGAME_PLAYER_ATTRIBUTE_CHANGED / R=1;USER_NAME=Juanitopl12:ABEJA_IN_DA_JAUS
got event: EVENT_PREGAME_PLAYER_ATTRIBUTE_CHANGED / R=1;USER_NAME=Txiky69:ABEJA_IN_DA_JAUS
got event: EVENT_PREGAME_PLAYER_ATTRIBUTE_CHANGED / R=1;USER_NAME=cany7:ABEJA_IN_DA_JAUS
got event: EVENT_PREGAME_PLAYER_ATTRIBUTE_CHANGED / R=1;USER_NAME=Oliverr24:ABEJA_IN_DA_JAUS
got event: EVENT_PREGAME_PLAYER_ATTRIBUTE_CHANGED / R=1;USER_NAME=crashboomben:ABEJA_IN_DA_JAUS
got event: EVENT_PREGAME_SESSION_ATTRIBUTE_CHANGED / Q=28:ABEJA_IN_DA_JAUS
got event: EVENT_PREGAME_SESSION_ATTRIBUTE_CHANGED / Q=27:ABEJA_IN_DA_JAUS
got event: EVENT_PREGAME_SESSION_ATTRIBUTE_CHANGED / Q=26:ABEJA_IN_DA_JAUS
got event: EVENT_PREGAME_SESSION_ATTRIBUTE_CHANGED / Q=25:ABEJA_IN_DA_JAUS
got event: EVENT_PREGAME_SESSION_ATTRIBUTE_CHANGED / Q=24:ABEJA_IN_DA_JAUS
got event: EVENT_PREGAME_SESSION_ATTRIBUTE_CHANGED / Q=23:ABEJA_IN_DA_JAUS
got event: EVENT_PREGAME_SESSION_ATTRIBUTE_CHANGED / Q=22:ABEJA_IN_DA_JAUS
got event: EVENT_PREGAME_SESSION_ATTRIBUTE_CHANGED / Q=21:ABEJA_IN_DA_JAUS
got event: EVENT_PREGAME_SESSION_ATTRIBUTE_CHANGED / Q=20:ABEJA_IN_DA_JAUS
got event: EVENT_PREGAME_SESSION_ATTRIBUTE_CHANGED / Q=19:ABEJA_IN_DA_JAUS
got event: EVENT_PREGAME_SESSION_ATTRIBUTE_CHANGED / Q=18:ABEJA_IN_DA_JAUS
got event: EVENT_PREGAME_SESSION_ATTRIBUTE_CHANGED / Q=17:ABEJA_IN_DA_JAUS
got event: EVENT_PREGAME_SESSION_ATTRIBUTE_CHANGED / Q=16:ABEJA_IN_DA_JAUS
got event: EVENT_PREGAME_SESSION_ATTRIBUTE_CHANGED / Q=15:ABEJA_IN_DA_JAUS
got event: EVENT_PREGAME_SESSION_ATTRIBUTE_CHANGED / Q=14:ABEJA_IN_DA_JAUS
got event: EVENT_PREGAME_SESSION_ATTRIBUTE_CHANGED / Q=13:ABEJA_IN_DA_JAUS
got event: EVENT_PREGAME_SESSION_ATTRIBUTE_CHANGED / Q=12:ABEJA_IN_DA_JAUS
got event: EVENT_PREGAME_SESSION_ATTRIBUTE_CHANGED / Q=11:ABEJA_IN_DA_JAUS
got event: EVENT_PREGAME_SESSION_ATTRIBUTE_CHANGED / Q=10:ABEJA_IN_DA_JAUS
got event: EVENT_PREGAME_SESSION_ATTRIBUTE_CHANGED / Q=9:ABEJA_IN_DA_JAUS
got event: EVENT_PREGAME_SESSION_ATTRIBUTE_CHANGED / Q=8:ABEJA_IN_DA_JAUS
got event: EVENT_PREGAME_SESSION_ATTRIBUTE_CHANGED / Q=7:ABEJA_IN_DA_JAUS
got event: EVENT_PREGAME_SESSION_ATTRIBUTE_CHANGED / Q=6:ABEJA_IN_DA_JAUS
got event: EVENT_PREGAME_SESSION_ATTRIBUTE_CHANGED / Q=5:ABEJA_IN_DA_JAUS
got event: EVENT_PREGAME_SESSION_ATTRIBUTE_CHANGED / Q=4:ABEJA_IN_DA_JAUS
got event: EVENT_PREGAME_SESSION_ATTRIBUTE_CHANGED / Q=3:ABEJA_IN_DA_JAUS
got event: EVENT_PREGAME_SESSION_ATTRIBUTE_CHANGED / Q=2:ABEJA_IN_DA_JAUS
got event: EVENT_PREGAME_SESSION_ATTRIBUTE_CHANGED / Q=1:ABEJA_IN_DA_JAUS
got event: EVENT_PREGAME_SESSION_ATTRIBUTE_CHANGED / Q=-1:ABEJA_IN_DA_JAUS
got event: EVENT_PREGAME_SESSION_ATTRIBUTE_CHANGED / A=TIMER_EXPIRE:ABEJA_IN_DA_JAUS
got event: EVENT_PREGAME_PLAYER_ATTRIBUTE_CHANGED / R=0;USER_NAME=ABEJA_IN_DA_JAUS:ABEJA_IN_DA_JAUS
got event: EVENT_PREGAME_PLAYER_ATTRIBUTE_CHANGED / R=0;USER_NAME=MagicDavids:ABEJA_IN_DA_JAUS
got event: EVENT_PREGAME_PLAYER_ATTRIBUTE_CHANGED / R=0;USER_NAME=LpK-03:ABEJA_IN_DA_JAUS
got event: EVENT_PREGAME_PLAYER_ATTRIBUTE_CHANGED / R=0;USER_NAME=cany7:ABEJA_IN_DA_JAUS
got event: EVENT_PREGAME_PLAYER_ATTRIBUTE_CHANGED / R=0;USER_NAME=Oliverr24:ABEJA_IN_DA_JAUS
got event: EVENT_PREGAME_PLAYER_ATTRIBUTE_CHANGED / R=0;USER_NAME=Raven-x20x-:ABEJA_IN_DA_JAUS
got event: EVENT_PREGAME_PLAYER_ATTRIBUTE_CHANGED / R=0;USER_NAME=Txiky69:ABEJA_IN_DA_JAUS
got event: EVENT_PREGAME_PLAYER_ATTRIBUTE_CHANGED / R=0;USER_NAME=Juanitopl12:ABEJA_IN_DA_JAUS
got event: EVENT_PREGAME_PLAYER_ATTRIBUTE_CHANGED / R=0;USER_NAME=crashboomben:ABEJA_IN_DA_JAUS
got event: EVENT_PREGAME_PLAYER_ATTRIBUTE_CHANGED / B=0;USER_NAME=ABEJA_IN_DA_JAUS:ABEJA_IN_DA_JAUS
got event: EVENT_PREGAME_PLAYER_ATTRIBUTE_CHANGED / O=0;USER_NAME=ABEJA_IN_DA_JAUS:ABEJA_IN_DA_JAUS
got event: EVENT_PREGAME_PLAYER_ATTRIBUTE_CHANGED / B=2;USER_NAME=DominikCZZ:DominikCZZ
got event: EVENT_PREGAME_PLAYER_ATTRIBUTE_CHANGED / O=0;USER_NAME=DominikCZZ:DominikCZZ
got event: EVENT_PREGAME_PLAYER_ATTRIBUTE_CHANGED / B=0;USER_NAME=crashboomben:crashboomben
got event: EVENT_PREGAME_PLAYER_ATTRIBUTE_CHANGED / O=0;USER_NAME=crashboomben:crashboomben
got event: EVENT_PREGAME_PLAYER_ATTRIBUTE_CHANGED / B=1;USER_NAME=MagicDavids:MagicDavids
got event: EVENT_PREGAME_PLAYER_ATTRIBUTE_CHANGED / O=0;USER_NAME=MagicDavids:MagicDavids
got event: EVENT_PREGAME_PLAYER_ATTRIBUTE_CHANGED / B=2;USER_NAME=LpK-03:LpK-03
got event: EVENT_PREGAME_PLAYER_ATTRIBUTE_CHANGED / B=4;USER_NAME=M3rkner:M3rkner
got event: EVENT_PREGAME_PLAYER_ATTRIBUTE_CHANGED / O=0;USER_NAME=M3rkner:M3rkner
got event: EVENT_PREGAME_PLAYER_ATTRIBUTE_CHANGED / O=0;USER_NAME=LpK-03:LpK-03
got event: EVENT_PREGAME_PLAYER_ATTRIBUTE_CHANGED / B=5;USER_NAME=Raven-x20x-:Raven-x20x-
got event: EVENT_PREGAME_PLAYER_ATTRIBUTE_CHANGED / O=0;USER_NAME=Raven-x20x-:Raven-x20x-
got event: EVENT_PREGAME_PLAYER_ATTRIBUTE_CHANGED / B=6;USER_NAME=Txiky69:Txiky69
got event: EVENT_PREGAME_PLAYER_ATTRIBUTE_CHANGED / O=0;USER_NAME=Txiky69:Txiky69
got event: EVENT_PREGAME_PLAYER_ATTRIBUTE_CHANGED / B=4;USER_NAME=Oliverr24:Oliverr24
got event: EVENT_PREGAME_PLAYER_ATTRIBUTE_CHANGED / O=0;USER_NAME=Oliverr24:Oliverr24
got event: EVENT_PREGAME_PLAYER_ATTRIBUTE_CHANGED / B=7;USER_NAME=Juanitopl12:Juanitopl12
got event: EVENT_PREGAME_PLAYER_ATTRIBUTE_CHANGED / O=0;USER_NAME=Juanitopl12:Juanitopl12
got event: EVENT_PREGAME_PLAYER_ATTRIBUTE_CHANGED / B=1;USER_NAME=Rafa_PoliceMan:Rafa_PoliceMan
got event: EVENT_PREGAME_PLAYER_ATTRIBUTE_CHANGED / O=0;USER_NAME=Rafa_PoliceMan:Rafa_PoliceMan
got event: EVENT_PREGAME_PLAYER_ATTRIBUTE_CHANGED / B=3;USER_NAME=cany7:cany7
got event: EVENT_PREGAME_PLAYER_ATTRIBUTE_CHANGED / O=0;USER_NAME=cany7:cany7
